2018-03-05 19:27:35,468 [1] INFO  PhotonServerDemo.ServerEntry - [Log]Init Completed!
2018-03-05 19:27:35,482 [1] INFO  PhotonServerDemo.ServerEntry - [Server]Setup Completed!
2018-03-05 19:27:35,483 [1] INFO  Photon.SocketServer.ApplicationBase - Application start: AppId=PhotonServerDemo; AppPath=E:\Dev\MMORPGDemo\Server\PhotonServer\deploy\PhotonServerDemo, Type=PhotonServerDemo.ServerEntry 
2018-03-05 19:27:38,714 [11] INFO  PhotonServerDemo.ServerEntry - [Peer]Link Start!
2018-03-05 19:27:42,312 [10] ERROR Photon.SocketServer.PeerBase - exception during handling of data.Peer:T:Client,ConnId:0,ip:127.0.0.1:56370, Data: F3-02-01-00-02-01-73-00-05-61-64-6D-69-6E-02-73-00-06-31-32-33-34-35-36,
Exception:System.Data.Entity.Core.ProviderIncompatibleException: The provider did not return a ProviderManifestToken string. ---> MySql.Data.MySqlClient.MySqlException: Unable to connect to any of the specified MySQL hosts.
   在 MySql.Data.MySqlClient.NativeDriver.Open()
   在 MySql.Data.MySqlClient.Driver.Open()
   在 MySql.Data.MySqlClient.Driver.Create(MySqlConnectionStringBuilder settings)
   在 MySql.Data.MySqlClient.MySqlPool.CreateNewPooledConnection()
   在 MySql.Data.MySqlClient.MySqlPool.GetPooledConnection()
   在 MySql.Data.MySqlClient.MySqlPool.TryToGetDriver()
   在 MySql.Data.MySqlClient.MySqlPool.GetConnection()
   在 MySql.Data.MySqlClient.MySqlConnection.Open()
   在 MySql.Data.MySqlClient.MySqlProviderServices.GetDbProviderManifestToken(DbConnection connection)
   在 System.Data.Entity.Core.Common.DbProviderServices.GetProviderManifestToken(DbConnection connection)
   --- 内部异常堆栈跟踪的结尾 ---
   在 System.Data.Entity.Core.Common.DbProviderServices.GetProviderManifestToken(DbConnection connection)
   在 System.Data.Entity.Utilities.DbConnectionExtensions.GetProviderInfo(DbConnection connection, DbProviderManifest& providerManifest)
   在 System.Data.Entity.DbModelBuilder.Build(DbConnection providerConnection)
   在 System.Data.Entity.Internal.LazyInternalContext.CreateModel(LazyInternalContext internalContext)
   在 System.Data.Entity.Internal.RetryLazy`2.GetValue(TInput input)
   在 System.Data.Entity.Internal.LazyInternalContext.InitializeContext()
   在 System.Data.Entity.Internal.InternalContext.GetEntitySetAndBaseTypeForType(Type entityType)
   在 System.Data.Entity.Internal.Linq.InternalSet`1.Initialize()
   在 System.Data.Entity.Internal.Linq.InternalSet`1.get_InternalContext()
   在 System.Data.Entity.Infrastructure.DbQuery`1.System.Linq.IQueryable.get_Provider()
   在 System.Linq.Queryable.Where[TSource](IQueryable`1 source, Expression`1 predicate)
   在 PhotonServerDemo.Handler.LoginHandler.OnOperationRequest(OperationRequest operationRequest, SendParameters sendParameters, Client peer) 位置 E:\Dev\MMORPGDemo\Server\ServerDemo\PhotonServerDemo\Handler\LoginHandler.cs:行号 27
   在 PhotonServerDemo.Client.OnOperationRequest(OperationRequest operationRequest, SendParameters sendParameters) 位置 E:\Dev\MMORPGDemo\Server\ServerDemo\PhotonServerDemo\Client.cs:行号 43
   在 Photon.SocketServer.PeerBase.OnReceive(Byte[] data, SendParameters sendParameters) 位置 h:\svncontent\photon-socketserver-sdk_cloud\src\Photon.SocketServer\PeerBase.cs:行号 1243
   在 Photon.SocketServer.PeerBase.OnReceiveInternal(Byte[] data, SendParameters sendParameters, Int32 rtt, Int32 rttVariance, Int32 numFailures) 位置 h:\svncontent\photon-socketserver-sdk_cloud\src\Photon.SocketServer\PeerBase.cs:行号 988
2018-03-05 19:27:44,574 [11] ERROR Photon.SocketServer.PeerBase - exception during handling of data.Peer:T:Client,ConnId:0,ip:127.0.0.1:56370, Data: F3-02-03-00-01-00-69-00-00-00-00,
Exception:System.Data.Entity.Core.ProviderIncompatibleException: The provider did not return a ProviderManifestToken string. ---> MySql.Data.MySqlClient.MySqlException: Unable to connect to any of the specified MySQL hosts.
   在 MySql.Data.MySqlClient.NativeDriver.Open()
   在 MySql.Data.MySqlClient.Driver.Open()
   在 MySql.Data.MySqlClient.Driver.Create(MySqlConnectionStringBuilder settings)
   在 MySql.Data.MySqlClient.MySqlPool.CreateNewPooledConnection()
   在 MySql.Data.MySqlClient.MySqlPool.GetPooledConnection()
   在 MySql.Data.MySqlClient.MySqlPool.TryToGetDriver()
   在 MySql.Data.MySqlClient.MySqlPool.GetConnection()
   在 MySql.Data.MySqlClient.MySqlConnection.Open()
   在 MySql.Data.MySqlClient.MySqlProviderServices.GetDbProviderManifestToken(DbConnection connection)
   在 System.Data.Entity.Core.Common.DbProviderServices.GetProviderManifestToken(DbConnection connection)
   --- 内部异常堆栈跟踪的结尾 ---
   在 System.Data.Entity.Core.Common.DbProviderServices.GetProviderManifestToken(DbConnection connection)
   在 System.Data.Entity.Utilities.DbConnectionExtensions.GetProviderInfo(DbConnection connection, DbProviderManifest& providerManifest)
   在 System.Data.Entity.DbModelBuilder.Build(DbConnection providerConnection)
   在 System.Data.Entity.Internal.LazyInternalContext.CreateModel(LazyInternalContext internalContext)
   在 System.Data.Entity.Internal.RetryLazy`2.GetValue(TInput input)
   在 System.Data.Entity.Internal.LazyInternalContext.InitializeContext()
   在 System.Data.Entity.Internal.InternalContext.GetEntitySetAndBaseTypeForType(Type entityType)
   在 System.Data.Entity.Internal.Linq.InternalSet`1.Initialize()
   在 System.Data.Entity.Internal.Linq.InternalSet`1.get_InternalContext()
   在 System.Data.Entity.Infrastructure.DbQuery`1.System.Linq.IQueryable.get_Provider()
   在 System.Linq.Queryable.Where[TSource](IQueryable`1 source, Expression`1 predicate)
   在 PhotonServerDemo.Handler.GameUserHandler.OnOperationRequest(OperationRequest operationRequest, SendParameters sendParameters, Client peer) 位置 E:\Dev\MMORPGDemo\Server\ServerDemo\PhotonServerDemo\Handler\GameUserHandler.cs:行号 26
   在 PhotonServerDemo.Client.OnOperationRequest(OperationRequest operationRequest, SendParameters sendParameters) 位置 E:\Dev\MMORPGDemo\Server\ServerDemo\PhotonServerDemo\Client.cs:行号 43
   在 Photon.SocketServer.PeerBase.OnReceive(Byte[] data, SendParameters sendParameters) 位置 h:\svncontent\photon-socketserver-sdk_cloud\src\Photon.SocketServer\PeerBase.cs:行号 1243
   在 Photon.SocketServer.PeerBase.OnReceiveInternal(Byte[] data, SendParameters sendParameters, Int32 rtt, Int32 rttVariance, Int32 numFailures) 位置 h:\svncontent\photon-socketserver-sdk_cloud\src\Photon.SocketServer\PeerBase.cs:行号 988
2018-03-05 19:27:52,709 [13] INFO  PhotonServerDemo.ServerEntry - [Peer]Link Start!
2018-03-05 19:27:55,237 [10] ERROR Photon.SocketServer.PeerBase - exception during handling of data.Peer:T:Client,ConnId:1,ip:127.0.0.1:54342, Data: F3-02-01-00-02-01-73-00-05-61-64-6D-69-6E-02-73-00-06-31-32-33-34-35-36,
Exception:System.Data.Entity.Core.ProviderIncompatibleException: The provider did not return a ProviderManifestToken string. ---> MySql.Data.MySqlClient.MySqlException: Unable to connect to any of the specified MySQL hosts.
   在 MySql.Data.MySqlClient.NativeDriver.Open()
   在 MySql.Data.MySqlClient.Driver.Open()
   在 MySql.Data.MySqlClient.Driver.Create(MySqlConnectionStringBuilder settings)
   在 MySql.Data.MySqlClient.MySqlPool.CreateNewPooledConnection()
   在 MySql.Data.MySqlClient.MySqlPool.GetPooledConnection()
   在 MySql.Data.MySqlClient.MySqlPool.TryToGetDriver()
   在 MySql.Data.MySqlClient.MySqlPool.GetConnection()
   在 MySql.Data.MySqlClient.MySqlConnection.Open()
   在 MySql.Data.MySqlClient.MySqlProviderServices.GetDbProviderManifestToken(DbConnection connection)
   在 System.Data.Entity.Core.Common.DbProviderServices.GetProviderManifestToken(DbConnection connection)
   --- 内部异常堆栈跟踪的结尾 ---
   在 System.Data.Entity.Core.Common.DbProviderServices.GetProviderManifestToken(DbConnection connection)
   在 System.Data.Entity.Utilities.DbConnectionExtensions.GetProviderInfo(DbConnection connection, DbProviderManifest& providerManifest)
   在 System.Data.Entity.DbModelBuilder.Build(DbConnection providerConnection)
   在 System.Data.Entity.Internal.LazyInternalContext.CreateModel(LazyInternalContext internalContext)
   在 System.Data.Entity.Internal.RetryLazy`2.GetValue(TInput input)
   在 System.Data.Entity.Internal.LazyInternalContext.InitializeContext()
   在 System.Data.Entity.Internal.InternalContext.GetEntitySetAndBaseTypeForType(Type entityType)
   在 System.Data.Entity.Internal.Linq.InternalSet`1.Initialize()
   在 System.Data.Entity.Internal.Linq.InternalSet`1.get_InternalContext()
   在 System.Data.Entity.Infrastructure.DbQuery`1.System.Linq.IQueryable.get_Provider()
   在 System.Linq.Queryable.Where[TSource](IQueryable`1 source, Expression`1 predicate)
   在 PhotonServerDemo.Handler.LoginHandler.OnOperationRequest(OperationRequest operationRequest, SendParameters sendParameters, Client peer) 位置 E:\Dev\MMORPGDemo\Server\ServerDemo\PhotonServerDemo\Handler\LoginHandler.cs:行号 27
   在 PhotonServerDemo.Client.OnOperationRequest(OperationRequest operationRequest, SendParameters sendParameters) 位置 E:\Dev\MMORPGDemo\Server\ServerDemo\PhotonServerDemo\Client.cs:行号 43
   在 Photon.SocketServer.PeerBase.OnReceive(Byte[] data, SendParameters sendParameters) 位置 h:\svncontent\photon-socketserver-sdk_cloud\src\Photon.SocketServer\PeerBase.cs:行号 1243
   在 Photon.SocketServer.PeerBase.OnReceiveInternal(Byte[] data, SendParameters sendParameters, Int32 rtt, Int32 rttVariance, Int32 numFailures) 位置 h:\svncontent\photon-socketserver-sdk_cloud\src\Photon.SocketServer\PeerBase.cs:行号 988
2018-03-05 19:27:57,918 [11] ERROR Photon.SocketServer.PeerBase - exception during handling of data.Peer:T:Client,ConnId:1,ip:127.0.0.1:54342, Data: F3-02-03-00-01-00-69-00-00-00-00,
Exception:System.Data.Entity.Core.ProviderIncompatibleException: The provider did not return a ProviderManifestToken string. ---> MySql.Data.MySqlClient.MySqlException: Unable to connect to any of the specified MySQL hosts.
   在 MySql.Data.MySqlClient.NativeDriver.Open()
   在 MySql.Data.MySqlClient.Driver.Open()
   在 MySql.Data.MySqlClient.Driver.Create(MySqlConnectionStringBuilder settings)
   在 MySql.Data.MySqlClient.MySqlPool.CreateNewPooledConnection()
   在 MySql.Data.MySqlClient.MySqlPool.GetPooledConnection()
   在 MySql.Data.MySqlClient.MySqlPool.TryToGetDriver()
   在 MySql.Data.MySqlClient.MySqlPool.GetConnection()
   在 MySql.Data.MySqlClient.MySqlConnection.Open()
   在 MySql.Data.MySqlClient.MySqlProviderServices.GetDbProviderManifestToken(DbConnection connection)
   在 System.Data.Entity.Core.Common.DbProviderServices.GetProviderManifestToken(DbConnection connection)
   --- 内部异常堆栈跟踪的结尾 ---
   在 System.Data.Entity.Core.Common.DbProviderServices.GetProviderManifestToken(DbConnection connection)
   在 System.Data.Entity.Utilities.DbConnectionExtensions.GetProviderInfo(DbConnection connection, DbProviderManifest& providerManifest)
   在 System.Data.Entity.DbModelBuilder.Build(DbConnection providerConnection)
   在 System.Data.Entity.Internal.LazyInternalContext.CreateModel(LazyInternalContext internalContext)
   在 System.Data.Entity.Internal.RetryLazy`2.GetValue(TInput input)
   在 System.Data.Entity.Internal.LazyInternalContext.InitializeContext()
   在 System.Data.Entity.Internal.InternalContext.GetEntitySetAndBaseTypeForType(Type entityType)
   在 System.Data.Entity.Internal.Linq.InternalSet`1.Initialize()
   在 System.Data.Entity.Internal.Linq.InternalSet`1.get_InternalContext()
   在 System.Data.Entity.Infrastructure.DbQuery`1.System.Linq.IQueryable.get_Provider()
   在 System.Linq.Queryable.Where[TSource](IQueryable`1 source, Expression`1 predicate)
   在 PhotonServerDemo.Handler.GameUserHandler.OnOperationRequest(OperationRequest operationRequest, SendParameters sendParameters, Client peer) 位置 E:\Dev\MMORPGDemo\Server\ServerDemo\PhotonServerDemo\Handler\GameUserHandler.cs:行号 26
   在 PhotonServerDemo.Client.OnOperationRequest(OperationRequest operationRequest, SendParameters sendParameters) 位置 E:\Dev\MMORPGDemo\Server\ServerDemo\PhotonServerDemo\Client.cs:行号 43
   在 Photon.SocketServer.PeerBase.OnReceive(Byte[] data, SendParameters sendParameters) 位置 h:\svncontent\photon-socketserver-sdk_cloud\src\Photon.SocketServer\PeerBase.cs:行号 1243
   在 Photon.SocketServer.PeerBase.OnReceiveInternal(Byte[] data, SendParameters sendParameters, Int32 rtt, Int32 rttVariance, Int32 numFailures) 位置 h:\svncontent\photon-socketserver-sdk_cloud\src\Photon.SocketServer\PeerBase.cs:行号 988
2018-03-05 19:28:24,105 [14] INFO  PhotonServerDemo.ServerEntry - [Peer]Link Start!
2018-03-05 19:28:28,489 [11] ERROR Photon.SocketServer.PeerBase - exception during handling of data.Peer:T:Client,ConnId:2,ip:127.0.0.1:53002, Data: F3-02-03-00-01-00-69-00-00-00-00,
Exception:System.InvalidOperationException: 序列不包含任何元素
   在 System.Linq.Enumerable.Single[TSource](IEnumerable`1 source)
   在 PhotonServerDemo.Handler.GameUserHandler.OnOperationRequest(OperationRequest operationRequest, SendParameters sendParameters, Client peer) 位置 E:\Dev\MMORPGDemo\Server\ServerDemo\PhotonServerDemo\Handler\GameUserHandler.cs:行号 26
   在 PhotonServerDemo.Client.OnOperationRequest(OperationRequest operationRequest, SendParameters sendParameters) 位置 E:\Dev\MMORPGDemo\Server\ServerDemo\PhotonServerDemo\Client.cs:行号 43
   在 Photon.SocketServer.PeerBase.OnReceive(Byte[] data, SendParameters sendParameters) 位置 h:\svncontent\photon-socketserver-sdk_cloud\src\Photon.SocketServer\PeerBase.cs:行号 1243
   在 Photon.SocketServer.PeerBase.OnReceiveInternal(Byte[] data, SendParameters sendParameters, Int32 rtt, Int32 rttVariance, Int32 numFailures) 位置 h:\svncontent\photon-socketserver-sdk_cloud\src\Photon.SocketServer\PeerBase.cs:行号 988
2018-03-05 19:28:33,523 [14] INFO  PhotonServerDemo.ServerEntry - [Peer]Link Start!
2018-03-05 19:30:16,011 [11] INFO  PhotonServerDemo.ServerEntry - [Peer]Link Start!
2018-03-05 19:30:47,382 [1] INFO  Photon.SocketServer.ApplicationBase - Application is stopping: AppId=PhotonServerDemo
2018-03-05 19:30:47,386 [1] INFO  PhotonServerDemo.ServerEntry - [Server]TearDown Completed!
2018-03-05 19:30:47,386 [1] INFO  Photon.SocketServer.ApplicationBase - Application stop: AppId=PhotonServerDemo
2018-03-05 19:31:49,361 [1] INFO  PhotonServerDemo.ServerEntry - [Log]Init Completed!
2018-03-05 19:31:49,377 [1] INFO  PhotonServerDemo.ServerEntry - [Server]Setup Completed!
2018-03-05 19:31:49,378 [1] INFO  Photon.SocketServer.ApplicationBase - Application start: AppId=PhotonServerDemo; AppPath=E:\Dev\MMORPGDemo\Server\PhotonServer\deploy\PhotonServerDemo, Type=PhotonServerDemo.ServerEntry 
2018-03-05 19:31:54,332 [15] INFO  PhotonServerDemo.ServerEntry - [Peer]Link Start!
2018-03-05 19:31:58,131 [14] ERROR Photon.SocketServer.PeerBase - exception during handling of data.Peer:T:Client,ConnId:0,ip:127.0.0.1:55711, Data: F3-02-03-00-01-00-69-00-00-00-00,
Exception:System.InvalidOperationException: 序列不包含任何元素
   在 System.Linq.Enumerable.Single[TSource](IEnumerable`1 source)
   在 PhotonServerDemo.Handler.GameUserHandler.OnOperationRequest(OperationRequest operationRequest, SendParameters sendParameters, Client peer) 位置 E:\Dev\MMORPGDemo\Server\ServerDemo\PhotonServerDemo\Handler\GameUserHandler.cs:行号 26
   在 PhotonServerDemo.Client.OnOperationRequest(OperationRequest operationRequest, SendParameters sendParameters) 位置 E:\Dev\MMORPGDemo\Server\ServerDemo\PhotonServerDemo\Client.cs:行号 43
   在 Photon.SocketServer.PeerBase.OnReceive(Byte[] data, SendParameters sendParameters) 位置 h:\svncontent\photon-socketserver-sdk_cloud\src\Photon.SocketServer\PeerBase.cs:行号 1243
   在 Photon.SocketServer.PeerBase.OnReceiveInternal(Byte[] data, SendParameters sendParameters, Int32 rtt, Int32 rttVariance, Int32 numFailures) 位置 h:\svncontent\photon-socketserver-sdk_cloud\src\Photon.SocketServer\PeerBase.cs:行号 988
2018-03-05 19:32:02,521 [13] INFO  PhotonServerDemo.ServerEntry - [Peer]Link Start!
2018-03-05 19:32:05,573 [13] ERROR Photon.SocketServer.PeerBase - exception during handling of data.Peer:T:Client,ConnId:1,ip:127.0.0.1:51563, Data: F3-02-03-00-01-00-69-00-00-00-01,
Exception:System.NullReferenceException: 未将对象引用设置到对象的实例。
   在 PhotonServerDemo.Handler.GameUserHandler.OnOperationRequest(OperationRequest operationRequest, SendParameters sendParameters, Client peer) 位置 E:\Dev\MMORPGDemo\Server\ServerDemo\PhotonServerDemo\Handler\GameUserHandler.cs:行号 40
   在 PhotonServerDemo.Client.OnOperationRequest(OperationRequest operationRequest, SendParameters sendParameters) 位置 E:\Dev\MMORPGDemo\Server\ServerDemo\PhotonServerDemo\Client.cs:行号 43
   在 Photon.SocketServer.PeerBase.OnReceive(Byte[] data, SendParameters sendParameters) 位置 h:\svncontent\photon-socketserver-sdk_cloud\src\Photon.SocketServer\PeerBase.cs:行号 1243
   在 Photon.SocketServer.PeerBase.OnReceiveInternal(Byte[] data, SendParameters sendParameters, Int32 rtt, Int32 rttVariance, Int32 numFailures) 位置 h:\svncontent\photon-socketserver-sdk_cloud\src\Photon.SocketServer\PeerBase.cs:行号 988
2018-03-05 19:33:45,296 [1] INFO  Photon.SocketServer.ApplicationBase - Application is stopping: AppId=PhotonServerDemo
2018-03-05 19:33:45,306 [16] INFO  PhotonServerDemo.ServerEntry - [Server]TearDown Completed!
2018-03-05 19:33:45,306 [16] INFO  Photon.SocketServer.ApplicationBase - Application stop: AppId=PhotonServerDemo
2018-03-05 19:33:57,768 [1] INFO  PhotonServerDemo.ServerEntry - [Log]Init Completed!
2018-03-05 19:33:57,782 [1] INFO  PhotonServerDemo.ServerEntry - [Server]Setup Completed!
2018-03-05 19:33:57,783 [1] INFO  Photon.SocketServer.ApplicationBase - Application start: AppId=PhotonServerDemo; AppPath=E:\Dev\MMORPGDemo\Server\PhotonServer\deploy\PhotonServerDemo, Type=PhotonServerDemo.ServerEntry 
2018-03-05 19:34:05,282 [10] INFO  PhotonServerDemo.ServerEntry - [Peer]Link Start!
2018-03-05 19:34:12,435 [11] INFO  PhotonServerDemo.ServerEntry - [Peer]Link Start!
2018-03-05 19:34:15,478 [11] ERROR Photon.SocketServer.PeerBase - exception during handling of data.Peer:T:Client,ConnId:1,ip:127.0.0.1:60302, Data: F3-02-03-00-01-00-69-00-00-00-01,
Exception:System.NullReferenceException: 未将对象引用设置到对象的实例。
   在 PhotonServerDemo.Handler.GameUserHandler.OnOperationRequest(OperationRequest operationRequest, SendParameters sendParameters, Client peer) 位置 E:\Dev\MMORPGDemo\Server\ServerDemo\PhotonServerDemo\Handler\GameUserHandler.cs:行号 40
   在 PhotonServerDemo.Client.OnOperationRequest(OperationRequest operationRequest, SendParameters sendParameters) 位置 E:\Dev\MMORPGDemo\Server\ServerDemo\PhotonServerDemo\Client.cs:行号 43
   在 Photon.SocketServer.PeerBase.OnReceive(Byte[] data, SendParameters sendParameters) 位置 h:\svncontent\photon-socketserver-sdk_cloud\src\Photon.SocketServer\PeerBase.cs:行号 1243
   在 Photon.SocketServer.PeerBase.OnReceiveInternal(Byte[] data, SendParameters sendParameters, Int32 rtt, Int32 rttVariance, Int32 numFailures) 位置 h:\svncontent\photon-socketserver-sdk_cloud\src\Photon.SocketServer\PeerBase.cs:行号 988
2018-03-05 19:34:57,220 [1] INFO  Photon.SocketServer.ApplicationBase - Application is stopping: AppId=PhotonServerDemo
2018-03-05 19:34:57,223 [1] INFO  PhotonServerDemo.ServerEntry - [Server]TearDown Completed!
2018-03-05 19:34:57,223 [1] INFO  Photon.SocketServer.ApplicationBase - Application stop: AppId=PhotonServerDemo
2018-03-05 19:37:14,883 [1] INFO  PhotonServerDemo.ServerEntry - [Log]Init Completed!
2018-03-05 19:37:14,898 [1] INFO  PhotonServerDemo.ServerEntry - [Server]Setup Completed!
2018-03-05 19:37:14,899 [1] INFO  Photon.SocketServer.ApplicationBase - Application start: AppId=PhotonServerDemo; AppPath=E:\Dev\MMORPGDemo\Server\PhotonServer\deploy\PhotonServerDemo, Type=PhotonServerDemo.ServerEntry 
2018-03-05 19:37:18,185 [12] INFO  PhotonServerDemo.ServerEntry - [Peer]Link Start!
2018-03-05 19:37:21,982 [13] ERROR Photon.SocketServer.PeerBase - exception during handling of data.Peer:T:Client,ConnId:0,ip:127.0.0.1:63064, Data: F3-02-03-00-01-00-69-00-00-00-00,
Exception:System.NullReferenceException: 未将对象引用设置到对象的实例。
   在 PhotonServerDemo.Handler.GameUserHandler.OnOperationRequest(OperationRequest operationRequest, SendParameters sendParameters, Client peer) 位置 E:\Dev\MMORPGDemo\Server\ServerDemo\PhotonServerDemo\Handler\GameUserHandler.cs:行号 30
   在 PhotonServerDemo.Client.OnOperationRequest(OperationRequest operationRequest, SendParameters sendParameters) 位置 E:\Dev\MMORPGDemo\Server\ServerDemo\PhotonServerDemo\Client.cs:行号 43
   在 Photon.SocketServer.PeerBase.OnReceive(Byte[] data, SendParameters sendParameters) 位置 h:\svncontent\photon-socketserver-sdk_cloud\src\Photon.SocketServer\PeerBase.cs:行号 1243
   在 Photon.SocketServer.PeerBase.OnReceiveInternal(Byte[] data, SendParameters sendParameters, Int32 rtt, Int32 rttVariance, Int32 numFailures) 位置 h:\svncontent\photon-socketserver-sdk_cloud\src\Photon.SocketServer\PeerBase.cs:行号 988
2018-03-05 19:37:26,301 [15] INFO  PhotonServerDemo.ServerEntry - [Peer]Link Start!
2018-03-05 19:37:29,334 [15] INFO  PhotonServerDemo.ServerEntry - 
2018-03-05 19:37:29,335 [15] ERROR Photon.SocketServer.PeerBase - exception during handling of data.Peer:T:Client,ConnId:1,ip:127.0.0.1:54456, Data: F3-02-03-00-01-00-69-00-00-00-01,
Exception:System.NullReferenceException: 未将对象引用设置到对象的实例。
   在 PhotonServerDemo.Handler.GameUserHandler.OnOperationRequest(OperationRequest operationRequest, SendParameters sendParameters, Client peer) 位置 E:\Dev\MMORPGDemo\Server\ServerDemo\PhotonServerDemo\Handler\GameUserHandler.cs:行号 42
   在 PhotonServerDemo.Client.OnOperationRequest(OperationRequest operationRequest, SendParameters sendParameters) 位置 E:\Dev\MMORPGDemo\Server\ServerDemo\PhotonServerDemo\Client.cs:行号 43
   在 Photon.SocketServer.PeerBase.OnReceive(Byte[] data, SendParameters sendParameters) 位置 h:\svncontent\photon-socketserver-sdk_cloud\src\Photon.SocketServer\PeerBase.cs:行号 1243
   在 Photon.SocketServer.PeerBase.OnReceiveInternal(Byte[] data, SendParameters sendParameters, Int32 rtt, Int32 rttVariance, Int32 numFailures) 位置 h:\svncontent\photon-socketserver-sdk_cloud\src\Photon.SocketServer\PeerBase.cs:行号 988
2018-03-05 19:45:39,587 [18] INFO  Photon.SocketServer.ApplicationBase - Application is stopping: AppId=PhotonServerDemo
2018-03-05 19:45:39,590 [16] INFO  PhotonServerDemo.ServerEntry - [Server]TearDown Completed!
2018-03-05 19:45:39,590 [16] INFO  Photon.SocketServer.ApplicationBase - Application stop: AppId=PhotonServerDemo
2018-03-05 19:45:46,301 [1] INFO  Photon.SocketServer.ApplicationBase - Application is stopping: AppId=PhotonServerDemo
2018-03-05 19:45:46,326 [1] INFO  PhotonServerDemo.ServerEntry - [Server]TearDown Completed!
2018-03-05 19:45:46,326 [1] INFO  Photon.SocketServer.ApplicationBase - Application stop: AppId=PhotonServerDemo
2018-03-05 19:45:53,107 [1] INFO  PhotonServerDemo.ServerEntry - [Log]Init Completed!
2018-03-05 19:45:53,121 [1] INFO  PhotonServerDemo.ServerEntry - [Server]Setup Completed!
2018-03-05 19:45:53,123 [1] INFO  Photon.SocketServer.ApplicationBase - Application start: AppId=PhotonServerDemo; AppPath=E:\Dev\MMORPGDemo\Server\PhotonServer\deploy\PhotonServerDemo, Type=PhotonServerDemo.ServerEntry 
2018-03-05 19:46:06,216 [12] INFO  PhotonServerDemo.ServerEntry - [Peer]Link Start!
2018-03-05 19:46:12,084 [11] INFO  PhotonServerDemo.ServerEntry - [Peer]Link Start!
2018-03-05 19:46:15,320 [12] INFO  PhotonServerDemo.ServerEntry - 
2018-03-05 19:46:15,321 [12] ERROR Photon.SocketServer.PeerBase - exception during handling of data.Peer:T:Client,ConnId:1,ip:127.0.0.1:52164, Data: F3-02-03-00-01-00-69-00-00-00-01,
Exception:System.NullReferenceException: 未将对象引用设置到对象的实例。
   在 PhotonServerDemo.Handler.GameUserHandler.OnOperationRequest(OperationRequest operationRequest, SendParameters sendParameters, Client peer) 位置 E:\Dev\MMORPGDemo\Server\ServerDemo\PhotonServerDemo\Handler\GameUserHandler.cs:行号 44
   在 PhotonServerDemo.Client.OnOperationRequest(OperationRequest operationRequest, SendParameters sendParameters) 位置 E:\Dev\MMORPGDemo\Server\ServerDemo\PhotonServerDemo\Client.cs:行号 43
   在 Photon.SocketServer.PeerBase.OnReceive(Byte[] data, SendParameters sendParameters) 位置 h:\svncontent\photon-socketserver-sdk_cloud\src\Photon.SocketServer\PeerBase.cs:行号 1243
   在 Photon.SocketServer.PeerBase.OnReceiveInternal(Byte[] data, SendParameters sendParameters, Int32 rtt, Int32 rttVariance, Int32 numFailures) 位置 h:\svncontent\photon-socketserver-sdk_cloud\src\Photon.SocketServer\PeerBase.cs:行号 988
2018-03-05 19:47:47,628 [19] INFO  Photon.SocketServer.ApplicationBase - Application is stopping: AppId=PhotonServerDemo
2018-03-05 19:47:47,630 [15] INFO  PhotonServerDemo.ServerEntry - [Server]TearDown Completed!
2018-03-05 19:47:47,630 [15] INFO  Photon.SocketServer.ApplicationBase - Application stop: AppId=PhotonServerDemo
2018-03-05 19:47:53,897 [1] INFO  Photon.SocketServer.ApplicationBase - Application is stopping: AppId=PhotonServerDemo
2018-03-05 19:47:53,919 [1] INFO  PhotonServerDemo.ServerEntry - [Server]TearDown Completed!
2018-03-05 19:47:53,919 [1] INFO  Photon.SocketServer.ApplicationBase - Application stop: AppId=PhotonServerDemo
2018-03-05 19:48:00,624 [1] INFO  PhotonServerDemo.ServerEntry - [Log]Init Completed!
2018-03-05 19:48:00,638 [1] INFO  PhotonServerDemo.ServerEntry - [Server]Setup Completed!
2018-03-05 19:48:00,639 [1] INFO  Photon.SocketServer.ApplicationBase - Application start: AppId=PhotonServerDemo; AppPath=E:\Dev\MMORPGDemo\Server\PhotonServer\deploy\PhotonServerDemo, Type=PhotonServerDemo.ServerEntry 
2018-03-05 19:48:03,741 [13] INFO  PhotonServerDemo.ServerEntry - [Peer]Link Start!
2018-03-05 19:48:08,150 [10] INFO  PhotonServerDemo.ServerEntry - [Peer]Link Start!
2018-03-05 19:48:11,397 [14] ERROR Photon.SocketServer.PeerBase - exception during handling of data.Peer:T:Client,ConnId:1,ip:127.0.0.1:65112, Data: F3-02-03-00-01-00-69-00-00-00-01,
Exception:System.NullReferenceException: 未将对象引用设置到对象的实例。
   在 PhotonServerDemo.Handler.GameUserHandler.OnOperationRequest(OperationRequest operationRequest, SendParameters sendParameters, Client peer) 位置 E:\Dev\MMORPGDemo\Server\ServerDemo\PhotonServerDemo\Handler\GameUserHandler.cs:行号 32
   在 PhotonServerDemo.Client.OnOperationRequest(OperationRequest operationRequest, SendParameters sendParameters) 位置 E:\Dev\MMORPGDemo\Server\ServerDemo\PhotonServerDemo\Client.cs:行号 43
   在 Photon.SocketServer.PeerBase.OnReceive(Byte[] data, SendParameters sendParameters) 位置 h:\svncontent\photon-socketserver-sdk_cloud\src\Photon.SocketServer\PeerBase.cs:行号 1243
   在 Photon.SocketServer.PeerBase.OnReceiveInternal(Byte[] data, SendParameters sendParameters, Int32 rtt, Int32 rttVariance, Int32 numFailures) 位置 h:\svncontent\photon-socketserver-sdk_cloud\src\Photon.SocketServer\PeerBase.cs:行号 988
2018-03-05 19:51:11,179 [1] INFO  Photon.SocketServer.ApplicationBase - Application is stopping: AppId=PhotonServerDemo
2018-03-05 19:51:11,183 [1] INFO  PhotonServerDemo.ServerEntry - [Server]TearDown Completed!
2018-03-05 19:51:11,183 [1] INFO  Photon.SocketServer.ApplicationBase - Application stop: AppId=PhotonServerDemo
2018-03-05 19:55:41,041 [1] INFO  PhotonServerDemo.ServerEntry - [Log]Init Completed!
2018-03-05 19:55:41,059 [1] INFO  PhotonServerDemo.ServerEntry - [Server]Setup Completed!
2018-03-05 19:55:41,061 [1] INFO  Photon.SocketServer.ApplicationBase - Application start: AppId=PhotonServerDemo; AppPath=E:\Dev\MMORPGDemo\Server\PhotonServer\deploy\PhotonServerDemo, Type=PhotonServerDemo.ServerEntry 
2018-03-05 19:55:48,104 [14] INFO  PhotonServerDemo.ServerEntry - [Peer]Link Start!
2018-03-05 19:55:52,043 [11] ERROR Photon.SocketServer.PeerBase - exception during handling of data.Peer:T:Client,ConnId:0,ip:127.0.0.1:53220, Data: F3-02-03-00-01-00-69-00-00-00-00,
Exception:System.NullReferenceException: 未将对象引用设置到对象的实例。
   在 PhotonServerDemo.Handler.GameUserHandler.OnOperationRequest(OperationRequest operationRequest, SendParameters sendParameters, Client peer) 位置 E:\Dev\MMORPGDemo\Server\ServerDemo\PhotonServerDemo\Handler\GameUserHandler.cs:行号 32
   在 PhotonServerDemo.Client.OnOperationRequest(OperationRequest operationRequest, SendParameters sendParameters) 位置 E:\Dev\MMORPGDemo\Server\ServerDemo\PhotonServerDemo\Client.cs:行号 43
   在 Photon.SocketServer.PeerBase.OnReceive(Byte[] data, SendParameters sendParameters) 位置 h:\svncontent\photon-socketserver-sdk_cloud\src\Photon.SocketServer\PeerBase.cs:行号 1243
   在 Photon.SocketServer.PeerBase.OnReceiveInternal(Byte[] data, SendParameters sendParameters, Int32 rtt, Int32 rttVariance, Int32 numFailures) 位置 h:\svncontent\photon-socketserver-sdk_cloud\src\Photon.SocketServer\PeerBase.cs:行号 988
2018-03-05 19:55:55,546 [14] INFO  PhotonServerDemo.ServerEntry - [Peer]Link Start!
2018-03-05 19:55:58,712 [15] ERROR Photon.SocketServer.PeerBase - exception during handling of data.Peer:T:Client,ConnId:1,ip:127.0.0.1:58792, Data: F3-02-03-00-01-00-69-00-00-00-01,
Exception:System.NullReferenceException: 未将对象引用设置到对象的实例。
   在 PhotonServerDemo.Handler.GameUserHandler.OnOperationRequest(OperationRequest operationRequest, SendParameters sendParameters, Client peer) 位置 E:\Dev\MMORPGDemo\Server\ServerDemo\PhotonServerDemo\Handler\GameUserHandler.cs:行号 32
   在 PhotonServerDemo.Client.OnOperationRequest(OperationRequest operationRequest, SendParameters sendParameters) 位置 E:\Dev\MMORPGDemo\Server\ServerDemo\PhotonServerDemo\Client.cs:行号 43
   在 Photon.SocketServer.PeerBase.OnReceive(Byte[] data, SendParameters sendParameters) 位置 h:\svncontent\photon-socketserver-sdk_cloud\src\Photon.SocketServer\PeerBase.cs:行号 1243
   在 Photon.SocketServer.PeerBase.OnReceiveInternal(Byte[] data, SendParameters sendParameters, Int32 rtt, Int32 rttVariance, Int32 numFailures) 位置 h:\svncontent\photon-socketserver-sdk_cloud\src\Photon.SocketServer\PeerBase.cs:行号 988
2018-03-05 19:58:16,367 [1] INFO  Photon.SocketServer.ApplicationBase - Application is stopping: AppId=PhotonServerDemo
2018-03-05 19:58:16,371 [1] INFO  PhotonServerDemo.ServerEntry - [Server]TearDown Completed!
2018-03-05 19:58:16,371 [1] INFO  Photon.SocketServer.ApplicationBase - Application stop: AppId=PhotonServerDemo
2018-03-05 19:58:23,900 [1] INFO  PhotonServerDemo.ServerEntry - [Log]Init Completed!
2018-03-05 19:58:23,914 [1] INFO  PhotonServerDemo.ServerEntry - [Server]Setup Completed!
2018-03-05 19:58:23,915 [1] INFO  Photon.SocketServer.ApplicationBase - Application start: AppId=PhotonServerDemo; AppPath=E:\Dev\MMORPGDemo\Server\PhotonServer\deploy\PhotonServerDemo, Type=PhotonServerDemo.ServerEntry 
2018-03-05 19:58:27,081 [14] INFO  PhotonServerDemo.ServerEntry - [Peer]Link Start!
2018-03-05 19:58:30,957 [13] ERROR Photon.SocketServer.PeerBase - exception during handling of data.Peer:T:Client,ConnId:0,ip:127.0.0.1:51121, Data: F3-02-03-00-01-00-69-00-00-00-00,
Exception:System.NullReferenceException: 未将对象引用设置到对象的实例。
   在 PhotonServerDemo.Handler.GameUserHandler.OnOperationRequest(OperationRequest operationRequest, SendParameters sendParameters, Client peer) 位置 E:\Dev\MMORPGDemo\Server\ServerDemo\PhotonServerDemo\Handler\GameUserHandler.cs:行号 32
   在 PhotonServerDemo.Client.OnOperationRequest(OperationRequest operationRequest, SendParameters sendParameters) 位置 E:\Dev\MMORPGDemo\Server\ServerDemo\PhotonServerDemo\Client.cs:行号 43
   在 Photon.SocketServer.PeerBase.OnReceive(Byte[] data, SendParameters sendParameters) 位置 h:\svncontent\photon-socketserver-sdk_cloud\src\Photon.SocketServer\PeerBase.cs:行号 1243
   在 Photon.SocketServer.PeerBase.OnReceiveInternal(Byte[] data, SendParameters sendParameters, Int32 rtt, Int32 rttVariance, Int32 numFailures) 位置 h:\svncontent\photon-socketserver-sdk_cloud\src\Photon.SocketServer\PeerBase.cs:行号 988
2018-03-05 19:58:34,781 [12] INFO  PhotonServerDemo.ServerEntry - [Peer]Link Start!
2018-03-05 19:58:37,900 [10] INFO  PhotonServerDemo.ServerEntry - -----------------
2018-03-05 19:58:37,900 [10] ERROR Photon.SocketServer.PeerBase - exception during handling of data.Peer:T:Client,ConnId:1,ip:127.0.0.1:52103, Data: F3-02-03-00-01-00-69-00-00-00-01,
Exception:System.NullReferenceException: 未将对象引用设置到对象的实例。
   在 PhotonServerDemo.Handler.GameUserHandler.OnOperationRequest(OperationRequest operationRequest, SendParameters sendParameters, Client peer) 位置 E:\Dev\MMORPGDemo\Server\ServerDemo\PhotonServerDemo\Handler\GameUserHandler.cs:行号 44
   在 PhotonServerDemo.Client.OnOperationRequest(OperationRequest operationRequest, SendParameters sendParameters) 位置 E:\Dev\MMORPGDemo\Server\ServerDemo\PhotonServerDemo\Client.cs:行号 43
   在 Photon.SocketServer.PeerBase.OnReceive(Byte[] data, SendParameters sendParameters) 位置 h:\svncontent\photon-socketserver-sdk_cloud\src\Photon.SocketServer\PeerBase.cs:行号 1243
   在 Photon.SocketServer.PeerBase.OnReceiveInternal(Byte[] data, SendParameters sendParameters, Int32 rtt, Int32 rttVariance, Int32 numFailures) 位置 h:\svncontent\photon-socketserver-sdk_cloud\src\Photon.SocketServer\PeerBase.cs:行号 988
2018-03-05 19:59:02,606 [1] INFO  Photon.SocketServer.ApplicationBase - Application is stopping: AppId=PhotonServerDemo
2018-03-05 19:59:02,610 [1] INFO  PhotonServerDemo.ServerEntry - [Server]TearDown Completed!
2018-03-05 19:59:02,611 [1] INFO  Photon.SocketServer.ApplicationBase - Application stop: AppId=PhotonServerDemo
2018-03-05 19:59:14,201 [1] INFO  PhotonServerDemo.ServerEntry - [Log]Init Completed!
2018-03-05 19:59:14,215 [1] INFO  PhotonServerDemo.ServerEntry - [Server]Setup Completed!
2018-03-05 19:59:14,216 [1] INFO  Photon.SocketServer.ApplicationBase - Application start: AppId=PhotonServerDemo; AppPath=E:\Dev\MMORPGDemo\Server\PhotonServer\deploy\PhotonServerDemo, Type=PhotonServerDemo.ServerEntry 
2018-03-05 19:59:17,353 [12] INFO  PhotonServerDemo.ServerEntry - [Peer]Link Start!
2018-03-05 19:59:25,897 [13] INFO  PhotonServerDemo.ServerEntry - [Peer]Link Start!
2018-03-05 19:59:51,556 [13] INFO  PhotonServerDemo.ServerEntry - [Peer]Link Start!
2018-03-05 20:00:57,466 [13] INFO  PhotonServerDemo.ServerEntry - [Peer]Link Start!
2018-03-05 20:01:41,411 [11] INFO  PhotonServerDemo.ServerEntry - [Peer]Link Start!
2018-03-05 20:10:22,845 [1] INFO  Photon.SocketServer.ApplicationBase - Application is stopping: AppId=PhotonServerDemo
2018-03-05 20:10:22,850 [1] INFO  PhotonServerDemo.ServerEntry - [Server]TearDown Completed!
2018-03-05 20:10:22,850 [1] INFO  Photon.SocketServer.ApplicationBase - Application stop: AppId=PhotonServerDemo
2018-03-05 20:19:39,485 [1] INFO  PhotonServerDemo.ServerEntry - [Log]Init Completed!
2018-03-05 20:19:42,921 [1] INFO  PhotonServerDemo.ServerEntry - [Server]Setup Completed!
2018-03-05 20:19:42,923 [1] INFO  Photon.SocketServer.ApplicationBase - Application start: AppId=PhotonServerDemo; AppPath=E:\Dev\MMORPGDemo\Server\PhotonServer\deploy\PhotonServerDemo, Type=PhotonServerDemo.ServerEntry 
2018-03-05 20:19:42,968 [10] INFO  PhotonServerDemo.ServerEntry - [Peer]Link Start!
2018-03-05 20:19:53,558 [13] ERROR Photon.SocketServer.PeerBase - exception during handling of data.Peer:T:Client,ConnId:0,ip:127.0.0.1:58649, Data: F3-02-01-00-02-01-73-00-05-61-64-6D-69-6E-02-73-00-06-31-32-33-34-35-36,
Exception:System.TypeInitializationException: “System.Data.Entity.Internal.AppConfig”的类型初始值设定项引发异常。 ---> System.Configuration.ConfigurationErrorsException: 创建 entityFramework 的配置节处理程序时出错: 未能加载文件或程序集“EntityFramework, Version=6.0.0.0, Culture=neutral, PublicKeyToken=b77a5c561934e089”或它的某一个依赖项。系统找不到指定的文件。 (E:\Dev\MMORPGDemo\Server\PhotonServer\deploy\PhotonServerDemo\bin\PhotonServerDemo.dll.config line 5) ---> System.IO.FileNotFoundException: 未能加载文件或程序集“EntityFramework, Version=6.0.0.0, Culture=neutral, PublicKeyToken=b77a5c561934e089”或它的某一个依赖项。系统找不到指定的文件。
   在 System.Configuration.TypeUtil.GetTypeWithReflectionPermission(IInternalConfigHost host, String typeString, Boolean throwOnError)
   在 System.Configuration.RuntimeConfigurationRecord.RuntimeConfigurationFactory.Init(RuntimeConfigurationRecord configRecord, FactoryRecord factoryRecord)
   在 System.Configuration.RuntimeConfigurationRecord.RuntimeConfigurationFactory.InitWithRestrictedPermissions(RuntimeConfigurationRecord configRecord, FactoryRecord factoryRecord)
   在 System.Configuration.RuntimeConfigurationRecord.CreateSectionFactory(FactoryRecord factoryRecord)
   在 System.Configuration.BaseConfigurationRecord.FindAndEnsureFactoryRecord(String configKey, Boolean& isRootDeclaredHere)
   --- 内部异常堆栈跟踪的结尾 ---
   在 System.Configuration.BaseConfigurationRecord.FindAndEnsureFactoryRecord(String configKey, Boolean& isRootDeclaredHere)
   在 System.Configuration.BaseConfigurationRecord.GetSectionRecursive(String configKey, Boolean getLkg, Boolean checkPermission, Boolean getRuntimeObject, Boolean requestIsHere, Object& result, Object& resultRuntimeObject)
   在 System.Configuration.BaseConfigurationRecord.GetSection(String configKey)
   在 System.Configuration.ConfigurationManager.GetSection(String sectionName)
   在 System.Data.Entity.Internal.AppConfig..ctor()
   在 System.Data.Entity.Internal.AppConfig..cctor()
   --- 内部异常堆栈跟踪的结尾 ---
   在 System.Data.Entity.DbContext..ctor(String nameOrConnectionString)
   在 PhotonServerDemo.DLL.MySqlContext..ctor() 位置 E:\Dev\MMORPGDemo\Server\ServerDemo\PhotonServerDemo\DLL\MySqlContext.cs:行号 26
   在 PhotonServerDemo.Handler.LoginHandler.OnOperationRequest(OperationRequest operationRequest, SendParameters sendParameters, Client peer) 位置 E:\Dev\MMORPGDemo\Server\ServerDemo\PhotonServerDemo\Handler\LoginHandler.cs:行号 25
   在 PhotonServerDemo.Client.OnOperationRequest(OperationRequest operationRequest, SendParameters sendParameters) 位置 E:\Dev\MMORPGDemo\Server\ServerDemo\PhotonServerDemo\Client.cs:行号 43
   在 Photon.SocketServer.PeerBase.OnReceive(Byte[] data, SendParameters sendParameters) 位置 h:\svncontent\photon-socketserver-sdk_cloud\src\Photon.SocketServer\PeerBase.cs:行号 1243
   在 Photon.SocketServer.PeerBase.OnReceiveInternal(Byte[] data, SendParameters sendParameters, Int32 rtt, Int32 rttVariance, Int32 numFailures) 位置 h:\svncontent\photon-socketserver-sdk_cloud\src\Photon.SocketServer\PeerBase.cs:行号 988
2018-03-05 20:19:55,024 [13] ERROR Photon.SocketServer.PeerBase - exception during handling of data.Peer:T:Client,ConnId:0,ip:127.0.0.1:58649, Data: F3-02-03-00-01-00-69-00-00-00-00,
Exception:System.TypeInitializationException: “System.Data.Entity.Internal.AppConfig”的类型初始值设定项引发异常。 ---> System.Configuration.ConfigurationErrorsException: 创建 entityFramework 的配置节处理程序时出错: 未能加载文件或程序集“EntityFramework, Version=6.0.0.0, Culture=neutral, PublicKeyToken=b77a5c561934e089”或它的某一个依赖项。系统找不到指定的文件。 (E:\Dev\MMORPGDemo\Server\PhotonServer\deploy\PhotonServerDemo\bin\PhotonServerDemo.dll.config line 5) ---> System.IO.FileNotFoundException: 未能加载文件或程序集“EntityFramework, Version=6.0.0.0, Culture=neutral, PublicKeyToken=b77a5c561934e089”或它的某一个依赖项。系统找不到指定的文件。
   在 System.Configuration.TypeUtil.GetTypeWithReflectionPermission(IInternalConfigHost host, String typeString, Boolean throwOnError)
   在 System.Configuration.RuntimeConfigurationRecord.RuntimeConfigurationFactory.Init(RuntimeConfigurationRecord configRecord, FactoryRecord factoryRecord)
   在 System.Configuration.RuntimeConfigurationRecord.RuntimeConfigurationFactory.InitWithRestrictedPermissions(RuntimeConfigurationRecord configRecord, FactoryRecord factoryRecord)
   在 System.Configuration.RuntimeConfigurationRecord.CreateSectionFactory(FactoryRecord factoryRecord)
   在 System.Configuration.BaseConfigurationRecord.FindAndEnsureFactoryRecord(String configKey, Boolean& isRootDeclaredHere)
   --- 内部异常堆栈跟踪的结尾 ---
   在 System.Configuration.BaseConfigurationRecord.FindAndEnsureFactoryRecord(String configKey, Boolean& isRootDeclaredHere)
   在 System.Configuration.BaseConfigurationRecord.GetSectionRecursive(String configKey, Boolean getLkg, Boolean checkPermission, Boolean getRuntimeObject, Boolean requestIsHere, Object& result, Object& resultRuntimeObject)
   在 System.Configuration.BaseConfigurationRecord.GetSection(String configKey)
   在 System.Configuration.ConfigurationManager.GetSection(String sectionName)
   在 System.Data.Entity.Internal.AppConfig..ctor()
   在 System.Data.Entity.Internal.AppConfig..cctor()
   --- 内部异常堆栈跟踪的结尾 ---
   在 System.Data.Entity.DbContext..ctor(String nameOrConnectionString)
   在 PhotonServerDemo.DLL.MySqlContext..ctor() 位置 E:\Dev\MMORPGDemo\Server\ServerDemo\PhotonServerDemo\DLL\MySqlContext.cs:行号 26
   在 PhotonServerDemo.Handler.GameUserHandler.OnOperationRequest(OperationRequest operationRequest, SendParameters sendParameters, Client peer) 位置 E:\Dev\MMORPGDemo\Server\ServerDemo\PhotonServerDemo\Handler\GameUserHandler.cs:行号 24
   在 PhotonServerDemo.Client.OnOperationRequest(OperationRequest operationRequest, SendParameters sendParameters) 位置 E:\Dev\MMORPGDemo\Server\ServerDemo\PhotonServerDemo\Client.cs:行号 43
   在 Photon.SocketServer.PeerBase.OnReceive(Byte[] data, SendParameters sendParameters) 位置 h:\svncontent\photon-socketserver-sdk_cloud\src\Photon.SocketServer\PeerBase.cs:行号 1243
   在 Photon.SocketServer.PeerBase.OnReceiveInternal(Byte[] data, SendParameters sendParameters, Int32 rtt, Int32 rttVariance, Int32 numFailures) 位置 h:\svncontent\photon-socketserver-sdk_cloud\src\Photon.SocketServer\PeerBase.cs:行号 988
2018-03-05 20:20:03,538 [10] INFO  PhotonServerDemo.ServerEntry - [Peer]Link Start!
2018-03-05 20:20:16,404 [12] ERROR Photon.SocketServer.PeerBase - exception during handling of data.Peer:T:Client,ConnId:1,ip:127.0.0.1:55780, Data: F3-02-01-00-02-01-73-00-05-61-64-6D-69-6E-02-73-00-06-31-32-33-34-35-36,
Exception:System.TypeInitializationException: “System.Data.Entity.Internal.AppConfig”的类型初始值设定项引发异常。 ---> System.Configuration.ConfigurationErrorsException: 创建 entityFramework 的配置节处理程序时出错: 未能加载文件或程序集“EntityFramework, Version=6.0.0.0, Culture=neutral, PublicKeyToken=b77a5c561934e089”或它的某一个依赖项。系统找不到指定的文件。 (E:\Dev\MMORPGDemo\Server\PhotonServer\deploy\PhotonServerDemo\bin\PhotonServerDemo.dll.config line 5) ---> System.IO.FileNotFoundException: 未能加载文件或程序集“EntityFramework, Version=6.0.0.0, Culture=neutral, PublicKeyToken=b77a5c561934e089”或它的某一个依赖项。系统找不到指定的文件。
   在 System.Configuration.TypeUtil.GetTypeWithReflectionPermission(IInternalConfigHost host, String typeString, Boolean throwOnError)
   在 System.Configuration.RuntimeConfigurationRecord.RuntimeConfigurationFactory.Init(RuntimeConfigurationRecord configRecord, FactoryRecord factoryRecord)
   在 System.Configuration.RuntimeConfigurationRecord.RuntimeConfigurationFactory.InitWithRestrictedPermissions(RuntimeConfigurationRecord configRecord, FactoryRecord factoryRecord)
   在 System.Configuration.RuntimeConfigurationRecord.CreateSectionFactory(FactoryRecord factoryRecord)
   在 System.Configuration.BaseConfigurationRecord.FindAndEnsureFactoryRecord(String configKey, Boolean& isRootDeclaredHere)
   --- 内部异常堆栈跟踪的结尾 ---
   在 System.Configuration.BaseConfigurationRecord.FindAndEnsureFactoryRecord(String configKey, Boolean& isRootDeclaredHere)
   在 System.Configuration.BaseConfigurationRecord.GetSectionRecursive(String configKey, Boolean getLkg, Boolean checkPermission, Boolean getRuntimeObject, Boolean requestIsHere, Object& result, Object& resultRuntimeObject)
   在 System.Configuration.BaseConfigurationRecord.GetSection(String configKey)
   在 System.Configuration.ConfigurationManager.GetSection(String sectionName)
   在 System.Data.Entity.Internal.AppConfig..ctor()
   在 System.Data.Entity.Internal.AppConfig..cctor()
   --- 内部异常堆栈跟踪的结尾 ---
   在 System.Data.Entity.DbContext..ctor(String nameOrConnectionString)
   在 PhotonServerDemo.DLL.MySqlContext..ctor() 位置 E:\Dev\MMORPGDemo\Server\ServerDemo\PhotonServerDemo\DLL\MySqlContext.cs:行号 26
   在 PhotonServerDemo.Handler.LoginHandler.OnOperationRequest(OperationRequest operationRequest, SendParameters sendParameters, Client peer) 位置 E:\Dev\MMORPGDemo\Server\ServerDemo\PhotonServerDemo\Handler\LoginHandler.cs:行号 25
   在 PhotonServerDemo.Client.OnOperationRequest(OperationRequest operationRequest, SendParameters sendParameters) 位置 E:\Dev\MMORPGDemo\Server\ServerDemo\PhotonServerDemo\Client.cs:行号 43
   在 Photon.SocketServer.PeerBase.OnReceive(Byte[] data, SendParameters sendParameters) 位置 h:\svncontent\photon-socketserver-sdk_cloud\src\Photon.SocketServer\PeerBase.cs:行号 1243
   在 Photon.SocketServer.PeerBase.OnReceiveInternal(Byte[] data, SendParameters sendParameters, Int32 rtt, Int32 rttVariance, Int32 numFailures) 位置 h:\svncontent\photon-socketserver-sdk_cloud\src\Photon.SocketServer\PeerBase.cs:行号 988
2018-03-05 20:20:17,241 [14] ERROR Photon.SocketServer.PeerBase - exception during handling of data.Peer:T:Client,ConnId:1,ip:127.0.0.1:55780, Data: F3-02-03-00-01-00-69-00-00-00-00,
Exception:System.TypeInitializationException: “System.Data.Entity.Internal.AppConfig”的类型初始值设定项引发异常。 ---> System.Configuration.ConfigurationErrorsException: 创建 entityFramework 的配置节处理程序时出错: 未能加载文件或程序集“EntityFramework, Version=6.0.0.0, Culture=neutral, PublicKeyToken=b77a5c561934e089”或它的某一个依赖项。系统找不到指定的文件。 (E:\Dev\MMORPGDemo\Server\PhotonServer\deploy\PhotonServerDemo\bin\PhotonServerDemo.dll.config line 5) ---> System.IO.FileNotFoundException: 未能加载文件或程序集“EntityFramework, Version=6.0.0.0, Culture=neutral, PublicKeyToken=b77a5c561934e089”或它的某一个依赖项。系统找不到指定的文件。
   在 System.Configuration.TypeUtil.GetTypeWithReflectionPermission(IInternalConfigHost host, String typeString, Boolean throwOnError)
   在 System.Configuration.RuntimeConfigurationRecord.RuntimeConfigurationFactory.Init(RuntimeConfigurationRecord configRecord, FactoryRecord factoryRecord)
   在 System.Configuration.RuntimeConfigurationRecord.RuntimeConfigurationFactory.InitWithRestrictedPermissions(RuntimeConfigurationRecord configRecord, FactoryRecord factoryRecord)
   在 System.Configuration.RuntimeConfigurationRecord.CreateSectionFactory(FactoryRecord factoryRecord)
   在 System.Configuration.BaseConfigurationRecord.FindAndEnsureFactoryRecord(String configKey, Boolean& isRootDeclaredHere)
   --- 内部异常堆栈跟踪的结尾 ---
   在 System.Configuration.BaseConfigurationRecord.FindAndEnsureFactoryRecord(String configKey, Boolean& isRootDeclaredHere)
   在 System.Configuration.BaseConfigurationRecord.GetSectionRecursive(String configKey, Boolean getLkg, Boolean checkPermission, Boolean getRuntimeObject, Boolean requestIsHere, Object& result, Object& resultRuntimeObject)
   在 System.Configuration.BaseConfigurationRecord.GetSection(String configKey)
   在 System.Configuration.ConfigurationManager.GetSection(String sectionName)
   在 System.Data.Entity.Internal.AppConfig..ctor()
   在 System.Data.Entity.Internal.AppConfig..cctor()
   --- 内部异常堆栈跟踪的结尾 ---
   在 System.Data.Entity.DbContext..ctor(String nameOrConnectionString)
   在 PhotonServerDemo.DLL.MySqlContext..ctor() 位置 E:\Dev\MMORPGDemo\Server\ServerDemo\PhotonServerDemo\DLL\MySqlContext.cs:行号 26
   在 PhotonServerDemo.Handler.GameUserHandler.OnOperationRequest(OperationRequest operationRequest, SendParameters sendParameters, Client peer) 位置 E:\Dev\MMORPGDemo\Server\ServerDemo\PhotonServerDemo\Handler\GameUserHandler.cs:行号 24
   在 PhotonServerDemo.Client.OnOperationRequest(OperationRequest operationRequest, SendParameters sendParameters) 位置 E:\Dev\MMORPGDemo\Server\ServerDemo\PhotonServerDemo\Client.cs:行号 43
   在 Photon.SocketServer.PeerBase.OnReceive(Byte[] data, SendParameters sendParameters) 位置 h:\svncontent\photon-socketserver-sdk_cloud\src\Photon.SocketServer\PeerBase.cs:行号 1243
   在 Photon.SocketServer.PeerBase.OnReceiveInternal(Byte[] data, SendParameters sendParameters, Int32 rtt, Int32 rttVariance, Int32 numFailures) 位置 h:\svncontent\photon-socketserver-sdk_cloud\src\Photon.SocketServer\PeerBase.cs:行号 988
2018-03-05 20:22:20,169 [1] INFO  PhotonServerDemo.ServerEntry - [Log]Init Completed!
2018-03-05 20:22:20,187 [1] INFO  PhotonServerDemo.ServerEntry - [Server]Setup Completed!
2018-03-05 20:22:20,188 [1] INFO  Photon.SocketServer.ApplicationBase - Application start: AppId=PhotonServerDemo; AppPath=E:\Dev\MMORPGDemo\Server\PhotonServer\deploy\PhotonServerDemo, Type=PhotonServerDemo.ServerEntry 
2018-03-05 20:22:25,930 [10] INFO  PhotonServerDemo.ServerEntry - [Peer]Link Start!
2018-03-05 20:26:03,913 [1] INFO  PhotonServerDemo.ServerEntry - [Log]Init Completed!
2018-03-05 20:26:03,934 [1] INFO  PhotonServerDemo.ServerEntry - [Server]Setup Completed!
2018-03-05 20:26:03,935 [1] INFO  Photon.SocketServer.ApplicationBase - Application start: AppId=PhotonServerDemo; AppPath=E:\Dev\MMORPGDemo\Server\PhotonServer\deploy\PhotonServerDemo, Type=PhotonServerDemo.ServerEntry 
2018-03-05 20:26:08,872 [13] INFO  PhotonServerDemo.ServerEntry - [Peer]Link Start!
2018-03-05 20:26:16,795 [12] INFO  PhotonServerDemo.ServerEntry - [Peer]Link Start!
2018-03-05 20:27:26,392 [10] INFO  PhotonServerDemo.ServerEntry - [Peer]Link Start!
2018-03-05 20:27:35,595 [14] INFO  PhotonServerDemo.ServerEntry - [Peer]Link Start!
2018-03-05 20:28:33,540 [19] INFO  Photon.SocketServer.ApplicationBase - Application is stopping: AppId=PhotonServerDemo
2018-03-05 20:28:33,541 [19] INFO  PhotonServerDemo.ServerEntry - [Server]TearDown Completed!
2018-03-05 20:28:33,541 [19] INFO  Photon.SocketServer.ApplicationBase - Application stop: AppId=PhotonServerDemo
2018-03-05 20:29:05,914 [12] INFO  PhotonServerDemo.ServerEntry - [Peer]Link Start!
2018-03-05 20:29:14,079 [15] INFO  PhotonServerDemo.ServerEntry - [Peer]Link Start!
2018-03-05 20:29:17,322 [15] ERROR Photon.SocketServer.PeerBase - exception during handling of data.Peer:T:Client,ConnId:5,ip:127.0.0.1:60649, Data: F3-02-03-00-01-00-69-00-00-00-01,
Exception:System.NullReferenceException: 未将对象引用设置到对象的实例。
   在 PhotonServerDemo.Handler.GameUserHandler.OnOperationRequest(OperationRequest operationRequest, SendParameters sendParameters, Client peer) 位置 E:\Dev\MMORPGDemo\Server\ServerDemo\PhotonServerDemo\Handler\GameUserHandler.cs:行号 42
   在 PhotonServerDemo.Client.OnOperationRequest(OperationRequest operationRequest, SendParameters sendParameters) 位置 E:\Dev\MMORPGDemo\Server\ServerDemo\PhotonServerDemo\Client.cs:行号 43
   在 Photon.SocketServer.PeerBase.OnReceive(Byte[] data, SendParameters sendParameters) 位置 h:\svncontent\photon-socketserver-sdk_cloud\src\Photon.SocketServer\PeerBase.cs:行号 1243
   在 Photon.SocketServer.PeerBase.OnReceiveInternal(Byte[] data, SendParameters sendParameters, Int32 rtt, Int32 rttVariance, Int32 numFailures) 位置 h:\svncontent\photon-socketserver-sdk_cloud\src\Photon.SocketServer\PeerBase.cs:行号 988
2018-03-05 20:32:03,456 [1] INFO  PhotonServerDemo.ServerEntry - [Log]Init Completed!
2018-03-05 20:32:03,470 [1] INFO  PhotonServerDemo.ServerEntry - [Server]Setup Completed!
2018-03-05 20:32:03,470 [1] INFO  Photon.SocketServer.ApplicationBase - Application start: AppId=PhotonServerDemo; AppPath=E:\Dev\MMORPGDemo\Server\PhotonServer\deploy\PhotonServerDemo, Type=PhotonServerDemo.ServerEntry 
2018-03-05 20:32:13,155 [10] INFO  PhotonServerDemo.ServerEntry - [Peer]Link Start!
2018-03-05 20:32:43,219 [19] INFO  PhotonServerDemo.ServerEntry - [Peer]Link Start!
2018-03-05 20:32:57,576 [11] INFO  PhotonServerDemo.ServerEntry - [Peer]Link Start!
2018-03-05 20:34:23,669 [1] INFO  PhotonServerDemo.ServerEntry - [Log]Init Completed!
2018-03-05 20:34:23,685 [1] INFO  PhotonServerDemo.ServerEntry - [Server]Setup Completed!
2018-03-05 20:34:23,686 [1] INFO  Photon.SocketServer.ApplicationBase - Application start: AppId=PhotonServerDemo; AppPath=E:\Dev\MMORPGDemo\Server\PhotonServer\deploy\PhotonServerDemo, Type=PhotonServerDemo.ServerEntry 
2018-03-05 20:34:28,177 [10] INFO  PhotonServerDemo.ServerEntry - [Peer]Link Start!
2018-03-05 20:34:53,537 [10] INFO  PhotonServerDemo.ServerEntry - [Peer]Link Start!
2018-03-05 20:38:05,527 [1] INFO  PhotonServerDemo.ServerEntry - [Log]Init Completed!
2018-03-05 20:38:05,541 [1] INFO  PhotonServerDemo.ServerEntry - [Server]Setup Completed!
2018-03-05 20:38:05,542 [1] INFO  Photon.SocketServer.ApplicationBase - Application start: AppId=PhotonServerDemo; AppPath=E:\Dev\MMORPGDemo\Server\PhotonServer\deploy\PhotonServerDemo, Type=PhotonServerDemo.ServerEntry 
2018-03-05 20:38:14,847 [10] INFO  PhotonServerDemo.ServerEntry - [Peer]Link Start!
2018-03-05 20:38:26,382 [10] INFO  PhotonServerDemo.ServerEntry - [Peer]Link Start!
2018-03-05 20:39:05,743 [1] INFO  PhotonServerDemo.ServerEntry - [Log]Init Completed!
2018-03-05 20:39:05,757 [1] INFO  PhotonServerDemo.ServerEntry - [Server]Setup Completed!
2018-03-05 20:39:05,758 [1] INFO  Photon.SocketServer.ApplicationBase - Application start: AppId=PhotonServerDemo; AppPath=E:\Dev\MMORPGDemo\Server\PhotonServer\deploy\PhotonServerDemo, Type=PhotonServerDemo.ServerEntry 
2018-03-05 20:39:09,164 [10] INFO  PhotonServerDemo.ServerEntry - [Peer]Link Start!
2018-03-05 20:39:14,187 [14] INFO  PhotonServerDemo.ServerEntry - [Peer]Link Start!
2018-03-05 20:39:33,541 [1] INFO  PhotonServerDemo.ServerEntry - [Log]Init Completed!
2018-03-05 20:39:33,555 [1] INFO  PhotonServerDemo.ServerEntry - [Server]Setup Completed!
2018-03-05 20:39:33,556 [1] INFO  Photon.SocketServer.ApplicationBase - Application start: AppId=PhotonServerDemo; AppPath=E:\Dev\MMORPGDemo\Server\PhotonServer\deploy\PhotonServerDemo, Type=PhotonServerDemo.ServerEntry 
2018-03-05 20:39:36,461 [10] INFO  PhotonServerDemo.ServerEntry - [Peer]Link Start!
2018-03-05 20:39:53,890 [10] INFO  PhotonServerDemo.ServerEntry - [Peer]Link Start!
2018-03-05 20:41:28,514 [1] INFO  PhotonServerDemo.ServerEntry - [Log]Init Completed!
2018-03-05 20:41:28,532 [1] INFO  PhotonServerDemo.ServerEntry - [Server]Setup Completed!
2018-03-05 20:41:28,533 [1] INFO  Photon.SocketServer.ApplicationBase - Application start: AppId=PhotonServerDemo; AppPath=E:\Dev\MMORPGDemo\Server\PhotonServer\deploy\PhotonServerDemo, Type=PhotonServerDemo.ServerEntry 
2018-03-05 20:41:32,304 [10] INFO  PhotonServerDemo.ServerEntry - [Peer]Link Start!
2018-03-05 20:41:43,346 [10] INFO  PhotonServerDemo.ServerEntry - [Peer]Link Start!
2018-03-05 20:45:22,904 [1] INFO  PhotonServerDemo.ServerEntry - [Log]Init Completed!
2018-03-05 20:45:22,918 [1] INFO  PhotonServerDemo.ServerEntry - [Server]Setup Completed!
2018-03-05 20:45:22,919 [1] INFO  Photon.SocketServer.ApplicationBase - Application start: AppId=PhotonServerDemo; AppPath=E:\Dev\MMORPGDemo\Server\PhotonServer\deploy\PhotonServerDemo, Type=PhotonServerDemo.ServerEntry 
2018-03-05 20:45:25,499 [10] INFO  PhotonServerDemo.ServerEntry - [Peer]Link Start!
2018-03-05 20:45:34,911 [10] ERROR Photon.SocketServer.PeerBase - exception during handling of data.Peer:T:Client,ConnId:0,ip:127.0.0.1:0, Data: F3-02-03-00-01-00-69-00-00-00-00,
Exception:System.Reflection.TargetException: 非静态方法需要一个目标。
   在 System.Reflection.RuntimeMethodInfo.CheckConsistency(Object target)
   在 System.Reflection.RuntimeMethodInfo.InvokeArgumentsCheck(Object obj, BindingFlags invokeAttr, Binder binder, Object[] parameters, CultureInfo culture)
   在 System.Reflection.RuntimeMethodInfo.Invoke(Object obj, BindingFlags invokeAttr, Binder binder, Object[] parameters, CultureInfo culture)
   在 System.Reflection.RuntimePropertyInfo.GetValue(Object obj, Object[] index)
   在 System.Data.Entity.Core.Objects.ELinq.QueryParameterExpression.TryGetFieldOrPropertyValue(MemberExpression me, Object instance, Object& memberValue)
   在 System.Data.Entity.Core.Objects.ELinq.QueryParameterExpression.TryEvaluatePath(Expression expression, ConstantExpression& constantExpression)
   在 System.Data.Entity.Core.Objects.ELinq.QueryParameterExpression.EvaluateParameter(Object[] arguments)
   在 System.Data.Entity.Core.Objects.ELinq.ELinqQueryState.GetExecutionPlan(Nullable`1 forMergeOption)
   在 System.Data.Entity.Core.Objects.ObjectQuery`1.<>c__DisplayClassb.<GetResults>b__a()
   在 System.Data.Entity.Core.Objects.ObjectContext.ExecuteInTransaction[T](Func`1 func, IDbExecutionStrategy executionStrategy, Boolean startLocalTransaction, Boolean releaseConnectionOnSuccess)
   在 System.Data.Entity.Core.Objects.ObjectQuery`1.<>c__DisplayClassb.<GetResults>b__9()
   在 System.Data.Entity.Core.Objects.ObjectQuery`1.GetResults(Nullable`1 forMergeOption)
   在 System.Data.Entity.Core.Objects.ObjectQuery`1.<System.Collections.Generic.IEnumerable<T>.GetEnumerator>b__0()
   在 System.Lazy`1.CreateValue()
   在 System.Lazy`1.LazyInitValue()
   在 System.Data.Entity.Internal.LazyEnumerator`1.MoveNext()
   在 System.Linq.Enumerable.FirstOrDefault[TSource](IEnumerable`1 source)
   在 PhotonServerDemo.Handler.GameUserHandler.OnOperationRequest(OperationRequest operationRequest, SendParameters sendParameters, Client peer) 位置 E:\Dev\MMORPGDemo\Server\ServerDemo\PhotonServerDemo\Handler\GameUserHandler.cs:行号 31
   在 PhotonServerDemo.Client.OnOperationRequest(OperationRequest operationRequest, SendParameters sendParameters) 位置 E:\Dev\MMORPGDemo\Server\ServerDemo\PhotonServerDemo\Client.cs:行号 43
   在 Photon.SocketServer.PeerBase.OnReceive(Byte[] data, SendParameters sendParameters) 位置 h:\svncontent\photon-socketserver-sdk_cloud\src\Photon.SocketServer\PeerBase.cs:行号 1243
   在 Photon.SocketServer.PeerBase.OnReceiveInternal(Byte[] data, SendParameters sendParameters, Int32 rtt, Int32 rttVariance, Int32 numFailures) 位置 h:\svncontent\photon-socketserver-sdk_cloud\src\Photon.SocketServer\PeerBase.cs:行号 988
2018-03-05 20:45:40,836 [10] INFO  PhotonServerDemo.ServerEntry - [Peer]Link Start!
2018-03-05 20:52:29,475 [1] INFO  PhotonServerDemo.ServerEntry - [Log]Init Completed!
2018-03-05 20:52:29,491 [1] INFO  PhotonServerDemo.ServerEntry - [Server]Setup Completed!
2018-03-05 20:52:29,492 [1] INFO  Photon.SocketServer.ApplicationBase - Application start: AppId=PhotonServerDemo; AppPath=E:\Dev\MMORPGDemo\Server\PhotonServer\deploy\PhotonServerDemo, Type=PhotonServerDemo.ServerEntry 
2018-03-05 20:52:36,535 [10] INFO  PhotonServerDemo.ServerEntry - [Peer]Link Start!
2018-03-05 20:52:44,520 [10] ERROR Photon.SocketServer.PeerBase - exception during handling of data.Peer:T:Client,ConnId:0,ip:127.0.0.1:0, Data: F3-02-03-00-01-00-69-00-00-00-00,
Exception:System.Reflection.TargetException: 非静态方法需要一个目标。
   在 System.Reflection.RuntimeMethodInfo.CheckConsistency(Object target)
   在 System.Reflection.RuntimeMethodInfo.InvokeArgumentsCheck(Object obj, BindingFlags invokeAttr, Binder binder, Object[] parameters, CultureInfo culture)
   在 System.Reflection.RuntimeMethodInfo.Invoke(Object obj, BindingFlags invokeAttr, Binder binder, Object[] parameters, CultureInfo culture)
   在 System.Reflection.RuntimePropertyInfo.GetValue(Object obj, Object[] index)
   在 System.Data.Entity.Core.Objects.ELinq.QueryParameterExpression.TryGetFieldOrPropertyValue(MemberExpression me, Object instance, Object& memberValue)
   在 System.Data.Entity.Core.Objects.ELinq.QueryParameterExpression.TryEvaluatePath(Expression expression, ConstantExpression& constantExpression)
   在 System.Data.Entity.Core.Objects.ELinq.QueryParameterExpression.EvaluateParameter(Object[] arguments)
   在 System.Data.Entity.Core.Objects.ELinq.ELinqQueryState.GetExecutionPlan(Nullable`1 forMergeOption)
   在 System.Data.Entity.Core.Objects.ObjectQuery`1.<>c__DisplayClassb.<GetResults>b__a()
   在 System.Data.Entity.Core.Objects.ObjectContext.ExecuteInTransaction[T](Func`1 func, IDbExecutionStrategy executionStrategy, Boolean startLocalTransaction, Boolean releaseConnectionOnSuccess)
   在 System.Data.Entity.Core.Objects.ObjectQuery`1.<>c__DisplayClassb.<GetResults>b__9()
   在 System.Data.Entity.Core.Objects.ObjectQuery`1.GetResults(Nullable`1 forMergeOption)
   在 System.Data.Entity.Core.Objects.ObjectQuery`1.<System.Collections.Generic.IEnumerable<T>.GetEnumerator>b__0()
   在 System.Lazy`1.CreateValue()
   在 System.Lazy`1.LazyInitValue()
   在 System.Data.Entity.Internal.LazyEnumerator`1.MoveNext()
   在 System.Linq.Enumerable.FirstOrDefault[TSource](IEnumerable`1 source)
   在 PhotonServerDemo.Handler.GameUserHandler.OnOperationRequest(OperationRequest operationRequest, SendParameters sendParameters, Client peer) 位置 E:\Dev\MMORPGDemo\Server\ServerDemo\PhotonServerDemo\Handler\GameUserHandler.cs:行号 31
   在 PhotonServerDemo.Client.OnOperationRequest(OperationRequest operationRequest, SendParameters sendParameters) 位置 E:\Dev\MMORPGDemo\Server\ServerDemo\PhotonServerDemo\Client.cs:行号 43
   在 Photon.SocketServer.PeerBase.OnReceive(Byte[] data, SendParameters sendParameters) 位置 h:\svncontent\photon-socketserver-sdk_cloud\src\Photon.SocketServer\PeerBase.cs:行号 1243
   在 Photon.SocketServer.PeerBase.OnReceiveInternal(Byte[] data, SendParameters sendParameters, Int32 rtt, Int32 rttVariance, Int32 numFailures) 位置 h:\svncontent\photon-socketserver-sdk_cloud\src\Photon.SocketServer\PeerBase.cs:行号 988
2018-03-05 20:52:45,005 [12] INFO  PhotonServerDemo.ServerEntry - [Peer]Link Start!
2018-03-05 20:55:23,756 [11] INFO  PhotonServerDemo.ServerEntry - [Peer]Link Start!
2018-03-05 20:55:36,301 [10] INFO  PhotonServerDemo.ServerEntry - [Peer]Link Start!
2018-03-05 20:58:28,286 [10] INFO  PhotonServerDemo.ServerEntry - [Peer]Link Start!
2018-03-05 20:59:22,700 [10] INFO  PhotonServerDemo.ServerEntry - [Peer]Link Start!
