6236: 19:24:25.334 - ---
6236: 19:24:25.334 - Service: "Photon Socket Server" starting
6236: 19:24:25.335 - Config File: E:\Dev\MMORPGDemo\Server\PhotonServer\deploy\bin_Win64\PhotonServer.config
6236: 19:24:25.337 - Will produce at most: 10 crash dumps
6236: 19:24:25.337 - MessageBox: Photon Socket Server - 4.0.28.2962

Usage: PhotonSocketServer.exe  Followed by the following command line options.
  /help		Display this list.
  /noMessages	Must be first. Do not display status messages.
  /install name	Installs an instance of the service named 'name'.
  /installCounters	Installs performance counters for this service.
  /remove name	Removes the instance of the service named 'name'.
  /removeCounters	Removes performance counters for this service.
  /run name   	Runs the service as a normal process for debugging.
  /stop         	Request all instances of Photon to shutdown and exit.
  /stop1 name	Request instance 'name' of Photon shutdown and exit.
  /configPath path	Use the supplied path to locate the config file.
  /config file	Use the supplied config file.

Note that /config and /configFile can be used with /install and /run

Note that only /noMessages can be combined with all other command line options.

6236: 19:24:27.701 - Service shutting down: commandline option error. Errorcode: 255
6236: 19:24:27.704 - Service shut down complete
17036: 19:25:20.117 - ---
17036: 19:25:20.117 - Service: "Photon Socket Server" starting
17036: 19:25:20.117 - Config File: E:\Dev\MMORPGDemo\Server\PhotonServer\deploy\bin_Win64\PhotonServer.config
17036: 19:25:20.119 - Will produce at most: 10 crash dumps
17036: 19:25:20.119 - Service shutting down
17036: 19:25:20.120 - Service shut down complete
