9416: 10:17:49.041 - ---
9416: 10:17:49.041 - Service: "Photon Socket Server" starting
9416: 10:17:49.041 - Config File: E:\Dev\LarkFramework_V2\Server\PhotonServer\deploy\bin_Win64\PhotonServer.config
9416: 10:17:49.044 - Will produce at most: 10 crash dumps
9416: 10:17:49.044 - Service shutting down
9416: 10:17:49.045 - Service shut down complete
15508: 10:41:53.616 - ---
15508: 10:41:53.616 - Service: "Photon Socket Server" starting
15508: 10:41:53.616 - Config File: E:\Dev\LarkFramework_V2\Server\PhotonServer\deploy\bin_Win64\PhotonServer.config
15508: 10:41:53.618 - Will produce at most: 10 crash dumps
15508: 10:41:53.618 - Service shutting down
15508: 10:41:53.619 - Service shut down complete
11652: 14:52:37.672 - ---
11652: 14:52:37.672 - Service: "Photon Socket Server" starting
11652: 14:52:37.673 - Config File: E:\Dev\LarkFramework_V2\Server\PhotonServer\deploy\bin_Win64\PhotonServer.config
11652: 14:52:37.891 - Will produce at most: 10 crash dumps
11652: 14:52:37.891 - Service shutting down
11652: 14:52:37.896 - Service shut down complete
21140: 16:01:17.672 - ---
21140: 16:01:17.672 - Service: "Photon Socket Server" starting
21140: 16:01:17.672 - Config File: E:\Dev\LarkFramework_V2\Server\PhotonServer\deploy\bin_Win64\PhotonServer.config
21140: 16:01:17.678 - Will produce at most: 10 crash dumps
21140: 16:01:17.678 - Service shutting down
21140: 16:01:17.680 - Service shut down complete
16716: 16:15:46.738 - ---
16716: 16:15:46.738 - Service: "Photon Socket Server" starting
16716: 16:15:46.738 - Config File: E:\Dev\LarkFramework_V2\Server\PhotonServer\deploy\bin_Win64\PhotonServer.config
16716: 16:15:46.740 - Will produce at most: 10 crash dumps
16716: 16:15:46.740 - Service shutting down
16716: 16:15:46.742 - Service shut down complete
7172: 16:18:18.894 - ---
7172: 16:18:18.895 - Service: "Photon Socket Server" starting
7172: 16:18:18.895 - Config File: E:\Dev\LarkFramework_V2\Server\PhotonServer\deploy\bin_Win64\PhotonServer.config
7172: 16:18:18.897 - Will produce at most: 10 crash dumps
7172: 16:18:18.897 - Service shutting down
7172: 16:18:18.899 - Service shut down complete
8484: 16:26:06.974 - ---
8484: 16:26:06.974 - Service: "Photon Socket Server" starting
8484: 16:26:06.974 - Config File: E:\Dev\LarkFramework_V2\Server\PhotonServer\deploy\bin_Win64\PhotonServer.config
8484: 16:26:06.976 - Will produce at most: 10 crash dumps
8484: 16:26:06.976 - Service shutting down
8484: 16:26:06.978 - Service shut down complete
24540: 21:37:20.067 - ---
24540: 21:37:20.067 - Service: "Photon Socket Server" starting
24540: 21:37:20.068 - Config File: E:\Dev\LarkFramework_V2\Server\PhotonServer\deploy\bin_Win64\PhotonServer.config
24540: 21:37:20.069 - Will produce at most: 10 crash dumps
24540: 21:37:20.069 - Service shutting down
24540: 21:37:20.070 - Service shut down complete
