10716: 19:24:47.672 - ---
10716: 19:24:47.672 - Service: "Photon Socket Server" starting
10716: 19:24:47.672 - Config File: E:\Dev\MMORPGDemo\Server\PhotonServer\deploy\bin_Win64\PhotonServer.config
10716: 19:24:47.674 - Will produce at most: 10 crash dumps
10716: 19:24:47.674 - Action: run as exe
10716: 19:24:47.675 - Server Starting...
10716: 19:24:47.675 -    Tick count: 39101390 (wraps in: 49.2577 days)
10716: 19:24:47.675 - Tick count 64: 39101390
10716: 19:24:47.675 - Photon Version: 4.0.28.2962
10716: 19:24:47.675 - PID: 3988
10716: 19:24:47.675 - Config File: E:\Dev\MMORPGDemo\Server\PhotonServer\deploy\bin_Win64\PhotonServer.config
10716: 19:24:47.675 - Will NOT log unimportant exceptions
10716: 19:24:47.677 - Not using performance counters as they are not currently installed. Run the service with /InstallCounters to install them.
10716: 19:24:47.677 - Shutdown timeout enabled: 30000ms
10716: 19:24:47.677 - Starting I/O thread pool with 2 threads
10716: 19:24:47.678 - Using Standard allocator
10716: 19:24:47.678 - Max message size: 512000
10716: 19:24:47.678 - Starting business logic thread pool with the following settings
10716: 19:24:47.678 - InitialThreads: 4 threads
10716: 19:24:47.678 - MinThreads: 4 threads
10716: 19:24:47.678 - Thread pool is fixed size
10716: 19:24:47.678 - Starting ENet thread pool with the following settings
10716: 19:24:47.678 - InitialThreads: 2 threads
10716: 19:24:47.678 - MinThreads: 2 threads
10716: 19:24:47.678 - Thread pool is fixed size
10716: 19:24:47.678 - OnlyDispatchTimers: False
10716: 19:24:47.678 - S2S: flow control: Max pending writes: 50
10716: 19:24:47.678 - S2S: flow control: Max queued buffers: 200
10716: 19:24:47.678 - S2S: flow control: Max pending writes MUX: 500
10716: 19:24:47.678 - S2S: flow control: Max queued buffers MUX: 2000
10716: 19:24:47.678 - S2S: MaxInboundMessageSize: 512000
10716: 19:24:47.678 - S2S: MaxOutboundMessageSize: 512000
10716: 19:24:47.678 - S2S: No inactivity timeout
10716: 19:24:47.685 - WebSocket S2S: MaxInboundMessageSize: 512000
10716: 19:24:47.685 - WebSocket S2S: MaxOutboundMessageSize: 512000
10716: 19:24:47.685 - WebSocket S2S: No inactivity timeout
10716: 19:24:47.685 - Max Reliable Data In Transit (awaiting ACKs) per peer : 51200 bytes
10716: 19:24:47.685 - Per peer bandwidth limit
10716: 19:24:47.685 - Transmit Rate Limit: 256 KB/Sec
10716: 19:24:47.685 - Limit period: 200ms
10716: 19:24:47.685 - Limit per period: 52428 bytes
10716: 19:24:47.685 - Max queued data for transmission per peer: 512000 bytes
10716: 19:24:47.685 - Minimum retransmit timeout: 200
10716: 19:24:47.685 - No Maximum retransmit timeout
10716: 19:24:47.685 - Minimum ENet timeout: 5000ms
10716: 19:24:47.685 - Maximum ENet timeout: 30000ms
10716: 19:24:47.685 - Max Inbound Reliable Data Queued (awaiting resends of earlier sequence numbers) per peer : 163840 bytes
10716: 19:24:47.685 - No RTT ACK adjustment timeout
10716: 19:24:47.685 - Outbound ENet: MaxInboundMessageSize: 512000
10716: 19:24:47.685 - Outbound ENet: MaxOutboundMessageSize: 512000
10716: 19:24:47.687 - GetRuntime - About to load CLR - versions available:
10716: 19:24:47.687 - v2.0.50727
10716: 19:24:47.687 - v4.0.30319
10716: 19:24:47.687 - Configuration requests: "v2.0.50727"
10716: 19:24:47.687 - About to load version: "v2.0.50727"
10716: 19:24:47.726 - About to load runtime: PhotonHostRuntime.PhotonDomainManager from PhotonHostRuntime, Culture=neutral, PublicKeyToken=02C301B61B060C4D
10716: 19:24:47.727 - CLRBaseDirectory set to "E:\Dev\MMORPGDemo\Server\PhotonServer\deploy"
10716: 19:24:47.727 - Optimising event broadcast for 20 or more peers
10716: 19:24:47.727 - Start: About to load CLR - versions available:
10716: 19:24:47.727 - v2.0.50727
10716: 19:24:47.727 - v4.0.30319
10716: 19:24:47.727 - No preference in configuration file, will load latest.
10716: 19:24:47.727 - About to load version: "v4.0.30319"
10716: 19:24:47.729 - Loaded version: "v4.0.30319"
10716: 19:24:47.898 - Photon host runtime loaded
10716: 19:24:49.630 - License is valid.
10716: 19:24:49.630 - Licensed for 100 concurrent connections.
10716: 19:24:49.630 - ENet: Max Reliable Data In Transit (awaiting ACKs) per peer : 51200 bytes
10716: 19:24:49.630 - ENet: Per peer bandwidth limit
10716: 19:24:49.630 - ENet: Transmit Rate Limit: 256 KB/Sec
10716: 19:24:49.630 - ENet: Limit period: 200ms
10716: 19:24:49.630 - ENet: Limit per period: 52428 bytes
10716: 19:24:49.631 - ENet: Max queued data for transmission per peer: 512000 bytes
10716: 19:24:49.631 - ENet: Minimum retransmit timeout: 200
10716: 19:24:49.631 - No Maximum retransmit timeout
10716: 19:24:49.631 - ENet: Minimum timeout: 5000ms
10716: 19:24:49.631 - ENet: Maximum timeout: 30000ms
10716: 19:24:49.631 - ENet: Max Inbound Reliable Data Queued (awaiting resends of earlier sequence numbers) per peer : 163840 bytes
10716: 19:24:49.631 - No RTT ACK adjustment timeout
10716: 19:24:49.631 - About to load application: PhotonServerDemo from PhotonServerDemo
10716: 19:24:49.631 - Auto restart is enabled for application, existing connections will be terminated during restart
10716: 19:24:49.631 - Application will restart 1000ms after the last change detected
10716: 19:24:49.631 - Application will restart if files matching the following are changed: "dll;config"
10716: 19:24:49.631 - Application will NOT restart if files matching the following are changed: "log4net.config"
10716: 19:24:49.740 - Taking reference on default app domain
10716: 19:24:49.793 - Application: "PhotonServerDemo" started in app domain: 2
10716: 19:24:49.793 - Adding TCP listener on: 0.0.0.0: 4530 with a listen backlog of: 150
10716: 19:24:49.793 - TCP inactivity timeout: 10000ms
10716: 19:24:49.793 - TCP disconnect timeout: 120000ms
10716: 19:24:49.793 - MaxInboundMessageSize: 512000
10716: 19:24:49.793 - MaxOutboundMessageSize: 512000
10716: 19:24:49.793 - Forcing all applications ids to: "PhotonServerDemo"
10716: 19:24:49.793 - Serving policy file requests from: "E:\Dev\MMORPGDemo\Server\PhotonServer\deploy\Policy\assets\socket-policy.xml"
10716: 19:24:49.793 - Adding TCP listener on: 0.0.0.0: 4520 with a listen backlog of: 150
10716: 19:24:49.793 - TCP inactivity timeout: 5000ms
10716: 19:24:49.793 - TCP disconnect timeout: 120000ms
10716: 19:24:49.793 - MaxInboundMessageSize: 512000
10716: 19:24:49.793 - MaxOutboundMessageSize: 512000
10716: 19:24:49.793 - Forcing all applications ids to: "PhotonServerDemo"
10716: 19:24:49.793 - MaxInboundMessageSize: 512000
10716: 19:24:49.793 - MaxOutboundMessageSize: 512000
10716: 19:24:49.793 - UDP address specified as: "0.0.0.0" adding listener to each available IPv4 address
10716: 19:24:49.793 - Adding UDP listener on: 192.168.28.1: 5055 with a listen backlog of: 500
10716: 19:24:49.793 - Adding UDP listener on: 192.168.237.1: 5055 with a listen backlog of: 500
10716: 19:24:49.793 - Adding UDP listener on: 192.168.16.133: 5055 with a listen backlog of: 500
10716: 19:24:49.793 - Adding UDP listener on: 192.168.123.1: 5055 with a listen backlog of: 500
10716: 19:24:49.794 - Adding UDP listener on: 127.0.0.1: 5055 with a listen backlog of: 500
10716: 19:24:49.811 - Service is running...
10716: 19:25:20.114 - Service is stopped...
10716: 19:25:20.114 - Server shutting down...
10716: 19:25:20.114 - Shutdown monitoring enabled, 30000ms before process abort
10716: 19:25:20.114 - Notifying CLR applications of shutdown...
10716: 19:25:20.114 - RequestApplicationStop: 2
10716: 19:25:20.116 - RequestStop: defalt app domain
10716: 19:25:20.118 - Shutting down WebSocket Outbound Connection Manager...
10716: 19:25:20.118 - Shutting down TCP Outbound Connection Manager...
10716: 19:25:20.118 - Shutting down ENet Outbound Connection Manager...
10716: 19:25:20.118 - Disconnecting all outbound peers...
10716: 19:25:20.118 - Shutting down ENet host...
10716: 19:25:20.118 - Disconnecting all peers...
10716: 19:25:20.118 - Shutting down socket servers...
10716: 19:25:20.118 - Shutting down ENet thread pool...
10716: 19:25:20.118 - Shutting down TCP inactivity timers...
10716: 19:25:20.118 - WaitingForShutdownToComplete: TCP:0.0.0.0:4520
10716: 19:25:20.118 - OnShutdownCompleted: TCP:0.0.0.0:4520
10716: 19:25:20.118 - WaitingForShutdownToComplete: TCP:0.0.0.0:4530
10716: 19:25:20.118 - OnShutdownCompleted: TCP:0.0.0.0:4530
10716: 19:25:20.118 - WaitingForShutdownToComplete: UDP:127.0.0.1:5055
10716: 19:25:20.118 - OnShutdownCompleted: UDP:127.0.0.1:5055
10716: 19:25:20.118 - WaitingForShutdownToComplete: UDP:192.168.123.1:5055
10716: 19:25:20.118 - OnShutdownCompleted: UDP:192.168.123.1:5055
10716: 19:25:20.118 - WaitingForShutdownToComplete: UDP:192.168.16.133:5055
10716: 19:25:20.118 - OnShutdownCompleted: UDP:192.168.16.133:5055
10716: 19:25:20.118 - WaitingForShutdownToComplete: UDP:192.168.237.1:5055
10716: 19:25:20.118 - OnShutdownCompleted: UDP:192.168.237.1:5055
10716: 19:25:20.118 - WaitingForShutdownToComplete: UDP:192.168.28.1:5055
10716: 19:25:20.118 - OnShutdownCompleted: UDP:192.168.28.1:5055
10716: 19:25:20.118 - Shutting down CLR applications...
10716: 19:25:20.120 - CManagedHost::OnDefaultAction() - OPR_ThreadAbort - eAbortThread
13120: 19:25:20.159 - CManagedHost::OnFailure() - FAIL_CriticalResource - eThrowException
13120: 19:25:20.159 - CManagedHost::OnFailure() - FAIL_CriticalResource - eThrowException
10716: 19:25:20.233 - Shutting down business logic thread pool...
10716: 19:25:20.233 - Shutting down I/O thread pool...
11832: 19:25:20.233 - CManagedHost::OnDefaultAction() - OPR_AppDomainUnload - eUnloadAppDomain
10716: 19:25:20.233 - Destroying servers
10716: 19:25:20.233 - Destroying WebSocket Outbound Connection Manager
10716: 19:25:20.233 - Destroying TCP Outbound Connection Manager
10716: 19:25:20.233 - Destroying TCP inactivity timer
10716: 19:25:20.233 - Destroying ENet timer wheel
10716: 19:25:20.233 - Destroying ENet host
10716: 19:25:20.233 - Destroying ENet outbound host
10716: 19:25:20.233 - Destroying HTTP inactivity timer
10716: 19:25:20.233 - Destroying HTTP host
10716: 19:25:20.233 - Destroying HTTP Chunk host
10716: 19:25:20.233 - Flushing ENET buffer allocator...
10716: 19:25:20.235 - Flushing TCP buffer handle allocator...
10716: 19:25:20.235 - Flushing stream socket allocator...
10716: 19:25:20.236 - Flushing inbound datagram socket allocator...
10716: 19:25:20.237 - Flushing outbound datagram socket allocator...
10716: 19:25:20.237 - Destroying CLR dispatcher
10716: 19:25:20.237 - Destroying CLR applications
10716: 19:25:20.237 - ~CCLRApplicationCollection() - Waiting up to 10 seconds for the CLR to release all of our objects
3012: 19:25:20.239 - Unloading Domain: ApplicationName = 'PhotonServerDemo', DomainId='2'
11832: 19:25:20.240 - CManagedHost::OnDomainUnload() - 2
10716: 19:25:20.246 - ~CCLRApplicationCollection() - Done. All objects released
10716: 19:25:20.246 - ~CManagedHost() - Release default app domain
10716: 19:25:20.246 - CManagedHost::OnDomainUnload() - 1
10716: 19:25:20.246 - ~CManagedHost() - Waiting up to 10 seconds for CLR shutdown...
10716: 19:25:20.246 - ~CManagedHost
10716: 19:25:20.246 - Destroying ENet thread pool
10716: 19:25:20.246 - Destroying Business logic thread pool
10716: 19:25:20.246 - Destroying I/O thread pool
10716: 19:25:20.246 - Destroying ENet buffer allocator
10716: 19:25:20.246 - Destroying TCP buffer allocator
10716: 19:25:20.246 - Destroying TCP socket allocator
10716: 19:25:20.246 - Destroying ENet inbound socket allocator
10716: 19:25:20.246 - Destroying ENet outbound socket allocator
10716: 19:25:20.246 - Destroying shared datagram flow control data
10716: 19:25:20.246 - Shutdown complete...
10716: 19:25:20.246 - Service shutting down
10716: 19:25:20.248 - Service shut down complete
