20104: 21:39:42.070 - ---
20104: 21:39:42.070 - Service: "Photon Socket Server" starting
20104: 21:39:42.070 - Config File: E:\Dev\MMORPGDemo\Server\PhotonServer\deploy\bin_Win64\PhotonServer.config
20104: 21:39:42.072 - Will produce at most: 10 crash dumps
20104: 21:39:42.072 - Action: run as exe
20104: 21:39:42.072 - Server Starting...
20104: 21:39:42.072 -    Tick count: 47318796 (wraps in: 49.1626 days)
20104: 21:39:42.072 - Tick count 64: 47318796
20104: 21:39:42.072 - Photon Version: 4.0.28.2962
20104: 21:39:42.072 - PID: 15716
20104: 21:39:42.072 - Config File: E:\Dev\MMORPGDemo\Server\PhotonServer\deploy\bin_Win64\PhotonServer.config
20104: 21:39:42.073 - Will NOT log unimportant exceptions
20104: 21:39:42.075 - Not using performance counters as they are not currently installed. Run the service with /InstallCounters to install them.
20104: 21:39:42.075 - Shutdown timeout enabled: 30000ms
20104: 21:39:42.075 - Starting I/O thread pool with 2 threads
20104: 21:39:42.075 - Using Standard allocator
20104: 21:39:42.075 - Max message size: 512000
20104: 21:39:42.075 - Starting business logic thread pool with the following settings
20104: 21:39:42.075 - InitialThreads: 4 threads
20104: 21:39:42.075 - MinThreads: 4 threads
20104: 21:39:42.075 - Thread pool is fixed size
20104: 21:39:42.075 - Starting ENet thread pool with the following settings
20104: 21:39:42.075 - InitialThreads: 2 threads
20104: 21:39:42.075 - MinThreads: 2 threads
20104: 21:39:42.075 - Thread pool is fixed size
20104: 21:39:42.075 - OnlyDispatchTimers: False
20104: 21:39:42.075 - S2S: flow control: Max pending writes: 50
20104: 21:39:42.075 - S2S: flow control: Max queued buffers: 200
20104: 21:39:42.075 - S2S: flow control: Max pending writes MUX: 500
20104: 21:39:42.075 - S2S: flow control: Max queued buffers MUX: 2000
20104: 21:39:42.075 - S2S: MaxInboundMessageSize: 512000
20104: 21:39:42.075 - S2S: MaxOutboundMessageSize: 512000
20104: 21:39:42.075 - S2S: No inactivity timeout
20104: 21:39:42.082 - WebSocket S2S: MaxInboundMessageSize: 512000
20104: 21:39:42.082 - WebSocket S2S: MaxOutboundMessageSize: 512000
20104: 21:39:42.082 - WebSocket S2S: No inactivity timeout
20104: 21:39:42.082 - Max Reliable Data In Transit (awaiting ACKs) per peer : 51200 bytes
20104: 21:39:42.082 - Per peer bandwidth limit
20104: 21:39:42.082 - Transmit Rate Limit: 256 KB/Sec
20104: 21:39:42.082 - Limit period: 200ms
20104: 21:39:42.082 - Limit per period: 52428 bytes
20104: 21:39:42.082 - Max queued data for transmission per peer: 512000 bytes
20104: 21:39:42.082 - Minimum retransmit timeout: 200
20104: 21:39:42.082 - No Maximum retransmit timeout
20104: 21:39:42.082 - Minimum ENet timeout: 5000ms
20104: 21:39:42.082 - Maximum ENet timeout: 30000ms
20104: 21:39:42.082 - Max Inbound Reliable Data Queued (awaiting resends of earlier sequence numbers) per peer : 163840 bytes
20104: 21:39:42.082 - No RTT ACK adjustment timeout
20104: 21:39:42.082 - Outbound ENet: MaxInboundMessageSize: 512000
20104: 21:39:42.082 - Outbound ENet: MaxOutboundMessageSize: 512000
20104: 21:39:42.084 - GetRuntime - About to load CLR - versions available:
20104: 21:39:42.084 - v2.0.50727
20104: 21:39:42.084 - v4.0.30319
20104: 21:39:42.084 - Configuration requests: "v2.0.50727"
20104: 21:39:42.084 - About to load version: "v2.0.50727"
20104: 21:39:42.090 - About to load runtime: PhotonHostRuntime.PhotonDomainManager from PhotonHostRuntime, Culture=neutral, PublicKeyToken=02C301B61B060C4D
20104: 21:39:42.090 - CLRBaseDirectory set to "E:\Dev\MMORPGDemo\Server\PhotonServer\deploy"
20104: 21:39:42.090 - Optimising event broadcast for 20 or more peers
20104: 21:39:42.091 - Start: About to load CLR - versions available:
20104: 21:39:42.091 - v2.0.50727
20104: 21:39:42.091 - v4.0.30319
20104: 21:39:42.091 - No preference in configuration file, will load latest.
20104: 21:39:42.091 - About to load version: "v4.0.30319"
20104: 21:39:42.093 - Loaded version: "v4.0.30319"
20104: 21:39:42.289 - Photon host runtime loaded
20104: 21:39:43.968 - License is valid.
20104: 21:39:43.968 - Licensed for 100 concurrent connections.
20104: 21:39:43.968 - ENet: Max Reliable Data In Transit (awaiting ACKs) per peer : 51200 bytes
20104: 21:39:43.968 - ENet: Per peer bandwidth limit
20104: 21:39:43.968 - ENet: Transmit Rate Limit: 256 KB/Sec
20104: 21:39:43.968 - ENet: Limit period: 200ms
20104: 21:39:43.968 - ENet: Limit per period: 52428 bytes
20104: 21:39:43.968 - ENet: Max queued data for transmission per peer: 512000 bytes
20104: 21:39:43.968 - ENet: Minimum retransmit timeout: 200
20104: 21:39:43.968 - No Maximum retransmit timeout
20104: 21:39:43.968 - ENet: Minimum timeout: 5000ms
20104: 21:39:43.968 - ENet: Maximum timeout: 30000ms
20104: 21:39:43.968 - ENet: Max Inbound Reliable Data Queued (awaiting resends of earlier sequence numbers) per peer : 163840 bytes
20104: 21:39:43.968 - No RTT ACK adjustment timeout
20104: 21:39:43.968 - About to load application: MMoDemo from Photon.MmoDemo.Server
20104: 21:39:43.968 - Auto restart is enabled for application, existing connections will be terminated during restart
20104: 21:39:43.968 - Application will restart 1000ms after the last change detected
20104: 21:39:43.968 - Application will restart if files matching the following are changed: "dll;config"
20104: 21:39:43.968 - Application will NOT restart if files matching the following are changed: "log4net.config"
20104: 21:39:43.986 - CService::OnException() - Exception: CManagedHost::CreateApplicationInNewAppDomain() - Failed to create new application domain for : "MMoDemo" - Can't find Photon.MmoDemo.Server.dll in  or E:\Dev\MMORPGDemo\Server\PhotonServer\deploy\MmoDemo\bin
20104: 21:39:43.986 - Server shutting down...
20104: 21:39:43.986 - Shutdown monitoring enabled, 30000ms before process abort
20104: 21:39:43.986 - Notifying CLR applications of shutdown...
20104: 21:39:43.986 - RequestStop: defalt app domain
20104: 21:39:43.988 - Shutting down WebSocket Outbound Connection Manager...
20104: 21:39:43.988 - Shutting down TCP Outbound Connection Manager...
20104: 21:39:43.988 - Shutting down ENet Outbound Connection Manager...
20104: 21:39:43.988 - Disconnecting all outbound peers...
20104: 21:39:43.988 - Shutting down ENet host...
20104: 21:39:43.988 - Disconnecting all peers...
20104: 21:39:43.988 - Shutting down socket servers...
20104: 21:39:43.988 - Shutting down ENet thread pool...
20104: 21:39:43.988 - Shutting down TCP inactivity timers...
20104: 21:39:43.988 - Shutting down CLR applications...
20104: 21:39:43.988 - Shutting down business logic thread pool...
20104: 21:39:43.988 - Shutting down I/O thread pool...
20104: 21:39:43.989 - Destroying servers
20104: 21:39:43.989 - Destroying WebSocket Outbound Connection Manager
20104: 21:39:43.989 - Destroying TCP Outbound Connection Manager
20104: 21:39:43.989 - Destroying TCP inactivity timer
20104: 21:39:43.989 - Destroying ENet timer wheel
20104: 21:39:43.989 - Destroying ENet host
20104: 21:39:43.989 - Destroying ENet outbound host
20104: 21:39:43.989 - Destroying HTTP inactivity timer
20104: 21:39:43.989 - Destroying HTTP host
20104: 21:39:43.989 - Destroying HTTP Chunk host
20104: 21:39:43.989 - Flushing ENET buffer allocator...
20104: 21:39:43.989 - Flushing TCP buffer handle allocator...
20104: 21:39:43.989 - Flushing stream socket allocator...
20104: 21:39:43.989 - Flushing inbound datagram socket allocator...
20104: 21:39:43.989 - Flushing outbound datagram socket allocator...
20104: 21:39:43.989 - Destroying CLR dispatcher
20104: 21:39:43.989 - Destroying CLR applications
20104: 21:39:43.989 - ~CCLRApplicationCollection() - Waiting up to 10 seconds for the CLR to release all of our objects
20104: 21:39:43.989 - ~CCLRApplicationCollection() - Done. All objects released
20104: 21:39:43.989 - ~CManagedHost() - Release default app domain
20104: 21:39:43.989 - CManagedHost::OnDomainUnload() - 1
20104: 21:39:43.989 - ~CManagedHost() - Waiting up to 10 seconds for CLR shutdown...
20104: 21:39:43.989 - ~CManagedHost
20104: 21:39:43.989 - Destroying ENet thread pool
20104: 21:39:43.989 - Destroying Business logic thread pool
20104: 21:39:43.989 - Destroying I/O thread pool
20104: 21:39:43.989 - Destroying ENet buffer allocator
20104: 21:39:43.989 - Destroying TCP buffer allocator
20104: 21:39:43.989 - Destroying TCP socket allocator
20104: 21:39:43.989 - Destroying ENet inbound socket allocator
20104: 21:39:43.989 - Destroying ENet outbound socket allocator
20104: 21:39:43.989 - Destroying shared datagram flow control data
20104: 21:39:43.989 - Shutdown complete...
20104: 21:39:43.989 - Service shutting down
20104: 21:39:43.991 - Service shut down complete
