15624: 10:17:19.134 - ---
15624: 10:17:19.134 - Service: "Photon Socket Server" starting
15624: 10:17:19.134 - Config File: E:\Dev\LarkFramework_V2\Server\PhotonServer\deploy\bin_Win64\PhotonServer.config
15624: 10:17:19.136 - Will produce at most: 10 crash dumps
15624: 10:17:19.136 - Action: run as exe
15624: 10:17:19.136 - Server Starting...
15624: 10:17:19.136 -    Tick count: 4951843 (wraps in: 49.653 days)
15624: 10:17:19.136 - Tick count 64: 4951843
15624: 10:17:19.136 - Photon Version: 4.0.28.2962
15624: 10:17:19.136 - PID: 7692
15624: 10:17:19.136 - Config File: E:\Dev\LarkFramework_V2\Server\PhotonServer\deploy\bin_Win64\PhotonServer.config
15624: 10:17:19.137 - Will NOT log unimportant exceptions
15624: 10:17:19.138 - Not using performance counters as they are not currently installed. Run the service with /InstallCounters to install them.
15624: 10:17:19.138 - Shutdown timeout enabled: 30000ms
15624: 10:17:19.138 - Starting I/O thread pool with 2 threads
15624: 10:17:19.139 - Using Standard allocator
15624: 10:17:19.139 - Max message size: 512000
15624: 10:17:19.139 - Starting business logic thread pool with the following settings
15624: 10:17:19.139 - InitialThreads: 4 threads
15624: 10:17:19.139 - MinThreads: 4 threads
15624: 10:17:19.139 - Thread pool is fixed size
15624: 10:17:19.139 - Starting ENet thread pool with the following settings
15624: 10:17:19.139 - InitialThreads: 2 threads
15624: 10:17:19.139 - MinThreads: 2 threads
15624: 10:17:19.139 - Thread pool is fixed size
15624: 10:17:19.139 - OnlyDispatchTimers: False
15624: 10:17:19.139 - S2S: flow control: Max pending writes: 50
15624: 10:17:19.139 - S2S: flow control: Max queued buffers: 200
15624: 10:17:19.139 - S2S: flow control: Max pending writes MUX: 500
15624: 10:17:19.139 - S2S: flow control: Max queued buffers MUX: 2000
15624: 10:17:19.139 - S2S: MaxInboundMessageSize: 512000
15624: 10:17:19.139 - S2S: MaxOutboundMessageSize: 512000
15624: 10:17:19.139 - S2S: No inactivity timeout
15624: 10:17:19.146 - WebSocket S2S: MaxInboundMessageSize: 512000
15624: 10:17:19.146 - WebSocket S2S: MaxOutboundMessageSize: 512000
15624: 10:17:19.146 - WebSocket S2S: No inactivity timeout
15624: 10:17:19.146 - Max Reliable Data In Transit (awaiting ACKs) per peer : 51200 bytes
15624: 10:17:19.146 - Per peer bandwidth limit
15624: 10:17:19.146 - Transmit Rate Limit: 256 KB/Sec
15624: 10:17:19.146 - Limit period: 200ms
15624: 10:17:19.146 - Limit per period: 52428 bytes
15624: 10:17:19.146 - Max queued data for transmission per peer: 512000 bytes
15624: 10:17:19.146 - Minimum retransmit timeout: 200
15624: 10:17:19.146 - No Maximum retransmit timeout
15624: 10:17:19.146 - Minimum ENet timeout: 5000ms
15624: 10:17:19.146 - Maximum ENet timeout: 30000ms
15624: 10:17:19.146 - Max Inbound Reliable Data Queued (awaiting resends of earlier sequence numbers) per peer : 163840 bytes
15624: 10:17:19.146 - No RTT ACK adjustment timeout
15624: 10:17:19.146 - Outbound ENet: MaxInboundMessageSize: 512000
15624: 10:17:19.146 - Outbound ENet: MaxOutboundMessageSize: 512000
15624: 10:17:19.148 - GetRuntime - About to load CLR - versions available:
15624: 10:17:19.148 - v2.0.50727
15624: 10:17:19.148 - v4.0.30319
15624: 10:17:19.148 - Configuration requests: "v2.0.50727"
15624: 10:17:19.148 - About to load version: "v2.0.50727"
15624: 10:17:19.153 - About to load runtime: PhotonHostRuntime.PhotonDomainManager from PhotonHostRuntime, Culture=neutral, PublicKeyToken=02C301B61B060C4D
15624: 10:17:19.153 - CLRBaseDirectory set to "E:\Dev\LarkFramework_V2\Server\PhotonServer\deploy"
15624: 10:17:19.153 - Optimising event broadcast for 20 or more peers
15624: 10:17:19.154 - Start: About to load CLR - versions available:
15624: 10:17:19.154 - v2.0.50727
15624: 10:17:19.154 - v4.0.30319
15624: 10:17:19.154 - No preference in configuration file, will load latest.
15624: 10:17:19.154 - About to load version: "v4.0.30319"
15624: 10:17:19.155 - Loaded version: "v4.0.30319"
15624: 10:17:19.302 - Photon host runtime loaded
15624: 10:17:21.029 - License is valid.
15624: 10:17:21.029 - Licensed for 100 concurrent connections.
15624: 10:17:21.029 - ENet: Max Reliable Data In Transit (awaiting ACKs) per peer : 51200 bytes
15624: 10:17:21.029 - ENet: Per peer bandwidth limit
15624: 10:17:21.029 - ENet: Transmit Rate Limit: 256 KB/Sec
15624: 10:17:21.029 - ENet: Limit period: 200ms
15624: 10:17:21.029 - ENet: Limit per period: 52428 bytes
15624: 10:17:21.029 - ENet: Max queued data for transmission per peer: 512000 bytes
15624: 10:17:21.029 - ENet: Minimum retransmit timeout: 200
15624: 10:17:21.029 - No Maximum retransmit timeout
15624: 10:17:21.029 - ENet: Minimum timeout: 5000ms
15624: 10:17:21.029 - ENet: Maximum timeout: 30000ms
15624: 10:17:21.029 - ENet: Max Inbound Reliable Data Queued (awaiting resends of earlier sequence numbers) per peer : 163840 bytes
15624: 10:17:21.029 - No RTT ACK adjustment timeout
15624: 10:17:21.029 - About to load application: PhotonServerDemo from PhotonServerDemo
15624: 10:17:21.029 - Auto restart is enabled for application, existing connections will be terminated during restart
15624: 10:17:21.029 - Application will restart 1000ms after the last change detected
15624: 10:17:21.029 - Application will restart if files matching the following are changed: "dll;config"
15624: 10:17:21.029 - Application will NOT restart if files matching the following are changed: "log4net.config"
15624: 10:17:21.126 - Taking reference on default app domain
15624: 10:17:21.173 - Application: "PhotonServerDemo" started in app domain: 2
15624: 10:17:21.173 - Adding TCP listener on: 0.0.0.0: 4530 with a listen backlog of: 150
15624: 10:17:21.173 - TCP inactivity timeout: 10000ms
15624: 10:17:21.173 - TCP disconnect timeout: 120000ms
15624: 10:17:21.173 - MaxInboundMessageSize: 512000
15624: 10:17:21.173 - MaxOutboundMessageSize: 512000
15624: 10:17:21.173 - Forcing all applications ids to: "PhotonServerDemo"
15624: 10:17:21.173 - Serving policy file requests from: "E:\Dev\LarkFramework_V2\Server\PhotonServer\deploy\Policy\assets\socket-policy.xml"
15624: 10:17:21.173 - Adding TCP listener on: 0.0.0.0: 4520 with a listen backlog of: 150
15624: 10:17:21.173 - TCP inactivity timeout: 5000ms
15624: 10:17:21.173 - TCP disconnect timeout: 120000ms
15624: 10:17:21.173 - MaxInboundMessageSize: 512000
15624: 10:17:21.173 - MaxOutboundMessageSize: 512000
15624: 10:17:21.173 - Forcing all applications ids to: "PhotonServerDemo"
15624: 10:17:21.173 - MaxInboundMessageSize: 512000
15624: 10:17:21.173 - MaxOutboundMessageSize: 512000
15624: 10:17:21.173 - UDP address specified as: "0.0.0.0" adding listener to each available IPv4 address
15624: 10:17:21.174 - Adding UDP listener on: 192.168.28.1: 5055 with a listen backlog of: 500
15624: 10:17:21.174 - Adding UDP listener on: 192.168.237.1: 5055 with a listen backlog of: 500
15624: 10:17:21.174 - Adding UDP listener on: 192.168.16.136: 5055 with a listen backlog of: 500
15624: 10:17:21.174 - Adding UDP listener on: 192.168.123.1: 5055 with a listen backlog of: 500
15624: 10:17:21.174 - Adding UDP listener on: 127.0.0.1: 5055 with a listen backlog of: 500
15624: 10:17:21.197 - Service is running...
15624: 10:17:49.038 - Service is stopped...
15624: 10:17:49.038 - Server shutting down...
15624: 10:17:49.038 - Shutdown monitoring enabled, 30000ms before process abort
15624: 10:17:49.038 - Notifying CLR applications of shutdown...
15624: 10:17:49.038 - RequestApplicationStop: 2
15624: 10:17:49.041 - RequestStop: defalt app domain
15624: 10:17:49.043 - Shutting down WebSocket Outbound Connection Manager...
15624: 10:17:49.043 - Shutting down TCP Outbound Connection Manager...
15624: 10:17:49.043 - Shutting down ENet Outbound Connection Manager...
15624: 10:17:49.043 - Disconnecting all outbound peers...
15624: 10:17:49.043 - Shutting down ENet host...
15624: 10:17:49.043 - Disconnecting all peers...
15624: 10:17:49.043 - Shutting down socket servers...
15624: 10:17:49.043 - Shutting down ENet thread pool...
15624: 10:17:49.043 - Shutting down TCP inactivity timers...
15624: 10:17:49.043 - WaitingForShutdownToComplete: TCP:0.0.0.0:4520
15624: 10:17:49.043 - OnShutdownCompleted: TCP:0.0.0.0:4520
15624: 10:17:49.043 - WaitingForShutdownToComplete: TCP:0.0.0.0:4530
15624: 10:17:49.043 - OnShutdownCompleted: TCP:0.0.0.0:4530
15624: 10:17:49.043 - WaitingForShutdownToComplete: UDP:127.0.0.1:5055
15624: 10:17:49.043 - OnShutdownCompleted: UDP:127.0.0.1:5055
15624: 10:17:49.043 - WaitingForShutdownToComplete: UDP:192.168.123.1:5055
15624: 10:17:49.043 - OnShutdownCompleted: UDP:192.168.123.1:5055
15624: 10:17:49.043 - WaitingForShutdownToComplete: UDP:192.168.16.136:5055
15624: 10:17:49.043 - OnShutdownCompleted: UDP:192.168.16.136:5055
15624: 10:17:49.043 - WaitingForShutdownToComplete: UDP:192.168.237.1:5055
15624: 10:17:49.043 - OnShutdownCompleted: UDP:192.168.237.1:5055
15624: 10:17:49.043 - WaitingForShutdownToComplete: UDP:192.168.28.1:5055
15624: 10:17:49.043 - OnShutdownCompleted: UDP:192.168.28.1:5055
15624: 10:17:49.043 - Shutting down CLR applications...
15624: 10:17:49.045 - Shutting down business logic thread pool...
9680: 10:17:49.045 - CManagedHost::OnDefaultAction() - OPR_AppDomainUnload - eUnloadAppDomain
15624: 10:17:49.045 - Shutting down I/O thread pool...
15624: 10:17:49.045 - Destroying servers
15624: 10:17:49.045 - Destroying WebSocket Outbound Connection Manager
15624: 10:17:49.045 - Destroying TCP Outbound Connection Manager
15624: 10:17:49.045 - Destroying TCP inactivity timer
15624: 10:17:49.045 - Destroying ENet timer wheel
15624: 10:17:49.045 - Destroying ENet host
15624: 10:17:49.045 - Destroying ENet outbound host
15624: 10:17:49.045 - Destroying HTTP inactivity timer
15624: 10:17:49.045 - Destroying HTTP host
15624: 10:17:49.045 - Destroying HTTP Chunk host
15624: 10:17:49.045 - Flushing ENET buffer allocator...
15624: 10:17:49.047 - Flushing TCP buffer handle allocator...
15624: 10:17:49.047 - Flushing stream socket allocator...
15624: 10:17:49.048 - Flushing inbound datagram socket allocator...
15624: 10:17:49.050 - Flushing outbound datagram socket allocator...
15624: 10:17:49.050 - Destroying CLR dispatcher
15624: 10:17:49.050 - Destroying CLR applications
15624: 10:17:49.050 - ~CCLRApplicationCollection() - Waiting up to 10 seconds for the CLR to release all of our objects
16476: 10:17:49.053 - Unloading Domain: ApplicationName = 'PhotonServerDemo', DomainId='2'
9680: 10:17:49.053 - CManagedHost::OnDomainUnload() - 2
15624: 10:17:49.055 - ~CCLRApplicationCollection() - Done. All objects released
15624: 10:17:49.055 - ~CManagedHost() - Release default app domain
15624: 10:17:49.055 - CManagedHost::OnDomainUnload() - 1
15624: 10:17:49.055 - ~CManagedHost() - Waiting up to 10 seconds for CLR shutdown...
15624: 10:17:49.055 - ~CManagedHost
15624: 10:17:49.055 - Destroying ENet thread pool
15624: 10:17:49.055 - Destroying Business logic thread pool
15624: 10:17:49.055 - Destroying I/O thread pool
15624: 10:17:49.055 - Destroying ENet buffer allocator
15624: 10:17:49.055 - Destroying TCP buffer allocator
15624: 10:17:49.055 - Destroying TCP socket allocator
15624: 10:17:49.055 - Destroying ENet inbound socket allocator
15624: 10:17:49.055 - Destroying ENet outbound socket allocator
15624: 10:17:49.055 - Destroying shared datagram flow control data
15624: 10:17:49.055 - Shutdown complete...
15624: 10:17:49.055 - Service shutting down
15624: 10:17:49.057 - Service shut down complete
15940: 10:41:20.083 - ---
15940: 10:41:20.083 - Service: "Photon Socket Server" starting
15940: 10:41:20.083 - Config File: E:\Dev\LarkFramework_V2\Server\PhotonServer\deploy\bin_Win64\PhotonServer.config
15940: 10:41:20.084 - Will produce at most: 10 crash dumps
15940: 10:41:20.084 - Action: run as exe
15940: 10:41:20.084 - Server Starting...
15940: 10:41:20.085 -    Tick count: 6392781 (wraps in: 49.6363 days)
15940: 10:41:20.085 - Tick count 64: 6392781
15940: 10:41:20.085 - Photon Version: 4.0.28.2962
15940: 10:41:20.085 - PID: 15556
15940: 10:41:20.085 - Config File: E:\Dev\LarkFramework_V2\Server\PhotonServer\deploy\bin_Win64\PhotonServer.config
15940: 10:41:20.085 - Will NOT log unimportant exceptions
15940: 10:41:20.088 - Not using performance counters as they are not currently installed. Run the service with /InstallCounters to install them.
15940: 10:41:20.088 - Shutdown timeout enabled: 30000ms
15940: 10:41:20.088 - Starting I/O thread pool with 2 threads
15940: 10:41:20.088 - Using Standard allocator
15940: 10:41:20.088 - Max message size: 512000
15940: 10:41:20.088 - Starting business logic thread pool with the following settings
15940: 10:41:20.088 - InitialThreads: 4 threads
15940: 10:41:20.088 - MinThreads: 4 threads
15940: 10:41:20.088 - Thread pool is fixed size
15940: 10:41:20.088 - Starting ENet thread pool with the following settings
15940: 10:41:20.088 - InitialThreads: 2 threads
15940: 10:41:20.088 - MinThreads: 2 threads
15940: 10:41:20.088 - Thread pool is fixed size
15940: 10:41:20.088 - OnlyDispatchTimers: False
15940: 10:41:20.088 - S2S: flow control: Max pending writes: 50
15940: 10:41:20.088 - S2S: flow control: Max queued buffers: 200
15940: 10:41:20.088 - S2S: flow control: Max pending writes MUX: 500
15940: 10:41:20.088 - S2S: flow control: Max queued buffers MUX: 2000
15940: 10:41:20.088 - S2S: MaxInboundMessageSize: 512000
15940: 10:41:20.088 - S2S: MaxOutboundMessageSize: 512000
15940: 10:41:20.088 - S2S: No inactivity timeout
15940: 10:41:20.094 - WebSocket S2S: MaxInboundMessageSize: 512000
15940: 10:41:20.094 - WebSocket S2S: MaxOutboundMessageSize: 512000
15940: 10:41:20.094 - WebSocket S2S: No inactivity timeout
15940: 10:41:20.094 - Max Reliable Data In Transit (awaiting ACKs) per peer : 51200 bytes
15940: 10:41:20.094 - Per peer bandwidth limit
15940: 10:41:20.094 - Transmit Rate Limit: 256 KB/Sec
15940: 10:41:20.094 - Limit period: 200ms
15940: 10:41:20.094 - Limit per period: 52428 bytes
15940: 10:41:20.094 - Max queued data for transmission per peer: 512000 bytes
15940: 10:41:20.094 - Minimum retransmit timeout: 200
15940: 10:41:20.094 - No Maximum retransmit timeout
15940: 10:41:20.095 - Minimum ENet timeout: 5000ms
15940: 10:41:20.095 - Maximum ENet timeout: 30000ms
15940: 10:41:20.095 - Max Inbound Reliable Data Queued (awaiting resends of earlier sequence numbers) per peer : 163840 bytes
15940: 10:41:20.095 - No RTT ACK adjustment timeout
15940: 10:41:20.095 - Outbound ENet: MaxInboundMessageSize: 512000
15940: 10:41:20.095 - Outbound ENet: MaxOutboundMessageSize: 512000
15940: 10:41:20.097 - GetRuntime - About to load CLR - versions available:
15940: 10:41:20.097 - v2.0.50727
15940: 10:41:20.097 - v4.0.30319
15940: 10:41:20.097 - Configuration requests: "v2.0.50727"
15940: 10:41:20.097 - About to load version: "v2.0.50727"
15940: 10:41:20.101 - About to load runtime: PhotonHostRuntime.PhotonDomainManager from PhotonHostRuntime, Culture=neutral, PublicKeyToken=02C301B61B060C4D
15940: 10:41:20.101 - CLRBaseDirectory set to "E:\Dev\LarkFramework_V2\Server\PhotonServer\deploy"
15940: 10:41:20.101 - Optimising event broadcast for 20 or more peers
15940: 10:41:20.102 - Start: About to load CLR - versions available:
15940: 10:41:20.102 - v2.0.50727
15940: 10:41:20.102 - v4.0.30319
15940: 10:41:20.102 - No preference in configuration file, will load latest.
15940: 10:41:20.102 - About to load version: "v4.0.30319"
15940: 10:41:20.103 - Loaded version: "v4.0.30319"
15940: 10:41:20.282 - Photon host runtime loaded
15940: 10:41:22.023 - License is valid.
15940: 10:41:22.023 - Licensed for 100 concurrent connections.
15940: 10:41:22.023 - ENet: Max Reliable Data In Transit (awaiting ACKs) per peer : 51200 bytes
15940: 10:41:22.023 - ENet: Per peer bandwidth limit
15940: 10:41:22.023 - ENet: Transmit Rate Limit: 256 KB/Sec
15940: 10:41:22.023 - ENet: Limit period: 200ms
15940: 10:41:22.023 - ENet: Limit per period: 52428 bytes
15940: 10:41:22.023 - ENet: Max queued data for transmission per peer: 512000 bytes
15940: 10:41:22.023 - ENet: Minimum retransmit timeout: 200
15940: 10:41:22.023 - No Maximum retransmit timeout
15940: 10:41:22.023 - ENet: Minimum timeout: 5000ms
15940: 10:41:22.023 - ENet: Maximum timeout: 30000ms
15940: 10:41:22.023 - ENet: Max Inbound Reliable Data Queued (awaiting resends of earlier sequence numbers) per peer : 163840 bytes
15940: 10:41:22.023 - No RTT ACK adjustment timeout
15940: 10:41:22.023 - About to load application: PhotonServerDemo from PhotonServerDemo
15940: 10:41:22.023 - Auto restart is enabled for application, existing connections will be terminated during restart
15940: 10:41:22.023 - Application will restart 1000ms after the last change detected
15940: 10:41:22.023 - Application will restart if files matching the following are changed: "dll;config"
15940: 10:41:22.023 - Application will NOT restart if files matching the following are changed: "log4net.config"
15940: 10:41:22.130 - Taking reference on default app domain
15940: 10:41:22.196 - Application: "PhotonServerDemo" started in app domain: 2
15940: 10:41:22.196 - Adding TCP listener on: 0.0.0.0: 4530 with a listen backlog of: 150
15940: 10:41:22.196 - TCP inactivity timeout: 10000ms
15940: 10:41:22.196 - TCP disconnect timeout: 120000ms
15940: 10:41:22.196 - MaxInboundMessageSize: 512000
15940: 10:41:22.196 - MaxOutboundMessageSize: 512000
15940: 10:41:22.196 - Forcing all applications ids to: "PhotonServerDemo"
15940: 10:41:22.197 - Serving policy file requests from: "E:\Dev\LarkFramework_V2\Server\PhotonServer\deploy\Policy\assets\socket-policy.xml"
15940: 10:41:22.197 - Adding TCP listener on: 0.0.0.0: 4520 with a listen backlog of: 150
15940: 10:41:22.197 - TCP inactivity timeout: 5000ms
15940: 10:41:22.197 - TCP disconnect timeout: 120000ms
15940: 10:41:22.197 - MaxInboundMessageSize: 512000
15940: 10:41:22.197 - MaxOutboundMessageSize: 512000
15940: 10:41:22.197 - Forcing all applications ids to: "PhotonServerDemo"
15940: 10:41:22.197 - MaxInboundMessageSize: 512000
15940: 10:41:22.197 - MaxOutboundMessageSize: 512000
15940: 10:41:22.197 - UDP address specified as: "0.0.0.0" adding listener to each available IPv4 address
15940: 10:41:22.198 - Adding UDP listener on: 192.168.28.1: 5055 with a listen backlog of: 500
15940: 10:41:22.198 - Adding UDP listener on: 192.168.237.1: 5055 with a listen backlog of: 500
15940: 10:41:22.198 - Adding UDP listener on: 192.168.16.136: 5055 with a listen backlog of: 500
15940: 10:41:22.198 - Adding UDP listener on: 192.168.123.1: 5055 with a listen backlog of: 500
15940: 10:41:22.198 - Adding UDP listener on: 127.0.0.1: 5055 with a listen backlog of: 500
15940: 10:41:22.226 - Service is running...
15940: 10:41:53.614 - Service is stopped...
15940: 10:41:53.614 - Server shutting down...
15940: 10:41:53.614 - Shutdown monitoring enabled, 30000ms before process abort
15940: 10:41:53.614 - Notifying CLR applications of shutdown...
15940: 10:41:53.614 - RequestApplicationStop: 2
15940: 10:41:53.616 - RequestStop: defalt app domain
15940: 10:41:53.617 - Shutting down WebSocket Outbound Connection Manager...
15940: 10:41:53.617 - Shutting down TCP Outbound Connection Manager...
15940: 10:41:53.617 - Shutting down ENet Outbound Connection Manager...
15940: 10:41:53.617 - Disconnecting all outbound peers...
15940: 10:41:53.617 - Shutting down ENet host...
15940: 10:41:53.617 - Disconnecting all peers...
15940: 10:41:53.617 - Shutting down socket servers...
15940: 10:41:53.617 - Shutting down ENet thread pool...
15940: 10:41:53.617 - Shutting down TCP inactivity timers...
15940: 10:41:53.618 - WaitingForShutdownToComplete: TCP:0.0.0.0:4520
15940: 10:41:53.618 - OnShutdownCompleted: TCP:0.0.0.0:4520
15940: 10:41:53.618 - WaitingForShutdownToComplete: TCP:0.0.0.0:4530
15940: 10:41:53.618 - OnShutdownCompleted: TCP:0.0.0.0:4530
15940: 10:41:53.618 - WaitingForShutdownToComplete: UDP:127.0.0.1:5055
15940: 10:41:53.618 - OnShutdownCompleted: UDP:127.0.0.1:5055
15940: 10:41:53.618 - WaitingForShutdownToComplete: UDP:192.168.123.1:5055
15940: 10:41:53.618 - OnShutdownCompleted: UDP:192.168.123.1:5055
15940: 10:41:53.618 - WaitingForShutdownToComplete: UDP:192.168.16.136:5055
15940: 10:41:53.618 - OnShutdownCompleted: UDP:192.168.16.136:5055
15940: 10:41:53.618 - WaitingForShutdownToComplete: UDP:192.168.237.1:5055
15940: 10:41:53.618 - OnShutdownCompleted: UDP:192.168.237.1:5055
15940: 10:41:53.618 - WaitingForShutdownToComplete: UDP:192.168.28.1:5055
15940: 10:41:53.618 - OnShutdownCompleted: UDP:192.168.28.1:5055
15940: 10:41:53.618 - Shutting down CLR applications...
15940: 10:41:53.620 - Shutting down business logic thread pool...
1224: 10:41:53.620 - CManagedHost::OnDefaultAction() - OPR_AppDomainUnload - eUnloadAppDomain
15940: 10:41:53.620 - Shutting down I/O thread pool...
15940: 10:41:53.620 - Destroying servers
15940: 10:41:53.620 - Destroying WebSocket Outbound Connection Manager
15940: 10:41:53.620 - Destroying TCP Outbound Connection Manager
15940: 10:41:53.620 - Destroying TCP inactivity timer
15940: 10:41:53.620 - Destroying ENet timer wheel
15940: 10:41:53.620 - Destroying ENet host
15940: 10:41:53.620 - Destroying ENet outbound host
15940: 10:41:53.620 - Destroying HTTP inactivity timer
15940: 10:41:53.620 - Destroying HTTP host
15940: 10:41:53.620 - Destroying HTTP Chunk host
15940: 10:41:53.620 - Flushing ENET buffer allocator...
15940: 10:41:53.623 - Flushing TCP buffer handle allocator...
15940: 10:41:53.623 - Flushing stream socket allocator...
15940: 10:41:53.623 - Flushing inbound datagram socket allocator...
15940: 10:41:53.625 - Flushing outbound datagram socket allocator...
15940: 10:41:53.625 - Destroying CLR dispatcher
15940: 10:41:53.625 - Destroying CLR applications
15940: 10:41:53.626 - ~CCLRApplicationCollection() - Waiting up to 10 seconds for the CLR to release all of our objects
4528: 10:41:53.629 - Unloading Domain: ApplicationName = 'PhotonServerDemo', DomainId='2'
1224: 10:41:53.629 - CManagedHost::OnDomainUnload() - 2
15940: 10:41:53.633 - ~CCLRApplicationCollection() - Done. All objects released
15940: 10:41:53.633 - ~CManagedHost() - Release default app domain
15940: 10:41:53.633 - CManagedHost::OnDomainUnload() - 1
15940: 10:41:53.633 - ~CManagedHost() - Waiting up to 10 seconds for CLR shutdown...
15940: 10:41:53.633 - ~CManagedHost
15940: 10:41:53.633 - Destroying ENet thread pool
15940: 10:41:53.633 - Destroying Business logic thread pool
15940: 10:41:53.633 - Destroying I/O thread pool
15940: 10:41:53.633 - Destroying ENet buffer allocator
15940: 10:41:53.633 - Destroying TCP buffer allocator
15940: 10:41:53.633 - Destroying TCP socket allocator
15940: 10:41:53.633 - Destroying ENet inbound socket allocator
15940: 10:41:53.633 - Destroying ENet outbound socket allocator
15940: 10:41:53.633 - Destroying shared datagram flow control data
15940: 10:41:53.633 - Shutdown complete...
15940: 10:41:53.633 - Service shutting down
15940: 10:41:53.635 - Service shut down complete
20160: 13:46:16.935 - ---
20160: 13:46:16.935 - Service: "Photon Socket Server" starting
20160: 13:46:16.936 - Config File: E:\Dev\LarkFramework_V2\Server\PhotonServer\deploy\bin_Win64\PhotonServer.config
20160: 13:46:16.948 - Will produce at most: 10 crash dumps
20160: 13:46:16.948 - Action: run as exe
20160: 13:46:16.949 - Server Starting...
20160: 13:46:16.949 -    Tick count: 17489656 (wraps in: 49.5078 days)
20160: 13:46:16.949 - Tick count 64: 17489656
20160: 13:46:16.949 - Photon Version: 4.0.28.2962
20160: 13:46:16.949 - PID: 20168
20160: 13:46:16.950 - Config File: E:\Dev\LarkFramework_V2\Server\PhotonServer\deploy\bin_Win64\PhotonServer.config
20160: 13:46:16.950 - Will NOT log unimportant exceptions
20160: 13:46:16.955 - Not using performance counters as they are not currently installed. Run the service with /InstallCounters to install them.
20160: 13:46:16.955 - Shutdown timeout enabled: 30000ms
20160: 13:46:16.965 - Starting I/O thread pool with 2 threads
20160: 13:46:16.965 - Using Standard allocator
20160: 13:46:16.965 - Max message size: 512000
20160: 13:46:16.977 - Starting business logic thread pool with the following settings
20160: 13:46:16.977 - InitialThreads: 4 threads
20160: 13:46:16.977 - MinThreads: 4 threads
20160: 13:46:16.977 - Thread pool is fixed size
20160: 13:46:16.977 - Starting ENet thread pool with the following settings
20160: 13:46:16.977 - InitialThreads: 2 threads
20160: 13:46:16.977 - MinThreads: 2 threads
20160: 13:46:16.977 - Thread pool is fixed size
20160: 13:46:16.977 - OnlyDispatchTimers: False
20160: 13:46:16.978 - S2S: flow control: Max pending writes: 50
20160: 13:46:16.978 - S2S: flow control: Max queued buffers: 200
20160: 13:46:16.978 - S2S: flow control: Max pending writes MUX: 500
20160: 13:46:16.978 - S2S: flow control: Max queued buffers MUX: 2000
20160: 13:46:16.978 - S2S: MaxInboundMessageSize: 512000
20160: 13:46:16.978 - S2S: MaxOutboundMessageSize: 512000
20160: 13:46:16.978 - S2S: No inactivity timeout
20160: 13:46:16.986 - WebSocket S2S: MaxInboundMessageSize: 512000
20160: 13:46:16.986 - WebSocket S2S: MaxOutboundMessageSize: 512000
20160: 13:46:16.986 - WebSocket S2S: No inactivity timeout
20160: 13:46:16.987 - Max Reliable Data In Transit (awaiting ACKs) per peer : 51200 bytes
20160: 13:46:16.987 - Per peer bandwidth limit
20160: 13:46:16.987 - Transmit Rate Limit: 256 KB/Sec
20160: 13:46:16.987 - Limit period: 200ms
20160: 13:46:16.987 - Limit per period: 52428 bytes
20160: 13:46:16.987 - Max queued data for transmission per peer: 512000 bytes
20160: 13:46:16.987 - Minimum retransmit timeout: 200
20160: 13:46:16.987 - No Maximum retransmit timeout
20160: 13:46:16.987 - Minimum ENet timeout: 5000ms
20160: 13:46:16.987 - Maximum ENet timeout: 30000ms
20160: 13:46:16.987 - Max Inbound Reliable Data Queued (awaiting resends of earlier sequence numbers) per peer : 163840 bytes
20160: 13:46:16.987 - No RTT ACK adjustment timeout
20160: 13:46:16.987 - Outbound ENet: MaxInboundMessageSize: 512000
20160: 13:46:16.987 - Outbound ENet: MaxOutboundMessageSize: 512000
20160: 13:46:17.003 - GetRuntime - About to load CLR - versions available:
20160: 13:46:17.003 - v2.0.50727
20160: 13:46:17.003 - v4.0.30319
20160: 13:46:17.003 - Configuration requests: "v2.0.50727"
20160: 13:46:17.003 - About to load version: "v2.0.50727"
20160: 13:46:17.060 - About to load runtime: PhotonHostRuntime.PhotonDomainManager from PhotonHostRuntime, Culture=neutral, PublicKeyToken=02C301B61B060C4D
20160: 13:46:17.060 - CLRBaseDirectory set to "E:\Dev\LarkFramework_V2\Server\PhotonServer\deploy"
20160: 13:46:17.060 - Optimising event broadcast for 20 or more peers
20160: 13:46:17.062 - Start: About to load CLR - versions available:
20160: 13:46:17.062 - v2.0.50727
20160: 13:46:17.062 - v4.0.30319
20160: 13:46:17.062 - No preference in configuration file, will load latest.
20160: 13:46:17.062 - About to load version: "v4.0.30319"
20160: 13:46:17.064 - Loaded version: "v4.0.30319"
20160: 13:46:17.329 - Photon host runtime loaded
20160: 13:46:19.349 - License is valid.
20160: 13:46:19.349 - Licensed for 100 concurrent connections.
20160: 13:46:19.349 - ENet: Max Reliable Data In Transit (awaiting ACKs) per peer : 51200 bytes
20160: 13:46:19.349 - ENet: Per peer bandwidth limit
20160: 13:46:19.349 - ENet: Transmit Rate Limit: 256 KB/Sec
20160: 13:46:19.349 - ENet: Limit period: 200ms
20160: 13:46:19.349 - ENet: Limit per period: 52428 bytes
20160: 13:46:19.349 - ENet: Max queued data for transmission per peer: 512000 bytes
20160: 13:46:19.349 - ENet: Minimum retransmit timeout: 200
20160: 13:46:19.349 - No Maximum retransmit timeout
20160: 13:46:19.349 - ENet: Minimum timeout: 5000ms
20160: 13:46:19.349 - ENet: Maximum timeout: 30000ms
20160: 13:46:19.349 - ENet: Max Inbound Reliable Data Queued (awaiting resends of earlier sequence numbers) per peer : 163840 bytes
20160: 13:46:19.349 - No RTT ACK adjustment timeout
20160: 13:46:19.350 - About to load application: PhotonServerDemo from PhotonServerDemo
20160: 13:46:19.350 - Auto restart is enabled for application, existing connections will be terminated during restart
20160: 13:46:19.350 - Application will restart 1000ms after the last change detected
20160: 13:46:19.350 - Application will restart if files matching the following are changed: "dll;config"
20160: 13:46:19.350 - Application will NOT restart if files matching the following are changed: "log4net.config"
20160: 13:46:19.614 - Taking reference on default app domain
20160: 13:46:19.969 - Application: "PhotonServerDemo" started in app domain: 2
20160: 13:46:19.970 - Adding TCP listener on: 0.0.0.0: 4530 with a listen backlog of: 150
20160: 13:46:19.970 - TCP inactivity timeout: 10000ms
20160: 13:46:19.970 - TCP disconnect timeout: 120000ms
20160: 13:46:19.970 - MaxInboundMessageSize: 512000
20160: 13:46:19.970 - MaxOutboundMessageSize: 512000
20160: 13:46:19.970 - Forcing all applications ids to: "PhotonServerDemo"
20160: 13:46:19.982 - Serving policy file requests from: "E:\Dev\LarkFramework_V2\Server\PhotonServer\deploy\Policy\assets\socket-policy.xml"
20160: 13:46:19.982 - Adding TCP listener on: 0.0.0.0: 4520 with a listen backlog of: 150
20160: 13:46:19.982 - TCP inactivity timeout: 5000ms
20160: 13:46:19.982 - TCP disconnect timeout: 120000ms
20160: 13:46:19.982 - MaxInboundMessageSize: 512000
20160: 13:46:19.982 - MaxOutboundMessageSize: 512000
20160: 13:46:19.982 - Forcing all applications ids to: "PhotonServerDemo"
20160: 13:46:19.982 - MaxInboundMessageSize: 512000
20160: 13:46:19.982 - MaxOutboundMessageSize: 512000
20160: 13:46:19.982 - UDP address specified as: "0.0.0.0" adding listener to each available IPv4 address
20160: 13:46:19.984 - Adding UDP listener on: 192.168.28.1: 5055 with a listen backlog of: 500
20160: 13:46:19.984 - Adding UDP listener on: 192.168.237.1: 5055 with a listen backlog of: 500
20160: 13:46:19.984 - Adding UDP listener on: 192.168.16.136: 5055 with a listen backlog of: 500
20160: 13:46:19.984 - Adding UDP listener on: 192.168.123.1: 5055 with a listen backlog of: 500
20160: 13:46:19.984 - Adding UDP listener on: 127.0.0.1: 5055 with a listen backlog of: 500
20160: 13:46:20.029 - Service is running...
20160: 14:52:37.580 - Service is stopped...
20160: 14:52:37.580 - Server shutting down...
20160: 14:52:37.580 - Shutdown monitoring enabled, 30000ms before process abort
20160: 14:52:37.598 - Notifying CLR applications of shutdown...
20160: 14:52:37.598 - RequestApplicationStop: 2
20160: 14:52:37.634 - RequestStop: defalt app domain
20160: 14:52:37.636 - Shutting down WebSocket Outbound Connection Manager...
20160: 14:52:37.728 - Shutting down TCP Outbound Connection Manager...
20160: 14:52:37.895 - Shutting down ENet Outbound Connection Manager...
20160: 14:52:37.895 - Disconnecting all outbound peers...
20160: 14:52:37.905 - Shutting down ENet host...
20160: 14:52:37.905 - Disconnecting all peers...
20160: 14:52:37.905 - Shutting down socket servers...
20160: 14:52:37.905 - Shutting down ENet thread pool...
20160: 14:52:37.905 - Shutting down TCP inactivity timers...
20160: 14:52:37.906 - WaitingForShutdownToComplete: TCP:0.0.0.0:4520
20160: 14:52:37.906 - OnShutdownCompleted: TCP:0.0.0.0:4520
20160: 14:52:37.906 - WaitingForShutdownToComplete: TCP:0.0.0.0:4530
20160: 14:52:37.906 - OnShutdownCompleted: TCP:0.0.0.0:4530
20160: 14:52:37.906 - WaitingForShutdownToComplete: UDP:127.0.0.1:5055
20160: 14:52:37.906 - OnShutdownCompleted: UDP:127.0.0.1:5055
20160: 14:52:37.906 - WaitingForShutdownToComplete: UDP:192.168.123.1:5055
20160: 14:52:37.906 - OnShutdownCompleted: UDP:192.168.123.1:5055
20160: 14:52:37.906 - WaitingForShutdownToComplete: UDP:192.168.16.136:5055
20160: 14:52:37.906 - OnShutdownCompleted: UDP:192.168.16.136:5055
20160: 14:52:37.906 - WaitingForShutdownToComplete: UDP:192.168.237.1:5055
20160: 14:52:37.906 - OnShutdownCompleted: UDP:192.168.237.1:5055
20160: 14:52:37.906 - WaitingForShutdownToComplete: UDP:192.168.28.1:5055
20160: 14:52:37.906 - OnShutdownCompleted: UDP:192.168.28.1:5055
20160: 14:52:37.927 - Shutting down CLR applications...
20160: 14:52:37.929 - Shutting down business logic thread pool...
8104: 14:52:37.930 - CManagedHost::OnDefaultAction() - OPR_AppDomainUnload - eUnloadAppDomain
20160: 14:52:37.930 - Shutting down I/O thread pool...
20160: 14:52:37.930 - Destroying servers
20160: 14:52:37.935 - Destroying WebSocket Outbound Connection Manager
20160: 14:52:37.935 - Destroying TCP Outbound Connection Manager
20160: 14:52:37.935 - Destroying TCP inactivity timer
20160: 14:52:37.935 - Destroying ENet timer wheel
20160: 14:52:37.935 - Destroying ENet host
20160: 14:52:37.935 - Destroying ENet outbound host
20160: 14:52:37.935 - Destroying HTTP inactivity timer
20160: 14:52:37.935 - Destroying HTTP host
20160: 14:52:37.935 - Destroying HTTP Chunk host
20160: 14:52:37.935 - Flushing ENET buffer allocator...
20160: 14:52:37.937 - Flushing TCP buffer handle allocator...
20160: 14:52:37.937 - Flushing stream socket allocator...
20160: 14:52:37.938 - Flushing inbound datagram socket allocator...
16940: 14:52:37.938 - Unloading Domain: ApplicationName = 'PhotonServerDemo', DomainId='2'
8104: 14:52:37.939 - CManagedHost::OnDomainUnload() - 2
20160: 14:52:37.939 - Flushing outbound datagram socket allocator...
20160: 14:52:37.939 - Destroying CLR dispatcher
20160: 14:52:37.939 - Destroying CLR applications
20160: 14:52:37.947 - ~CCLRApplicationCollection() - Waiting up to 10 seconds for the CLR to release all of our objects
20160: 14:52:37.954 - ~CCLRApplicationCollection() - Done. All objects released
20160: 14:52:37.954 - ~CManagedHost() - Release default app domain
20160: 14:52:37.954 - CManagedHost::OnDomainUnload() - 1
20160: 14:52:37.954 - ~CManagedHost() - Waiting up to 10 seconds for CLR shutdown...
20160: 14:52:37.963 - ~CManagedHost
20160: 14:52:37.963 - Destroying ENet thread pool
20160: 14:52:37.963 - Destroying Business logic thread pool
20160: 14:52:37.963 - Destroying I/O thread pool
20160: 14:52:37.963 - Destroying ENet buffer allocator
20160: 14:52:37.963 - Destroying TCP buffer allocator
20160: 14:52:37.963 - Destroying TCP socket allocator
20160: 14:52:37.963 - Destroying ENet inbound socket allocator
20160: 14:52:37.963 - Destroying ENet outbound socket allocator
20160: 14:52:37.963 - Destroying shared datagram flow control data
20160: 14:52:38.003 - Shutdown complete...
20160: 14:52:38.004 - Service shutting down
20160: 14:52:38.006 - Service shut down complete
3496: 14:52:57.961 - ---
3496: 14:52:57.961 - Service: "Photon Socket Server" starting
3496: 14:52:57.961 - Config File: E:\Dev\LarkFramework_V2\Server\PhotonServer\deploy\bin_Win64\PhotonServer.config
3496: 14:52:57.963 - Will produce at most: 10 crash dumps
3496: 14:52:57.963 - Action: run as exe
3496: 14:52:57.963 - Server Starting...
3496: 14:52:57.963 -    Tick count: 21490656 (wraps in: 49.4615 days)
3496: 14:52:57.963 - Tick count 64: 21490656
3496: 14:52:57.963 - Photon Version: 4.0.28.2962
3496: 14:52:57.963 - PID: 17292
3496: 14:52:57.963 - Config File: E:\Dev\LarkFramework_V2\Server\PhotonServer\deploy\bin_Win64\PhotonServer.config
3496: 14:52:57.964 - Will NOT log unimportant exceptions
3496: 14:52:57.966 - Not using performance counters as they are not currently installed. Run the service with /InstallCounters to install them.
3496: 14:52:57.967 - Shutdown timeout enabled: 30000ms
3496: 14:52:57.967 - Starting I/O thread pool with 2 threads
3496: 14:52:57.967 - Using Standard allocator
3496: 14:52:57.967 - Max message size: 512000
3496: 14:52:57.967 - Starting business logic thread pool with the following settings
3496: 14:52:57.967 - InitialThreads: 4 threads
3496: 14:52:57.967 - MinThreads: 4 threads
3496: 14:52:57.967 - Thread pool is fixed size
3496: 14:52:57.967 - Starting ENet thread pool with the following settings
3496: 14:52:57.967 - InitialThreads: 2 threads
3496: 14:52:57.967 - MinThreads: 2 threads
3496: 14:52:57.967 - Thread pool is fixed size
3496: 14:52:57.967 - OnlyDispatchTimers: False
3496: 14:52:57.967 - S2S: flow control: Max pending writes: 50
3496: 14:52:57.967 - S2S: flow control: Max queued buffers: 200
3496: 14:52:57.967 - S2S: flow control: Max pending writes MUX: 500
3496: 14:52:57.967 - S2S: flow control: Max queued buffers MUX: 2000
3496: 14:52:57.967 - S2S: MaxInboundMessageSize: 512000
3496: 14:52:57.967 - S2S: MaxOutboundMessageSize: 512000
3496: 14:52:57.967 - S2S: No inactivity timeout
3496: 14:52:57.976 - WebSocket S2S: MaxInboundMessageSize: 512000
3496: 14:52:57.976 - WebSocket S2S: MaxOutboundMessageSize: 512000
3496: 14:52:57.976 - WebSocket S2S: No inactivity timeout
3496: 14:52:57.976 - Max Reliable Data In Transit (awaiting ACKs) per peer : 51200 bytes
3496: 14:52:57.976 - Per peer bandwidth limit
3496: 14:52:57.976 - Transmit Rate Limit: 256 KB/Sec
3496: 14:52:57.976 - Limit period: 200ms
3496: 14:52:57.976 - Limit per period: 52428 bytes
3496: 14:52:57.976 - Max queued data for transmission per peer: 512000 bytes
3496: 14:52:57.976 - Minimum retransmit timeout: 200
3496: 14:52:57.976 - No Maximum retransmit timeout
3496: 14:52:57.976 - Minimum ENet timeout: 5000ms
3496: 14:52:57.976 - Maximum ENet timeout: 30000ms
3496: 14:52:57.976 - Max Inbound Reliable Data Queued (awaiting resends of earlier sequence numbers) per peer : 163840 bytes
3496: 14:52:57.976 - No RTT ACK adjustment timeout
3496: 14:52:57.976 - Outbound ENet: MaxInboundMessageSize: 512000
3496: 14:52:57.976 - Outbound ENet: MaxOutboundMessageSize: 512000
3496: 14:52:57.978 - GetRuntime - About to load CLR - versions available:
3496: 14:52:57.978 - v2.0.50727
3496: 14:52:57.978 - v4.0.30319
3496: 14:52:57.978 - Configuration requests: "v2.0.50727"
3496: 14:52:57.978 - About to load version: "v2.0.50727"
3496: 14:52:57.983 - About to load runtime: PhotonHostRuntime.PhotonDomainManager from PhotonHostRuntime, Culture=neutral, PublicKeyToken=02C301B61B060C4D
3496: 14:52:57.983 - CLRBaseDirectory set to "E:\Dev\LarkFramework_V2\Server\PhotonServer\deploy"
3496: 14:52:57.983 - Optimising event broadcast for 20 or more peers
3496: 14:52:57.984 - Start: About to load CLR - versions available:
3496: 14:52:57.984 - v2.0.50727
3496: 14:52:57.984 - v4.0.30319
3496: 14:52:57.984 - No preference in configuration file, will load latest.
3496: 14:52:57.984 - About to load version: "v4.0.30319"
3496: 14:52:57.985 - Loaded version: "v4.0.30319"
3496: 14:52:58.135 - Photon host runtime loaded
3496: 14:52:59.886 - License is valid.
3496: 14:52:59.886 - Licensed for 100 concurrent connections.
3496: 14:52:59.886 - ENet: Max Reliable Data In Transit (awaiting ACKs) per peer : 51200 bytes
3496: 14:52:59.886 - ENet: Per peer bandwidth limit
3496: 14:52:59.886 - ENet: Transmit Rate Limit: 256 KB/Sec
3496: 14:52:59.886 - ENet: Limit period: 200ms
3496: 14:52:59.886 - ENet: Limit per period: 52428 bytes
3496: 14:52:59.886 - ENet: Max queued data for transmission per peer: 512000 bytes
3496: 14:52:59.886 - ENet: Minimum retransmit timeout: 200
3496: 14:52:59.886 - No Maximum retransmit timeout
3496: 14:52:59.886 - ENet: Minimum timeout: 5000ms
3496: 14:52:59.886 - ENet: Maximum timeout: 30000ms
3496: 14:52:59.886 - ENet: Max Inbound Reliable Data Queued (awaiting resends of earlier sequence numbers) per peer : 163840 bytes
3496: 14:52:59.886 - No RTT ACK adjustment timeout
3496: 14:52:59.886 - About to load application: PhotonServerDemo from PhotonServerDemo
3496: 14:52:59.886 - Auto restart is enabled for application, existing connections will be terminated during restart
3496: 14:52:59.886 - Application will restart 1000ms after the last change detected
3496: 14:52:59.886 - Application will restart if files matching the following are changed: "dll;config"
3496: 14:52:59.886 - Application will NOT restart if files matching the following are changed: "log4net.config"
3496: 14:52:59.969 - Taking reference on default app domain
3496: 14:53:00.031 - Application: "PhotonServerDemo" started in app domain: 2
3496: 14:53:00.031 - Adding TCP listener on: 0.0.0.0: 4530 with a listen backlog of: 150
3496: 14:53:00.031 - TCP inactivity timeout: 10000ms
3496: 14:53:00.031 - TCP disconnect timeout: 120000ms
3496: 14:53:00.031 - MaxInboundMessageSize: 512000
3496: 14:53:00.031 - MaxOutboundMessageSize: 512000
3496: 14:53:00.031 - Forcing all applications ids to: "PhotonServerDemo"
3496: 14:53:00.031 - Serving policy file requests from: "E:\Dev\LarkFramework_V2\Server\PhotonServer\deploy\Policy\assets\socket-policy.xml"
3496: 14:53:00.031 - Adding TCP listener on: 0.0.0.0: 4520 with a listen backlog of: 150
3496: 14:53:00.031 - TCP inactivity timeout: 5000ms
3496: 14:53:00.031 - TCP disconnect timeout: 120000ms
3496: 14:53:00.031 - MaxInboundMessageSize: 512000
3496: 14:53:00.031 - MaxOutboundMessageSize: 512000
3496: 14:53:00.031 - Forcing all applications ids to: "PhotonServerDemo"
3496: 14:53:00.031 - MaxInboundMessageSize: 512000
3496: 14:53:00.031 - MaxOutboundMessageSize: 512000
3496: 14:53:00.031 - UDP address specified as: "0.0.0.0" adding listener to each available IPv4 address
3496: 14:53:00.032 - Adding UDP listener on: 192.168.28.1: 5055 with a listen backlog of: 500
3496: 14:53:00.032 - Adding UDP listener on: 192.168.237.1: 5055 with a listen backlog of: 500
3496: 14:53:00.032 - Adding UDP listener on: 192.168.16.136: 5055 with a listen backlog of: 500
3496: 14:53:00.032 - Adding UDP listener on: 192.168.123.1: 5055 with a listen backlog of: 500
3496: 14:53:00.032 - Adding UDP listener on: 127.0.0.1: 5055 with a listen backlog of: 500
3496: 14:53:00.053 - Service is running...
19772: 16:01:16.772 - Restarting application: "PhotonServerDemo" due to file changes
19772: 16:01:16.772 - Application: "PhotonServerDemo" restart request (abort existing connections)
19772: 16:01:16.865 - Failed to restart application: CManagedHost::CreateApplicationInNewAppDomain() - Failed to create new application domain for : "PhotonServerDemo" - Can't find PhotonServerDemo.dll in E:\Dev\LarkFramework_V2\Server\PhotonServer\deploy\PhotonServerDemo\bin or E:\Dev\LarkFramework_V2\Server\PhotonServer\deploy\PhotonServerDemo\bin
3496: 16:01:17.657 - Service is stopped...
3496: 16:01:17.657 - Server shutting down...
3496: 16:01:17.657 - Shutdown monitoring enabled, 30000ms before process abort
3496: 16:01:17.671 - Notifying CLR applications of shutdown...
3496: 16:01:17.671 - RequestApplicationStop: 2
3496: 16:01:17.684 - RequestStop: defalt app domain
3496: 16:01:17.686 - Shutting down WebSocket Outbound Connection Manager...
3496: 16:01:17.695 - Shutting down TCP Outbound Connection Manager...
3496: 16:01:17.706 - Shutting down ENet Outbound Connection Manager...
3496: 16:01:17.706 - Disconnecting all outbound peers...
3496: 16:01:17.712 - Shutting down ENet host...
3496: 16:01:17.712 - Disconnecting all peers...
3496: 16:01:17.712 - Shutting down socket servers...
3496: 16:01:17.712 - Shutting down ENet thread pool...
3496: 16:01:17.712 - Shutting down TCP inactivity timers...
3496: 16:01:17.713 - WaitingForShutdownToComplete: TCP:0.0.0.0:4520
3496: 16:01:17.713 - OnShutdownCompleted: TCP:0.0.0.0:4520
3496: 16:01:17.713 - WaitingForShutdownToComplete: TCP:0.0.0.0:4530
3496: 16:01:17.713 - OnShutdownCompleted: TCP:0.0.0.0:4530
3496: 16:01:17.713 - WaitingForShutdownToComplete: UDP:127.0.0.1:5055
3496: 16:01:17.713 - OnShutdownCompleted: UDP:127.0.0.1:5055
3496: 16:01:17.713 - WaitingForShutdownToComplete: UDP:192.168.123.1:5055
3496: 16:01:17.713 - OnShutdownCompleted: UDP:192.168.123.1:5055
3496: 16:01:17.713 - WaitingForShutdownToComplete: UDP:192.168.16.136:5055
3496: 16:01:17.713 - OnShutdownCompleted: UDP:192.168.16.136:5055
3496: 16:01:17.713 - WaitingForShutdownToComplete: UDP:192.168.237.1:5055
3496: 16:01:17.713 - OnShutdownCompleted: UDP:192.168.237.1:5055
3496: 16:01:17.713 - WaitingForShutdownToComplete: UDP:192.168.28.1:5055
3496: 16:01:17.713 - OnShutdownCompleted: UDP:192.168.28.1:5055
3496: 16:01:17.713 - Shutting down CLR applications...
3496: 16:01:17.716 - Shutting down business logic thread pool...
3496: 16:01:17.716 - Shutting down I/O thread pool...
11204: 16:01:17.716 - CManagedHost::OnDefaultAction() - OPR_AppDomainUnload - eUnloadAppDomain
3496: 16:01:17.716 - Destroying servers
3496: 16:01:17.717 - Destroying WebSocket Outbound Connection Manager
3496: 16:01:17.717 - Destroying TCP Outbound Connection Manager
3496: 16:01:17.717 - Destroying TCP inactivity timer
3496: 16:01:17.717 - Destroying ENet timer wheel
3496: 16:01:17.717 - Destroying ENet host
3496: 16:01:17.717 - Destroying ENet outbound host
3496: 16:01:17.717 - Destroying HTTP inactivity timer
3496: 16:01:17.717 - Destroying HTTP host
3496: 16:01:17.717 - Destroying HTTP Chunk host
3496: 16:01:17.717 - Flushing ENET buffer allocator...
16940: 16:01:17.720 - Unloading Domain: ApplicationName = 'PhotonServerDemo', DomainId='2'
3496: 16:01:17.720 - Flushing TCP buffer handle allocator...
3496: 16:01:17.720 - Flushing stream socket allocator...
11204: 16:01:17.720 - CManagedHost::OnDomainUnload() - 2
3496: 16:01:17.720 - Flushing inbound datagram socket allocator...
3496: 16:01:17.722 - Flushing outbound datagram socket allocator...
3496: 16:01:17.722 - Destroying CLR dispatcher
3496: 16:01:17.722 - Destroying CLR applications
3496: 16:01:17.722 - ~CCLRApplicationCollection() - Waiting up to 10 seconds for the CLR to release all of our objects
3496: 16:01:17.734 - ~CCLRApplicationCollection() - Done. All objects released
3496: 16:01:17.735 - ~CManagedHost() - Release default app domain
3496: 16:01:17.735 - CManagedHost::OnDomainUnload() - 1
3496: 16:01:17.735 - ~CManagedHost() - Waiting up to 10 seconds for CLR shutdown...
3496: 16:01:17.735 - ~CManagedHost
3496: 16:01:17.743 - Destroying ENet thread pool
3496: 16:01:17.743 - Destroying Business logic thread pool
3496: 16:01:17.743 - Destroying I/O thread pool
3496: 16:01:17.743 - Destroying ENet buffer allocator
3496: 16:01:17.743 - Destroying TCP buffer allocator
3496: 16:01:17.743 - Destroying TCP socket allocator
3496: 16:01:17.743 - Destroying ENet inbound socket allocator
3496: 16:01:17.743 - Destroying ENet outbound socket allocator
3496: 16:01:17.743 - Destroying shared datagram flow control data
3496: 16:01:17.745 - Shutdown complete...
3496: 16:01:17.745 - Service shutting down
3496: 16:01:17.752 - Service shut down complete
14344: 16:02:11.704 - ---
14344: 16:02:11.704 - Service: "Photon Socket Server" starting
14344: 16:02:11.704 - Config File: E:\Dev\LarkFramework_V2\Server\PhotonServer\deploy\bin_Win64\PhotonServer.config
14344: 16:02:11.706 - Will produce at most: 10 crash dumps
14344: 16:02:11.706 - Action: run as exe
14344: 16:02:11.706 - Server Starting...
14344: 16:02:11.706 -    Tick count: 25644406 (wraps in: 49.4135 days)
14344: 16:02:11.706 - Tick count 64: 25644406
14344: 16:02:11.706 - Photon Version: 4.0.28.2962
14344: 16:02:11.706 - PID: 17832
14344: 16:02:11.706 - Config File: E:\Dev\LarkFramework_V2\Server\PhotonServer\deploy\bin_Win64\PhotonServer.config
14344: 16:02:11.707 - Will NOT log unimportant exceptions
14344: 16:02:11.708 - Not using performance counters as they are not currently installed. Run the service with /InstallCounters to install them.
14344: 16:02:11.708 - Shutdown timeout enabled: 30000ms
14344: 16:02:11.709 - Starting I/O thread pool with 2 threads
14344: 16:02:11.709 - Using Standard allocator
14344: 16:02:11.709 - Max message size: 512000
14344: 16:02:11.709 - Starting business logic thread pool with the following settings
14344: 16:02:11.709 - InitialThreads: 4 threads
14344: 16:02:11.709 - MinThreads: 4 threads
14344: 16:02:11.709 - Thread pool is fixed size
14344: 16:02:11.709 - Starting ENet thread pool with the following settings
14344: 16:02:11.709 - InitialThreads: 2 threads
14344: 16:02:11.709 - MinThreads: 2 threads
14344: 16:02:11.709 - Thread pool is fixed size
14344: 16:02:11.709 - OnlyDispatchTimers: False
14344: 16:02:11.709 - S2S: flow control: Max pending writes: 50
14344: 16:02:11.709 - S2S: flow control: Max queued buffers: 200
14344: 16:02:11.709 - S2S: flow control: Max pending writes MUX: 500
14344: 16:02:11.709 - S2S: flow control: Max queued buffers MUX: 2000
14344: 16:02:11.709 - S2S: MaxInboundMessageSize: 512000
14344: 16:02:11.709 - S2S: MaxOutboundMessageSize: 512000
14344: 16:02:11.709 - S2S: No inactivity timeout
14344: 16:02:11.716 - WebSocket S2S: MaxInboundMessageSize: 512000
14344: 16:02:11.716 - WebSocket S2S: MaxOutboundMessageSize: 512000
14344: 16:02:11.716 - WebSocket S2S: No inactivity timeout
14344: 16:02:11.716 - Max Reliable Data In Transit (awaiting ACKs) per peer : 51200 bytes
14344: 16:02:11.716 - Per peer bandwidth limit
14344: 16:02:11.716 - Transmit Rate Limit: 256 KB/Sec
14344: 16:02:11.716 - Limit period: 200ms
14344: 16:02:11.716 - Limit per period: 52428 bytes
14344: 16:02:11.716 - Max queued data for transmission per peer: 512000 bytes
14344: 16:02:11.716 - Minimum retransmit timeout: 200
14344: 16:02:11.716 - No Maximum retransmit timeout
14344: 16:02:11.716 - Minimum ENet timeout: 5000ms
14344: 16:02:11.716 - Maximum ENet timeout: 30000ms
14344: 16:02:11.716 - Max Inbound Reliable Data Queued (awaiting resends of earlier sequence numbers) per peer : 163840 bytes
14344: 16:02:11.716 - No RTT ACK adjustment timeout
14344: 16:02:11.716 - Outbound ENet: MaxInboundMessageSize: 512000
14344: 16:02:11.716 - Outbound ENet: MaxOutboundMessageSize: 512000
14344: 16:02:11.718 - GetRuntime - About to load CLR - versions available:
14344: 16:02:11.718 - v2.0.50727
14344: 16:02:11.718 - v4.0.30319
14344: 16:02:11.718 - Configuration requests: "v2.0.50727"
14344: 16:02:11.718 - About to load version: "v2.0.50727"
14344: 16:02:11.724 - About to load runtime: PhotonHostRuntime.PhotonDomainManager from PhotonHostRuntime, Culture=neutral, PublicKeyToken=02C301B61B060C4D
14344: 16:02:11.724 - CLRBaseDirectory set to "E:\Dev\LarkFramework_V2\Server\PhotonServer\deploy"
14344: 16:02:11.724 - Optimising event broadcast for 20 or more peers
14344: 16:02:11.724 - Start: About to load CLR - versions available:
14344: 16:02:11.724 - v2.0.50727
14344: 16:02:11.724 - v4.0.30319
14344: 16:02:11.724 - No preference in configuration file, will load latest.
14344: 16:02:11.724 - About to load version: "v4.0.30319"
14344: 16:02:11.726 - Loaded version: "v4.0.30319"
14344: 16:02:11.876 - Photon host runtime loaded
14344: 16:02:13.648 - License is valid.
14344: 16:02:13.648 - Licensed for 100 concurrent connections.
14344: 16:02:13.648 - ENet: Max Reliable Data In Transit (awaiting ACKs) per peer : 51200 bytes
14344: 16:02:13.648 - ENet: Per peer bandwidth limit
14344: 16:02:13.648 - ENet: Transmit Rate Limit: 256 KB/Sec
14344: 16:02:13.648 - ENet: Limit period: 200ms
14344: 16:02:13.648 - ENet: Limit per period: 52428 bytes
14344: 16:02:13.648 - ENet: Max queued data for transmission per peer: 512000 bytes
14344: 16:02:13.648 - ENet: Minimum retransmit timeout: 200
14344: 16:02:13.648 - No Maximum retransmit timeout
14344: 16:02:13.648 - ENet: Minimum timeout: 5000ms
14344: 16:02:13.648 - ENet: Maximum timeout: 30000ms
14344: 16:02:13.648 - ENet: Max Inbound Reliable Data Queued (awaiting resends of earlier sequence numbers) per peer : 163840 bytes
14344: 16:02:13.648 - No RTT ACK adjustment timeout
14344: 16:02:13.648 - About to load application: PhotonServerDemo from PhotonServerDemo
14344: 16:02:13.648 - Auto restart is enabled for application, existing connections will be terminated during restart
14344: 16:02:13.648 - Application will restart 1000ms after the last change detected
14344: 16:02:13.648 - Application will restart if files matching the following are changed: "dll;config"
14344: 16:02:13.648 - Application will NOT restart if files matching the following are changed: "log4net.config"
14344: 16:02:13.754 - Taking reference on default app domain
14344: 16:02:13.894 - Application: "PhotonServerDemo" started in app domain: 2
14344: 16:02:13.894 - Adding TCP listener on: 0.0.0.0: 4530 with a listen backlog of: 150
14344: 16:02:13.894 - TCP inactivity timeout: 10000ms
14344: 16:02:13.894 - TCP disconnect timeout: 120000ms
14344: 16:02:13.894 - MaxInboundMessageSize: 512000
14344: 16:02:13.894 - MaxOutboundMessageSize: 512000
14344: 16:02:13.894 - Forcing all applications ids to: "PhotonServerDemo"
14344: 16:02:13.894 - Serving policy file requests from: "E:\Dev\LarkFramework_V2\Server\PhotonServer\deploy\Policy\assets\socket-policy.xml"
14344: 16:02:13.894 - Adding TCP listener on: 0.0.0.0: 4520 with a listen backlog of: 150
14344: 16:02:13.894 - TCP inactivity timeout: 5000ms
14344: 16:02:13.894 - TCP disconnect timeout: 120000ms
14344: 16:02:13.894 - MaxInboundMessageSize: 512000
14344: 16:02:13.894 - MaxOutboundMessageSize: 512000
14344: 16:02:13.894 - Forcing all applications ids to: "PhotonServerDemo"
14344: 16:02:13.895 - MaxInboundMessageSize: 512000
14344: 16:02:13.895 - MaxOutboundMessageSize: 512000
14344: 16:02:13.895 - UDP address specified as: "0.0.0.0" adding listener to each available IPv4 address
14344: 16:02:13.895 - Adding UDP listener on: 192.168.28.1: 5055 with a listen backlog of: 500
14344: 16:02:13.895 - Adding UDP listener on: 192.168.237.1: 5055 with a listen backlog of: 500
14344: 16:02:13.895 - Adding UDP listener on: 192.168.16.136: 5055 with a listen backlog of: 500
14344: 16:02:13.895 - Adding UDP listener on: 192.168.123.1: 5055 with a listen backlog of: 500
14344: 16:02:13.895 - Adding UDP listener on: 127.0.0.1: 5055 with a listen backlog of: 500
14344: 16:02:13.945 - Service is running...
14344: 16:15:46.728 - Service is stopped...
14344: 16:15:46.728 - Server shutting down...
14344: 16:15:46.728 - Shutdown monitoring enabled, 30000ms before process abort
14344: 16:15:46.728 - Notifying CLR applications of shutdown...
14344: 16:15:46.728 - RequestApplicationStop: 2
14344: 16:15:46.736 - RequestStop: defalt app domain
14344: 16:15:46.738 - Shutting down WebSocket Outbound Connection Manager...
14344: 16:15:46.738 - Shutting down TCP Outbound Connection Manager...
14344: 16:15:46.738 - Shutting down ENet Outbound Connection Manager...
14344: 16:15:46.738 - Disconnecting all outbound peers...
14344: 16:15:46.738 - Shutting down ENet host...
14344: 16:15:46.738 - Disconnecting all peers...
14344: 16:15:46.738 - Shutting down socket servers...
14344: 16:15:46.738 - Shutting down ENet thread pool...
14344: 16:15:46.738 - Shutting down TCP inactivity timers...
14344: 16:15:46.738 - WaitingForShutdownToComplete: TCP:0.0.0.0:4520
14344: 16:15:46.738 - OnShutdownCompleted: TCP:0.0.0.0:4520
14344: 16:15:46.738 - WaitingForShutdownToComplete: TCP:0.0.0.0:4530
14344: 16:15:46.738 - OnShutdownCompleted: TCP:0.0.0.0:4530
14344: 16:15:46.738 - WaitingForShutdownToComplete: UDP:127.0.0.1:5055
14344: 16:15:46.738 - OnShutdownCompleted: UDP:127.0.0.1:5055
14344: 16:15:46.738 - WaitingForShutdownToComplete: UDP:192.168.123.1:5055
14344: 16:15:46.738 - OnShutdownCompleted: UDP:192.168.123.1:5055
14344: 16:15:46.738 - WaitingForShutdownToComplete: UDP:192.168.16.136:5055
14344: 16:15:46.738 - OnShutdownCompleted: UDP:192.168.16.136:5055
14344: 16:15:46.738 - WaitingForShutdownToComplete: UDP:192.168.237.1:5055
14344: 16:15:46.738 - OnShutdownCompleted: UDP:192.168.237.1:5055
14344: 16:15:46.738 - WaitingForShutdownToComplete: UDP:192.168.28.1:5055
14344: 16:15:46.738 - OnShutdownCompleted: UDP:192.168.28.1:5055
14344: 16:15:46.738 - Shutting down CLR applications...
14344: 16:15:46.740 - Shutting down business logic thread pool...
17116: 16:15:46.740 - CManagedHost::OnDefaultAction() - OPR_AppDomainUnload - eUnloadAppDomain
14344: 16:15:46.740 - Shutting down I/O thread pool...
14344: 16:15:46.740 - Destroying servers
14344: 16:15:46.740 - Destroying WebSocket Outbound Connection Manager
14344: 16:15:46.740 - Destroying TCP Outbound Connection Manager
14344: 16:15:46.740 - Destroying TCP inactivity timer
14344: 16:15:46.740 - Destroying ENet timer wheel
14344: 16:15:46.740 - Destroying ENet host
14344: 16:15:46.740 - Destroying ENet outbound host
14344: 16:15:46.740 - Destroying HTTP inactivity timer
14344: 16:15:46.740 - Destroying HTTP host
14344: 16:15:46.740 - Destroying HTTP Chunk host
14344: 16:15:46.740 - Flushing ENET buffer allocator...
14344: 16:15:46.743 - Flushing TCP buffer handle allocator...
14344: 16:15:46.743 - Flushing stream socket allocator...
14344: 16:15:46.744 - Flushing inbound datagram socket allocator...
14344: 16:15:46.746 - Flushing outbound datagram socket allocator...
14344: 16:15:46.746 - Destroying CLR dispatcher
14344: 16:15:46.746 - Destroying CLR applications
18152: 16:15:46.748 - Unloading Domain: ApplicationName = 'PhotonServerDemo', DomainId='2'
17116: 16:15:46.748 - CManagedHost::OnDomainUnload() - 2
14344: 16:15:46.763 - ~CCLRApplicationCollection() - Waiting up to 10 seconds for the CLR to release all of our objects
14344: 16:15:46.771 - ~CCLRApplicationCollection() - Done. All objects released
14344: 16:15:46.771 - ~CManagedHost() - Release default app domain
14344: 16:15:46.771 - CManagedHost::OnDomainUnload() - 1
14344: 16:15:46.771 - ~CManagedHost() - Waiting up to 10 seconds for CLR shutdown...
14344: 16:15:46.772 - ~CManagedHost
14344: 16:15:46.772 - Destroying ENet thread pool
14344: 16:15:46.772 - Destroying Business logic thread pool
14344: 16:15:46.772 - Destroying I/O thread pool
14344: 16:15:46.772 - Destroying ENet buffer allocator
14344: 16:15:46.772 - Destroying TCP buffer allocator
14344: 16:15:46.772 - Destroying TCP socket allocator
14344: 16:15:46.772 - Destroying ENet inbound socket allocator
14344: 16:15:46.772 - Destroying ENet outbound socket allocator
14344: 16:15:46.772 - Destroying shared datagram flow control data
14344: 16:15:46.772 - Shutdown complete...
14344: 16:15:46.772 - Service shutting down
14344: 16:15:46.774 - Service shut down complete
22636: 16:15:58.257 - ---
22636: 16:15:58.257 - Service: "Photon Socket Server" starting
22636: 16:15:58.257 - Config File: E:\Dev\LarkFramework_V2\Server\PhotonServer\deploy\bin_Win64\PhotonServer.config
22636: 16:15:58.259 - Will produce at most: 10 crash dumps
22636: 16:15:58.259 - Action: run as exe
22636: 16:15:58.259 - Server Starting...
22636: 16:15:58.259 -    Tick count: 26470953 (wraps in: 49.4039 days)
22636: 16:15:58.259 - Tick count 64: 26470953
22636: 16:15:58.259 - Photon Version: 4.0.28.2962
22636: 16:15:58.259 - PID: 21300
22636: 16:15:58.259 - Config File: E:\Dev\LarkFramework_V2\Server\PhotonServer\deploy\bin_Win64\PhotonServer.config
22636: 16:15:58.259 - Will NOT log unimportant exceptions
22636: 16:15:58.261 - Not using performance counters as they are not currently installed. Run the service with /InstallCounters to install them.
22636: 16:15:58.262 - Shutdown timeout enabled: 30000ms
22636: 16:15:58.262 - Starting I/O thread pool with 2 threads
22636: 16:15:58.262 - Using Standard allocator
22636: 16:15:58.262 - Max message size: 512000
22636: 16:15:58.262 - Starting business logic thread pool with the following settings
22636: 16:15:58.262 - InitialThreads: 4 threads
22636: 16:15:58.262 - MinThreads: 4 threads
22636: 16:15:58.262 - Thread pool is fixed size
22636: 16:15:58.262 - Starting ENet thread pool with the following settings
22636: 16:15:58.262 - InitialThreads: 2 threads
22636: 16:15:58.262 - MinThreads: 2 threads
22636: 16:15:58.262 - Thread pool is fixed size
22636: 16:15:58.262 - OnlyDispatchTimers: False
22636: 16:15:58.262 - S2S: flow control: Max pending writes: 50
22636: 16:15:58.262 - S2S: flow control: Max queued buffers: 200
22636: 16:15:58.262 - S2S: flow control: Max pending writes MUX: 500
22636: 16:15:58.262 - S2S: flow control: Max queued buffers MUX: 2000
22636: 16:15:58.262 - S2S: MaxInboundMessageSize: 512000
22636: 16:15:58.262 - S2S: MaxOutboundMessageSize: 512000
22636: 16:15:58.262 - S2S: No inactivity timeout
22636: 16:15:58.268 - WebSocket S2S: MaxInboundMessageSize: 512000
22636: 16:15:58.268 - WebSocket S2S: MaxOutboundMessageSize: 512000
22636: 16:15:58.268 - WebSocket S2S: No inactivity timeout
22636: 16:15:58.268 - Max Reliable Data In Transit (awaiting ACKs) per peer : 51200 bytes
22636: 16:15:58.268 - Per peer bandwidth limit
22636: 16:15:58.268 - Transmit Rate Limit: 256 KB/Sec
22636: 16:15:58.268 - Limit period: 200ms
22636: 16:15:58.268 - Limit per period: 52428 bytes
22636: 16:15:58.268 - Max queued data for transmission per peer: 512000 bytes
22636: 16:15:58.268 - Minimum retransmit timeout: 200
22636: 16:15:58.268 - No Maximum retransmit timeout
22636: 16:15:58.268 - Minimum ENet timeout: 5000ms
22636: 16:15:58.268 - Maximum ENet timeout: 30000ms
22636: 16:15:58.268 - Max Inbound Reliable Data Queued (awaiting resends of earlier sequence numbers) per peer : 163840 bytes
22636: 16:15:58.268 - No RTT ACK adjustment timeout
22636: 16:15:58.268 - Outbound ENet: MaxInboundMessageSize: 512000
22636: 16:15:58.268 - Outbound ENet: MaxOutboundMessageSize: 512000
22636: 16:15:58.270 - GetRuntime - About to load CLR - versions available:
22636: 16:15:58.270 - v2.0.50727
22636: 16:15:58.270 - v4.0.30319
22636: 16:15:58.270 - Configuration requests: "v2.0.50727"
22636: 16:15:58.270 - About to load version: "v2.0.50727"
22636: 16:15:58.275 - About to load runtime: PhotonHostRuntime.PhotonDomainManager from PhotonHostRuntime, Culture=neutral, PublicKeyToken=02C301B61B060C4D
22636: 16:15:58.275 - CLRBaseDirectory set to "E:\Dev\LarkFramework_V2\Server\PhotonServer\deploy"
22636: 16:15:58.275 - Optimising event broadcast for 20 or more peers
22636: 16:15:58.276 - Start: About to load CLR - versions available:
22636: 16:15:58.276 - v2.0.50727
22636: 16:15:58.276 - v4.0.30319
22636: 16:15:58.276 - No preference in configuration file, will load latest.
22636: 16:15:58.276 - About to load version: "v4.0.30319"
22636: 16:15:58.277 - Loaded version: "v4.0.30319"
22636: 16:15:58.423 - Photon host runtime loaded
22636: 16:16:00.175 - License is valid.
22636: 16:16:00.175 - Licensed for 100 concurrent connections.
22636: 16:16:00.176 - ENet: Max Reliable Data In Transit (awaiting ACKs) per peer : 51200 bytes
22636: 16:16:00.176 - ENet: Per peer bandwidth limit
22636: 16:16:00.176 - ENet: Transmit Rate Limit: 256 KB/Sec
22636: 16:16:00.176 - ENet: Limit period: 200ms
22636: 16:16:00.176 - ENet: Limit per period: 52428 bytes
22636: 16:16:00.176 - ENet: Max queued data for transmission per peer: 512000 bytes
22636: 16:16:00.176 - ENet: Minimum retransmit timeout: 200
22636: 16:16:00.176 - No Maximum retransmit timeout
22636: 16:16:00.176 - ENet: Minimum timeout: 5000ms
22636: 16:16:00.176 - ENet: Maximum timeout: 30000ms
22636: 16:16:00.176 - ENet: Max Inbound Reliable Data Queued (awaiting resends of earlier sequence numbers) per peer : 163840 bytes
22636: 16:16:00.176 - No RTT ACK adjustment timeout
22636: 16:16:00.176 - About to load application: PhotonServerDemo from PhotonServerDemo
22636: 16:16:00.176 - Auto restart is enabled for application, existing connections will be terminated during restart
22636: 16:16:00.176 - Application will restart 1000ms after the last change detected
22636: 16:16:00.176 - Application will restart if files matching the following are changed: "dll;config"
22636: 16:16:00.176 - Application will NOT restart if files matching the following are changed: "log4net.config"
22636: 16:16:00.275 - Taking reference on default app domain
22636: 16:16:00.340 - Application: "PhotonServerDemo" started in app domain: 2
22636: 16:16:00.340 - Adding TCP listener on: 0.0.0.0: 4530 with a listen backlog of: 150
22636: 16:16:00.340 - TCP inactivity timeout: 10000ms
22636: 16:16:00.340 - TCP disconnect timeout: 120000ms
22636: 16:16:00.340 - MaxInboundMessageSize: 512000
22636: 16:16:00.340 - MaxOutboundMessageSize: 512000
22636: 16:16:00.340 - Forcing all applications ids to: "PhotonServerDemo"
22636: 16:16:00.340 - Serving policy file requests from: "E:\Dev\LarkFramework_V2\Server\PhotonServer\deploy\Policy\assets\socket-policy.xml"
22636: 16:16:00.340 - Adding TCP listener on: 0.0.0.0: 4520 with a listen backlog of: 150
22636: 16:16:00.341 - TCP inactivity timeout: 5000ms
22636: 16:16:00.341 - TCP disconnect timeout: 120000ms
22636: 16:16:00.341 - MaxInboundMessageSize: 512000
22636: 16:16:00.341 - MaxOutboundMessageSize: 512000
22636: 16:16:00.341 - Forcing all applications ids to: "PhotonServerDemo"
22636: 16:16:00.341 - MaxInboundMessageSize: 512000
22636: 16:16:00.341 - MaxOutboundMessageSize: 512000
22636: 16:16:00.341 - UDP address specified as: "0.0.0.0" adding listener to each available IPv4 address
22636: 16:16:00.399 - Adding UDP listener on: 192.168.28.1: 5055 with a listen backlog of: 500
22636: 16:16:00.399 - Adding UDP listener on: 192.168.237.1: 5055 with a listen backlog of: 500
22636: 16:16:00.399 - Adding UDP listener on: 192.168.16.136: 5055 with a listen backlog of: 500
22636: 16:16:00.399 - Adding UDP listener on: 192.168.123.1: 5055 with a listen backlog of: 500
22636: 16:16:00.399 - Adding UDP listener on: 127.0.0.1: 5055 with a listen backlog of: 500
22636: 16:16:00.421 - Service is running...
22636: 16:18:18.889 - Service is stopped...
22636: 16:18:18.889 - Server shutting down...
22636: 16:18:18.889 - Shutdown monitoring enabled, 30000ms before process abort
22636: 16:18:18.889 - Notifying CLR applications of shutdown...
22636: 16:18:18.889 - RequestApplicationStop: 2
22636: 16:18:18.892 - RequestStop: defalt app domain
22636: 16:18:18.893 - Shutting down WebSocket Outbound Connection Manager...
22636: 16:18:18.893 - Shutting down TCP Outbound Connection Manager...
22636: 16:18:18.893 - Shutting down ENet Outbound Connection Manager...
22636: 16:18:18.893 - Disconnecting all outbound peers...
22636: 16:18:18.893 - Shutting down ENet host...
22636: 16:18:18.893 - Disconnecting all peers...
22636: 16:18:18.893 - Shutting down socket servers...
22636: 16:18:18.893 - Shutting down ENet thread pool...
22636: 16:18:18.893 - Shutting down TCP inactivity timers...
22636: 16:18:18.894 - WaitingForShutdownToComplete: TCP:0.0.0.0:4520
22636: 16:18:18.894 - OnShutdownCompleted: TCP:0.0.0.0:4520
22636: 16:18:18.894 - WaitingForShutdownToComplete: TCP:0.0.0.0:4530
22636: 16:18:18.894 - OnShutdownCompleted: TCP:0.0.0.0:4530
22636: 16:18:18.894 - WaitingForShutdownToComplete: UDP:127.0.0.1:5055
22636: 16:18:18.894 - OnShutdownCompleted: UDP:127.0.0.1:5055
22636: 16:18:18.894 - WaitingForShutdownToComplete: UDP:192.168.123.1:5055
22636: 16:18:18.894 - OnShutdownCompleted: UDP:192.168.123.1:5055
22636: 16:18:18.894 - WaitingForShutdownToComplete: UDP:192.168.16.136:5055
22636: 16:18:18.894 - OnShutdownCompleted: UDP:192.168.16.136:5055
22636: 16:18:18.894 - WaitingForShutdownToComplete: UDP:192.168.237.1:5055
22636: 16:18:18.894 - OnShutdownCompleted: UDP:192.168.237.1:5055
22636: 16:18:18.894 - WaitingForShutdownToComplete: UDP:192.168.28.1:5055
22636: 16:18:18.894 - OnShutdownCompleted: UDP:192.168.28.1:5055
22636: 16:18:18.894 - Shutting down CLR applications...
22636: 16:18:18.896 - Shutting down business logic thread pool...
20204: 16:18:18.896 - CManagedHost::OnDefaultAction() - OPR_AppDomainUnload - eUnloadAppDomain
22636: 16:18:18.896 - Shutting down I/O thread pool...
22636: 16:18:18.897 - Destroying servers
22636: 16:18:18.897 - Destroying WebSocket Outbound Connection Manager
22636: 16:18:18.897 - Destroying TCP Outbound Connection Manager
22636: 16:18:18.897 - Destroying TCP inactivity timer
22636: 16:18:18.897 - Destroying ENet timer wheel
22636: 16:18:18.897 - Destroying ENet host
22636: 16:18:18.897 - Destroying ENet outbound host
22636: 16:18:18.897 - Destroying HTTP inactivity timer
22636: 16:18:18.897 - Destroying HTTP host
22636: 16:18:18.897 - Destroying HTTP Chunk host
22636: 16:18:18.897 - Flushing ENET buffer allocator...
22636: 16:18:18.900 - Flushing TCP buffer handle allocator...
22636: 16:18:18.900 - Flushing stream socket allocator...
22636: 16:18:18.901 - Flushing inbound datagram socket allocator...
22636: 16:18:18.903 - Flushing outbound datagram socket allocator...
22636: 16:18:18.903 - Destroying CLR dispatcher
22636: 16:18:18.903 - Destroying CLR applications
22636: 16:18:18.903 - ~CCLRApplicationCollection() - Waiting up to 10 seconds for the CLR to release all of our objects
22648: 16:18:18.906 - Unloading Domain: ApplicationName = 'PhotonServerDemo', DomainId='2'
20204: 16:18:18.906 - CManagedHost::OnDomainUnload() - 2
22636: 16:18:18.917 - ~CCLRApplicationCollection() - Done. All objects released
22636: 16:18:18.917 - ~CManagedHost() - Release default app domain
22636: 16:18:18.918 - CManagedHost::OnDomainUnload() - 1
22636: 16:18:18.918 - ~CManagedHost() - Waiting up to 10 seconds for CLR shutdown...
22636: 16:18:18.918 - ~CManagedHost
22636: 16:18:18.918 - Destroying ENet thread pool
22636: 16:18:18.918 - Destroying Business logic thread pool
22636: 16:18:18.918 - Destroying I/O thread pool
22636: 16:18:18.918 - Destroying ENet buffer allocator
22636: 16:18:18.918 - Destroying TCP buffer allocator
22636: 16:18:18.918 - Destroying TCP socket allocator
22636: 16:18:18.918 - Destroying ENet inbound socket allocator
22636: 16:18:18.918 - Destroying ENet outbound socket allocator
22636: 16:18:18.918 - Destroying shared datagram flow control data
22636: 16:18:18.918 - Shutdown complete...
22636: 16:18:18.918 - Service shutting down
22636: 16:18:18.922 - Service shut down complete
15872: 16:18:30.897 - ---
15872: 16:18:30.897 - Service: "Photon Socket Server" starting
15872: 16:18:30.897 - Config File: E:\Dev\LarkFramework_V2\Server\PhotonServer\deploy\bin_Win64\PhotonServer.config
15872: 16:18:30.899 - Will produce at most: 10 crash dumps
15872: 16:18:30.899 - Action: run as exe
15872: 16:18:30.899 - Server Starting...
15872: 16:18:30.899 -    Tick count: 26623593 (wraps in: 49.4021 days)
15872: 16:18:30.899 - Tick count 64: 26623593
15872: 16:18:30.899 - Photon Version: 4.0.28.2962
15872: 16:18:30.899 - PID: 6476
15872: 16:18:30.899 - Config File: E:\Dev\LarkFramework_V2\Server\PhotonServer\deploy\bin_Win64\PhotonServer.config
15872: 16:18:30.900 - Will NOT log unimportant exceptions
15872: 16:18:30.902 - Not using performance counters as they are not currently installed. Run the service with /InstallCounters to install them.
15872: 16:18:30.902 - Shutdown timeout enabled: 30000ms
15872: 16:18:30.902 - Starting I/O thread pool with 2 threads
15872: 16:18:30.902 - Using Standard allocator
15872: 16:18:30.902 - Max message size: 512000
15872: 16:18:30.902 - Starting business logic thread pool with the following settings
15872: 16:18:30.902 - InitialThreads: 4 threads
15872: 16:18:30.902 - MinThreads: 4 threads
15872: 16:18:30.902 - Thread pool is fixed size
15872: 16:18:30.902 - Starting ENet thread pool with the following settings
15872: 16:18:30.902 - InitialThreads: 2 threads
15872: 16:18:30.902 - MinThreads: 2 threads
15872: 16:18:30.902 - Thread pool is fixed size
15872: 16:18:30.902 - OnlyDispatchTimers: False
15872: 16:18:30.917 - S2S: flow control: Max pending writes: 50
15872: 16:18:30.917 - S2S: flow control: Max queued buffers: 200
15872: 16:18:30.917 - S2S: flow control: Max pending writes MUX: 500
15872: 16:18:30.917 - S2S: flow control: Max queued buffers MUX: 2000
15872: 16:18:30.917 - S2S: MaxInboundMessageSize: 512000
15872: 16:18:30.917 - S2S: MaxOutboundMessageSize: 512000
15872: 16:18:30.917 - S2S: No inactivity timeout
15872: 16:18:30.925 - WebSocket S2S: MaxInboundMessageSize: 512000
15872: 16:18:30.925 - WebSocket S2S: MaxOutboundMessageSize: 512000
15872: 16:18:30.925 - WebSocket S2S: No inactivity timeout
15872: 16:18:30.925 - Max Reliable Data In Transit (awaiting ACKs) per peer : 51200 bytes
15872: 16:18:30.925 - Per peer bandwidth limit
15872: 16:18:30.925 - Transmit Rate Limit: 256 KB/Sec
15872: 16:18:30.925 - Limit period: 200ms
15872: 16:18:30.925 - Limit per period: 52428 bytes
15872: 16:18:30.925 - Max queued data for transmission per peer: 512000 bytes
15872: 16:18:30.925 - Minimum retransmit timeout: 200
15872: 16:18:30.925 - No Maximum retransmit timeout
15872: 16:18:30.925 - Minimum ENet timeout: 5000ms
15872: 16:18:30.925 - Maximum ENet timeout: 30000ms
15872: 16:18:30.925 - Max Inbound Reliable Data Queued (awaiting resends of earlier sequence numbers) per peer : 163840 bytes
15872: 16:18:30.925 - No RTT ACK adjustment timeout
15872: 16:18:30.926 - Outbound ENet: MaxInboundMessageSize: 512000
15872: 16:18:30.926 - Outbound ENet: MaxOutboundMessageSize: 512000
15872: 16:18:30.927 - GetRuntime - About to load CLR - versions available:
15872: 16:18:30.927 - v2.0.50727
15872: 16:18:30.927 - v4.0.30319
15872: 16:18:30.928 - Configuration requests: "v2.0.50727"
15872: 16:18:30.928 - About to load version: "v2.0.50727"
15872: 16:18:30.932 - About to load runtime: PhotonHostRuntime.PhotonDomainManager from PhotonHostRuntime, Culture=neutral, PublicKeyToken=02C301B61B060C4D
15872: 16:18:30.932 - CLRBaseDirectory set to "E:\Dev\LarkFramework_V2\Server\PhotonServer\deploy"
15872: 16:18:30.933 - Optimising event broadcast for 20 or more peers
15872: 16:18:30.933 - Start: About to load CLR - versions available:
15872: 16:18:30.933 - v2.0.50727
15872: 16:18:30.933 - v4.0.30319
15872: 16:18:30.933 - No preference in configuration file, will load latest.
15872: 16:18:30.933 - About to load version: "v4.0.30319"
15872: 16:18:30.935 - Loaded version: "v4.0.30319"
15872: 16:18:31.103 - Photon host runtime loaded
15872: 16:18:32.943 - License is valid.
15872: 16:18:32.943 - Licensed for 100 concurrent connections.
15872: 16:18:32.943 - ENet: Max Reliable Data In Transit (awaiting ACKs) per peer : 51200 bytes
15872: 16:18:32.943 - ENet: Per peer bandwidth limit
15872: 16:18:32.943 - ENet: Transmit Rate Limit: 256 KB/Sec
15872: 16:18:32.943 - ENet: Limit period: 200ms
15872: 16:18:32.943 - ENet: Limit per period: 52428 bytes
15872: 16:18:32.943 - ENet: Max queued data for transmission per peer: 512000 bytes
15872: 16:18:32.943 - ENet: Minimum retransmit timeout: 200
15872: 16:18:32.943 - No Maximum retransmit timeout
15872: 16:18:32.943 - ENet: Minimum timeout: 5000ms
15872: 16:18:32.943 - ENet: Maximum timeout: 30000ms
15872: 16:18:32.943 - ENet: Max Inbound Reliable Data Queued (awaiting resends of earlier sequence numbers) per peer : 163840 bytes
15872: 16:18:32.943 - No RTT ACK adjustment timeout
15872: 16:18:32.943 - About to load application: PhotonServerDemo from PhotonServerDemo
15872: 16:18:32.943 - Auto restart is enabled for application, existing connections will be terminated during restart
15872: 16:18:32.943 - Application will restart 1000ms after the last change detected
15872: 16:18:32.943 - Application will restart if files matching the following are changed: "dll;config"
15872: 16:18:32.943 - Application will NOT restart if files matching the following are changed: "log4net.config"
15872: 16:18:33.065 - Taking reference on default app domain
15872: 16:18:33.140 - Application: "PhotonServerDemo" started in app domain: 2
15872: 16:18:33.141 - Adding TCP listener on: 0.0.0.0: 4530 with a listen backlog of: 150
15872: 16:18:33.141 - TCP inactivity timeout: 10000ms
15872: 16:18:33.141 - TCP disconnect timeout: 120000ms
15872: 16:18:33.141 - MaxInboundMessageSize: 512000
15872: 16:18:33.141 - MaxOutboundMessageSize: 512000
15872: 16:18:33.141 - Forcing all applications ids to: "PhotonServerDemo"
15872: 16:18:33.141 - Serving policy file requests from: "E:\Dev\LarkFramework_V2\Server\PhotonServer\deploy\Policy\assets\socket-policy.xml"
15872: 16:18:33.141 - Adding TCP listener on: 0.0.0.0: 4520 with a listen backlog of: 150
15872: 16:18:33.141 - TCP inactivity timeout: 5000ms
15872: 16:18:33.141 - TCP disconnect timeout: 120000ms
15872: 16:18:33.141 - MaxInboundMessageSize: 512000
15872: 16:18:33.141 - MaxOutboundMessageSize: 512000
15872: 16:18:33.141 - Forcing all applications ids to: "PhotonServerDemo"
15872: 16:18:33.141 - MaxInboundMessageSize: 512000
15872: 16:18:33.141 - MaxOutboundMessageSize: 512000
15872: 16:18:33.141 - UDP address specified as: "0.0.0.0" adding listener to each available IPv4 address
15872: 16:18:33.142 - Adding UDP listener on: 192.168.28.1: 5055 with a listen backlog of: 500
15872: 16:18:33.142 - Adding UDP listener on: 192.168.237.1: 5055 with a listen backlog of: 500
15872: 16:18:33.142 - Adding UDP listener on: 192.168.16.136: 5055 with a listen backlog of: 500
15872: 16:18:33.142 - Adding UDP listener on: 192.168.123.1: 5055 with a listen backlog of: 500
15872: 16:18:33.142 - Adding UDP listener on: 127.0.0.1: 5055 with a listen backlog of: 500
15872: 16:18:33.181 - Service is running...
23428: 16:25:59.864 - Restarting application: "PhotonServerDemo" due to file changes
23428: 16:25:59.864 - Application: "PhotonServerDemo" restart request (abort existing connections)
23428: 16:25:59.935 - Taking reference on default app domain
23428: 16:26:00.062 - Application: "PhotonServerDemo" started in app domain: 3
23428: 16:26:00.199 - RequestApplicationStop: 2
23428: 16:26:00.203 - Application: "PhotonServerDemo" stopped in app domain: 2 (abort existing connections)
21044: 16:26:00.203 - CManagedHost::OnDefaultAction() - OPR_AppDomainUnload - eUnloadAppDomain
23428: 16:26:00.203 - Application: "PhotonServerDemo" restart complete.
19748: 16:26:00.204 - Unloading Domain: ApplicationName = 'PhotonServerDemo', DomainId='2'
21044: 16:26:00.205 - CManagedHost::OnDomainUnload() - 2
15872: 16:26:06.964 - Service is stopped...
15872: 16:26:06.964 - Server shutting down...
15872: 16:26:06.964 - Shutdown monitoring enabled, 30000ms before process abort
15872: 16:26:06.964 - Notifying CLR applications of shutdown...
15872: 16:26:06.964 - RequestApplicationStop: 3
15872: 16:26:06.982 - RequestStop: defalt app domain
15872: 16:26:06.983 - Shutting down WebSocket Outbound Connection Manager...
15872: 16:26:06.983 - Shutting down TCP Outbound Connection Manager...
15872: 16:26:06.984 - Shutting down ENet Outbound Connection Manager...
15872: 16:26:06.984 - Disconnecting all outbound peers...
15872: 16:26:06.984 - Shutting down ENet host...
15872: 16:26:06.984 - Disconnecting all peers...
15872: 16:26:06.984 - Shutting down socket servers...
15872: 16:26:06.984 - Shutting down ENet thread pool...
15872: 16:26:06.984 - Shutting down TCP inactivity timers...
15872: 16:26:06.984 - WaitingForShutdownToComplete: TCP:0.0.0.0:4520
15872: 16:26:06.984 - OnShutdownCompleted: TCP:0.0.0.0:4520
15872: 16:26:06.984 - WaitingForShutdownToComplete: TCP:0.0.0.0:4530
15872: 16:26:06.984 - OnShutdownCompleted: TCP:0.0.0.0:4530
15872: 16:26:06.984 - WaitingForShutdownToComplete: UDP:127.0.0.1:5055
15872: 16:26:06.984 - OnShutdownCompleted: UDP:127.0.0.1:5055
15872: 16:26:06.984 - WaitingForShutdownToComplete: UDP:192.168.123.1:5055
15872: 16:26:06.984 - OnShutdownCompleted: UDP:192.168.123.1:5055
15872: 16:26:06.984 - WaitingForShutdownToComplete: UDP:192.168.16.136:5055
15872: 16:26:06.984 - OnShutdownCompleted: UDP:192.168.16.136:5055
15872: 16:26:06.984 - WaitingForShutdownToComplete: UDP:192.168.237.1:5055
15872: 16:26:06.984 - OnShutdownCompleted: UDP:192.168.237.1:5055
15872: 16:26:06.984 - WaitingForShutdownToComplete: UDP:192.168.28.1:5055
15872: 16:26:06.984 - OnShutdownCompleted: UDP:192.168.28.1:5055
15872: 16:26:06.984 - Shutting down CLR applications...
15872: 16:26:06.986 - Shutting down business logic thread pool...
21044: 16:26:06.986 - CManagedHost::OnDefaultAction() - OPR_AppDomainUnload - eUnloadAppDomain
15872: 16:26:06.987 - Shutting down I/O thread pool...
15872: 16:26:06.987 - Destroying servers
15872: 16:26:06.987 - Destroying WebSocket Outbound Connection Manager
15872: 16:26:06.987 - Destroying TCP Outbound Connection Manager
15872: 16:26:06.987 - Destroying TCP inactivity timer
15872: 16:26:06.987 - Destroying ENet timer wheel
15872: 16:26:06.987 - Destroying ENet host
15872: 16:26:06.987 - Destroying ENet outbound host
15872: 16:26:06.987 - Destroying HTTP inactivity timer
15872: 16:26:06.987 - Destroying HTTP host
15872: 16:26:06.987 - Destroying HTTP Chunk host
15872: 16:26:06.987 - Flushing ENET buffer allocator...
15872: 16:26:06.990 - Flushing TCP buffer handle allocator...
15872: 16:26:06.990 - Flushing stream socket allocator...
15872: 16:26:06.997 - Flushing inbound datagram socket allocator...
19748: 16:26:06.998 - Unloading Domain: ApplicationName = 'PhotonServerDemo', DomainId='3'
21044: 16:26:06.999 - CManagedHost::OnDomainUnload() - 3
15872: 16:26:07.000 - Flushing outbound datagram socket allocator...
15872: 16:26:07.000 - Destroying CLR dispatcher
15872: 16:26:07.000 - Destroying CLR applications
15872: 16:26:07.000 - ~CCLRApplicationCollection() - Waiting up to 10 seconds for the CLR to release all of our objects
15872: 16:26:07.004 - ~CCLRApplicationCollection() - Done. All objects released
15872: 16:26:07.004 - ~CManagedHost() - Release default app domain
15872: 16:26:07.004 - CManagedHost::OnDomainUnload() - 1
15872: 16:26:07.004 - ~CManagedHost() - Waiting up to 10 seconds for CLR shutdown...
15872: 16:26:07.004 - ~CManagedHost
15872: 16:26:07.004 - Destroying ENet thread pool
15872: 16:26:07.004 - Destroying Business logic thread pool
15872: 16:26:07.004 - Destroying I/O thread pool
15872: 16:26:07.004 - Destroying ENet buffer allocator
15872: 16:26:07.004 - Destroying TCP buffer allocator
15872: 16:26:07.004 - Destroying TCP socket allocator
15872: 16:26:07.004 - Destroying ENet inbound socket allocator
15872: 16:26:07.004 - Destroying ENet outbound socket allocator
15872: 16:26:07.004 - Destroying shared datagram flow control data
15872: 16:26:07.004 - Shutdown complete...
15872: 16:26:07.004 - Service shutting down
15872: 16:26:07.006 - Service shut down complete
18732: 16:26:13.822 - ---
18732: 16:26:13.822 - Service: "Photon Socket Server" starting
18732: 16:26:13.823 - Config File: E:\Dev\LarkFramework_V2\Server\PhotonServer\deploy\bin_Win64\PhotonServer.config
18732: 16:26:13.825 - Will produce at most: 10 crash dumps
18732: 16:26:13.825 - Action: run as exe
18732: 16:26:13.825 - Server Starting...
18732: 16:26:13.825 -    Tick count: 27086531 (wraps in: 49.3968 days)
18732: 16:26:13.825 - Tick count 64: 27086531
18732: 16:26:13.825 - Photon Version: 4.0.28.2962
18732: 16:26:13.825 - PID: 19200
18732: 16:26:13.826 - Config File: E:\Dev\LarkFramework_V2\Server\PhotonServer\deploy\bin_Win64\PhotonServer.config
18732: 16:26:13.826 - Will NOT log unimportant exceptions
18732: 16:26:13.828 - Not using performance counters as they are not currently installed. Run the service with /InstallCounters to install them.
18732: 16:26:13.828 - Shutdown timeout enabled: 30000ms
18732: 16:26:13.828 - Starting I/O thread pool with 2 threads
18732: 16:26:13.829 - Using Standard allocator
18732: 16:26:13.829 - Max message size: 512000
18732: 16:26:13.829 - Starting business logic thread pool with the following settings
18732: 16:26:13.829 - InitialThreads: 4 threads
18732: 16:26:13.829 - MinThreads: 4 threads
18732: 16:26:13.829 - Thread pool is fixed size
18732: 16:26:13.829 - Starting ENet thread pool with the following settings
18732: 16:26:13.829 - InitialThreads: 2 threads
18732: 16:26:13.829 - MinThreads: 2 threads
18732: 16:26:13.829 - Thread pool is fixed size
18732: 16:26:13.829 - OnlyDispatchTimers: False
18732: 16:26:13.829 - S2S: flow control: Max pending writes: 50
18732: 16:26:13.829 - S2S: flow control: Max queued buffers: 200
18732: 16:26:13.829 - S2S: flow control: Max pending writes MUX: 500
18732: 16:26:13.829 - S2S: flow control: Max queued buffers MUX: 2000
18732: 16:26:13.829 - S2S: MaxInboundMessageSize: 512000
18732: 16:26:13.829 - S2S: MaxOutboundMessageSize: 512000
18732: 16:26:13.829 - S2S: No inactivity timeout
18732: 16:26:13.836 - WebSocket S2S: MaxInboundMessageSize: 512000
18732: 16:26:13.836 - WebSocket S2S: MaxOutboundMessageSize: 512000
18732: 16:26:13.836 - WebSocket S2S: No inactivity timeout
18732: 16:26:13.836 - Max Reliable Data In Transit (awaiting ACKs) per peer : 51200 bytes
18732: 16:26:13.836 - Per peer bandwidth limit
18732: 16:26:13.836 - Transmit Rate Limit: 256 KB/Sec
18732: 16:26:13.836 - Limit period: 200ms
18732: 16:26:13.836 - Limit per period: 52428 bytes
18732: 16:26:13.836 - Max queued data for transmission per peer: 512000 bytes
18732: 16:26:13.836 - Minimum retransmit timeout: 200
18732: 16:26:13.837 - No Maximum retransmit timeout
18732: 16:26:13.837 - Minimum ENet timeout: 5000ms
18732: 16:26:13.837 - Maximum ENet timeout: 30000ms
18732: 16:26:13.837 - Max Inbound Reliable Data Queued (awaiting resends of earlier sequence numbers) per peer : 163840 bytes
18732: 16:26:13.837 - No RTT ACK adjustment timeout
18732: 16:26:13.837 - Outbound ENet: MaxInboundMessageSize: 512000
18732: 16:26:13.837 - Outbound ENet: MaxOutboundMessageSize: 512000
18732: 16:26:13.838 - GetRuntime - About to load CLR - versions available:
18732: 16:26:13.838 - v2.0.50727
18732: 16:26:13.838 - v4.0.30319
18732: 16:26:13.838 - Configuration requests: "v2.0.50727"
18732: 16:26:13.838 - About to load version: "v2.0.50727"
18732: 16:26:13.844 - About to load runtime: PhotonHostRuntime.PhotonDomainManager from PhotonHostRuntime, Culture=neutral, PublicKeyToken=02C301B61B060C4D
18732: 16:26:13.844 - CLRBaseDirectory set to "E:\Dev\LarkFramework_V2\Server\PhotonServer\deploy"
18732: 16:26:13.844 - Optimising event broadcast for 20 or more peers
18732: 16:26:13.845 - Start: About to load CLR - versions available:
18732: 16:26:13.845 - v2.0.50727
18732: 16:26:13.845 - v4.0.30319
18732: 16:26:13.845 - No preference in configuration file, will load latest.
18732: 16:26:13.845 - About to load version: "v4.0.30319"
18732: 16:26:13.848 - Loaded version: "v4.0.30319"
18732: 16:26:14.003 - Photon host runtime loaded
18732: 16:26:15.789 - License is valid.
18732: 16:26:15.790 - Licensed for 100 concurrent connections.
18732: 16:26:15.790 - ENet: Max Reliable Data In Transit (awaiting ACKs) per peer : 51200 bytes
18732: 16:26:15.790 - ENet: Per peer bandwidth limit
18732: 16:26:15.790 - ENet: Transmit Rate Limit: 256 KB/Sec
18732: 16:26:15.790 - ENet: Limit period: 200ms
18732: 16:26:15.790 - ENet: Limit per period: 52428 bytes
18732: 16:26:15.790 - ENet: Max queued data for transmission per peer: 512000 bytes
18732: 16:26:15.790 - ENet: Minimum retransmit timeout: 200
18732: 16:26:15.790 - No Maximum retransmit timeout
18732: 16:26:15.790 - ENet: Minimum timeout: 5000ms
18732: 16:26:15.790 - ENet: Maximum timeout: 30000ms
18732: 16:26:15.790 - ENet: Max Inbound Reliable Data Queued (awaiting resends of earlier sequence numbers) per peer : 163840 bytes
18732: 16:26:15.790 - No RTT ACK adjustment timeout
18732: 16:26:15.790 - About to load application: PhotonServerDemo from PhotonServerDemo
18732: 16:26:15.790 - Auto restart is enabled for application, existing connections will be terminated during restart
18732: 16:26:15.790 - Application will restart 1000ms after the last change detected
18732: 16:26:15.790 - Application will restart if files matching the following are changed: "dll;config"
18732: 16:26:15.790 - Application will NOT restart if files matching the following are changed: "log4net.config"
18732: 16:26:15.873 - Taking reference on default app domain
18732: 16:26:15.939 - Application: "PhotonServerDemo" started in app domain: 2
18732: 16:26:15.939 - Adding TCP listener on: 0.0.0.0: 4530 with a listen backlog of: 150
18732: 16:26:15.939 - TCP inactivity timeout: 10000ms
18732: 16:26:15.939 - TCP disconnect timeout: 120000ms
18732: 16:26:15.939 - MaxInboundMessageSize: 512000
18732: 16:26:15.939 - MaxOutboundMessageSize: 512000
18732: 16:26:15.939 - Forcing all applications ids to: "PhotonServerDemo"
18732: 16:26:15.939 - Serving policy file requests from: "E:\Dev\LarkFramework_V2\Server\PhotonServer\deploy\Policy\assets\socket-policy.xml"
18732: 16:26:15.939 - Adding TCP listener on: 0.0.0.0: 4520 with a listen backlog of: 150
18732: 16:26:15.939 - TCP inactivity timeout: 5000ms
18732: 16:26:15.939 - TCP disconnect timeout: 120000ms
18732: 16:26:15.939 - MaxInboundMessageSize: 512000
18732: 16:26:15.939 - MaxOutboundMessageSize: 512000
18732: 16:26:15.939 - Forcing all applications ids to: "PhotonServerDemo"
18732: 16:26:15.939 - MaxInboundMessageSize: 512000
18732: 16:26:15.939 - MaxOutboundMessageSize: 512000
18732: 16:26:15.939 - UDP address specified as: "0.0.0.0" adding listener to each available IPv4 address
18732: 16:26:15.939 - Adding UDP listener on: 192.168.28.1: 5055 with a listen backlog of: 500
18732: 16:26:15.940 - Adding UDP listener on: 192.168.237.1: 5055 with a listen backlog of: 500
18732: 16:26:15.940 - Adding UDP listener on: 192.168.16.136: 5055 with a listen backlog of: 500
18732: 16:26:15.940 - Adding UDP listener on: 192.168.123.1: 5055 with a listen backlog of: 500
18732: 16:26:15.940 - Adding UDP listener on: 127.0.0.1: 5055 with a listen backlog of: 500
18732: 16:26:15.964 - Service is running...
14776: 17:11:42.309 - Restarting application: "PhotonServerDemo" due to file changes
14776: 17:11:42.309 - Application: "PhotonServerDemo" restart request (abort existing connections)
14776: 17:11:42.455 - Taking reference on default app domain
14776: 17:11:42.763 - Application: "PhotonServerDemo" started in app domain: 3
14776: 17:11:42.883 - RequestApplicationStop: 2
14776: 17:11:42.887 - Application: "PhotonServerDemo" stopped in app domain: 2 (abort existing connections)
14776: 17:11:42.887 - Application: "PhotonServerDemo" restart complete.
22168: 17:11:42.888 - CManagedHost::OnDefaultAction() - OPR_AppDomainUnload - eUnloadAppDomain
21600: 17:11:42.890 - Unloading Domain: ApplicationName = 'PhotonServerDemo', DomainId='2'
22168: 17:11:42.890 - CManagedHost::OnDomainUnload() - 2
14776: 19:10:14.686 - Restarting application: "PhotonServerDemo" due to file changes
14776: 19:10:14.686 - Application: "PhotonServerDemo" restart request (abort existing connections)
14776: 19:10:14.823 - Taking reference on default app domain
14776: 19:10:14.946 - Application: "PhotonServerDemo" started in app domain: 4
14776: 19:10:15.058 - RequestApplicationStop: 3
14776: 19:10:15.078 - Application: "PhotonServerDemo" stopped in app domain: 3 (abort existing connections)
14776: 19:10:15.078 - Application: "PhotonServerDemo" restart complete.
22168: 19:10:15.078 - CManagedHost::OnDefaultAction() - OPR_AppDomainUnload - eUnloadAppDomain
21600: 19:10:15.081 - Unloading Domain: ApplicationName = 'PhotonServerDemo', DomainId='3'
22168: 19:10:15.081 - CManagedHost::OnDomainUnload() - 3
14776: 19:47:36.689 - Restarting application: "PhotonServerDemo" due to file changes
14776: 19:47:36.689 - Application: "PhotonServerDemo" restart request (abort existing connections)
14776: 19:47:36.801 - Taking reference on default app domain
14776: 19:47:36.877 - Application: "PhotonServerDemo" started in app domain: 5
14776: 19:47:36.979 - RequestApplicationStop: 4
14776: 19:47:36.993 - Application: "PhotonServerDemo" stopped in app domain: 4 (abort existing connections)
22168: 19:47:36.993 - CManagedHost::OnDefaultAction() - OPR_AppDomainUnload - eUnloadAppDomain
14776: 19:47:36.993 - Application: "PhotonServerDemo" restart complete.
21600: 19:47:36.995 - Unloading Domain: ApplicationName = 'PhotonServerDemo', DomainId='4'
22168: 19:47:36.995 - CManagedHost::OnDomainUnload() - 4
18732: 21:37:19.992 - Service is stopped...
18732: 21:37:19.993 - Server shutting down...
18732: 21:37:19.993 - Shutdown monitoring enabled, 30000ms before process abort
18732: 21:37:20.027 - Notifying CLR applications of shutdown...
18732: 21:37:20.027 - RequestApplicationStop: 5
18732: 21:37:20.074 - RequestStop: defalt app domain
18732: 21:37:20.086 - Shutting down WebSocket Outbound Connection Manager...
18732: 21:37:20.099 - Shutting down TCP Outbound Connection Manager...
18732: 21:37:20.142 - Shutting down ENet Outbound Connection Manager...
18732: 21:37:20.142 - Disconnecting all outbound peers...
18732: 21:37:20.159 - Shutting down ENet host...
18732: 21:37:20.159 - Disconnecting all peers...
18732: 21:37:20.159 - Shutting down socket servers...
18732: 21:37:20.159 - Shutting down ENet thread pool...
18732: 21:37:20.160 - Shutting down TCP inactivity timers...
18732: 21:37:20.161 - WaitingForShutdownToComplete: TCP:0.0.0.0:4520
18732: 21:37:20.161 - OnShutdownCompleted: TCP:0.0.0.0:4520
18732: 21:37:20.161 - WaitingForShutdownToComplete: TCP:0.0.0.0:4530
18732: 21:37:20.161 - OnShutdownCompleted: TCP:0.0.0.0:4530
18732: 21:37:20.161 - WaitingForShutdownToComplete: UDP:127.0.0.1:5055
18732: 21:37:20.161 - OnShutdownCompleted: UDP:127.0.0.1:5055
18732: 21:37:20.161 - WaitingForShutdownToComplete: UDP:192.168.123.1:5055
18732: 21:37:20.161 - OnShutdownCompleted: UDP:192.168.123.1:5055
18732: 21:37:20.161 - WaitingForShutdownToComplete: UDP:192.168.16.136:5055
18732: 21:37:20.161 - OnShutdownCompleted: UDP:192.168.16.136:5055
18732: 21:37:20.161 - WaitingForShutdownToComplete: UDP:192.168.237.1:5055
18732: 21:37:20.161 - OnShutdownCompleted: UDP:192.168.237.1:5055
18732: 21:37:20.161 - WaitingForShutdownToComplete: UDP:192.168.28.1:5055
18732: 21:37:20.161 - OnShutdownCompleted: UDP:192.168.28.1:5055
18732: 21:37:20.162 - Shutting down CLR applications...
18732: 21:37:20.165 - Shutting down business logic thread pool...
22168: 21:37:20.165 - CManagedHost::OnDefaultAction() - OPR_AppDomainUnload - eUnloadAppDomain
18732: 21:37:20.165 - Shutting down I/O thread pool...
18732: 21:37:20.165 - Destroying servers
18732: 21:37:20.166 - Destroying WebSocket Outbound Connection Manager
21600: 21:37:20.174 - Unloading Domain: ApplicationName = 'PhotonServerDemo', DomainId='5'
22168: 21:37:20.175 - CManagedHost::OnDomainUnload() - 5
18732: 21:37:20.185 - Destroying TCP Outbound Connection Manager
18732: 21:37:20.185 - Destroying TCP inactivity timer
18732: 21:37:20.185 - Destroying ENet timer wheel
18732: 21:37:20.185 - Destroying ENet host
18732: 21:37:20.185 - Destroying ENet outbound host
18732: 21:37:20.185 - Destroying HTTP inactivity timer
18732: 21:37:20.185 - Destroying HTTP host
18732: 21:37:20.185 - Destroying HTTP Chunk host
18732: 21:37:20.185 - Flushing ENET buffer allocator...
18732: 21:37:20.187 - Flushing TCP buffer handle allocator...
18732: 21:37:20.187 - Flushing stream socket allocator...
18732: 21:37:20.187 - Flushing inbound datagram socket allocator...
18732: 21:37:20.189 - Flushing outbound datagram socket allocator...
18732: 21:37:20.189 - Destroying CLR dispatcher
18732: 21:37:20.189 - Destroying CLR applications
18732: 21:37:20.201 - ~CCLRApplicationCollection() - Waiting up to 10 seconds for the CLR to release all of our objects
18732: 21:37:20.201 - ~CCLRApplicationCollection() - Done. All objects released
18732: 21:37:20.202 - ~CManagedHost() - Release default app domain
18732: 21:37:20.202 - CManagedHost::OnDomainUnload() - 1
18732: 21:37:20.202 - ~CManagedHost() - Waiting up to 10 seconds for CLR shutdown...
18732: 21:37:20.203 - ~CManagedHost
18732: 21:37:20.203 - Destroying ENet thread pool
18732: 21:37:20.203 - Destroying Business logic thread pool
18732: 21:37:20.203 - Destroying I/O thread pool
18732: 21:37:20.203 - Destroying ENet buffer allocator
18732: 21:37:20.203 - Destroying TCP buffer allocator
18732: 21:37:20.203 - Destroying TCP socket allocator
18732: 21:37:20.203 - Destroying ENet inbound socket allocator
18732: 21:37:20.203 - Destroying ENet outbound socket allocator
18732: 21:37:20.203 - Destroying shared datagram flow control data
18732: 21:37:20.205 - Shutdown complete...
18732: 21:37:20.205 - Service shutting down
18732: 21:37:20.217 - Service shut down complete
