2924: 20:31:30.242 - ---
2924: 20:31:30.242 - Service: "Photon Socket Server" starting
2924: 20:31:30.243 - Config File: E:\Dev\MMORPGDemo\Server\PhotonServer\deploy\bin_Win64\PhotonServer.config
2924: 20:31:30.245 - Will produce at most: 10 crash dumps
2924: 20:31:30.245 - Action: run as exe
2924: 20:31:30.246 - 
2924: 20:31:30.246 - ERROR: ***************************************************************
2924: 20:31:30.246 - ERROR: Only one copy of "PhotonServerDemo" can run at a time
2924: 20:31:30.246 - ERROR: ***************************************************************
2924: 20:31:30.246 - 
2924: 20:31:30.246 - MessageBox: Photon Socket Server: PhotonServerDemo - 4.0.28.2962

Only one copy of "PhotonServerDemo" can run at a time
2924: 20:31:33.587 - Service shutting down: instance already running. Errorcode: 100
2924: 20:31:33.588 - Service shut down complete
23524: 20:31:37.181 - ---
23524: 20:31:37.181 - Service: "Photon Socket Server" starting
23524: 20:31:37.181 - Config File: E:\Dev\MMORPGDemo\Server\PhotonServer\deploy\bin_Win64\PhotonServer.config
23524: 20:31:37.184 - Will produce at most: 10 crash dumps
23524: 20:31:37.184 - Action: run as exe
23524: 20:31:37.184 - 
23524: 20:31:37.184 - ERROR: ***************************************************************
23524: 20:31:37.184 - ERROR: Only one copy of "PhotonServerDemo" can run at a time
23524: 20:31:37.184 - ERROR: ***************************************************************
23524: 20:31:37.184 - 
23524: 20:31:37.184 - MessageBox: Photon Socket Server: PhotonServerDemo - 4.0.28.2962

Only one copy of "PhotonServerDemo" can run at a time
23524: 20:31:41.580 - Service shutting down: instance already running. Errorcode: 100
23524: 20:31:41.583 - Service shut down complete
