13724: 19:30:47.388 - ---
13724: 19:30:47.388 - Service: "Photon Socket Server" starting
13724: 19:30:47.388 - Config File: E:\Dev\MMORPGDemo\Server\PhotonServer\deploy\bin_Win64\PhotonServer.config
13724: 19:30:47.391 - Will produce at most: 10 crash dumps
13724: 19:30:47.391 - Service shutting down
13724: 19:30:47.392 - Service shut down complete
6512: 19:33:45.301 - ---
6512: 19:33:45.301 - Service: "Photon Socket Server" starting
6512: 19:33:45.301 - Config File: E:\Dev\MMORPGDemo\Server\PhotonServer\deploy\bin_Win64\PhotonServer.config
6512: 19:33:45.306 - Will produce at most: 10 crash dumps
6512: 19:33:45.306 - Service shutting down
6512: 19:33:45.308 - Service shut down complete
15072: 19:34:57.226 - ---
15072: 19:34:57.226 - Service: "Photon Socket Server" starting
15072: 19:34:57.226 - Config File: E:\Dev\MMORPGDemo\Server\PhotonServer\deploy\bin_Win64\PhotonServer.config
15072: 19:34:57.229 - Will produce at most: 10 crash dumps
15072: 19:34:57.229 - Service shutting down
15072: 19:34:57.230 - Service shut down complete
11784: 19:45:46.310 - ---
11784: 19:45:46.310 - Service: "Photon Socket Server" starting
11784: 19:45:46.311 - Config File: E:\Dev\MMORPGDemo\Server\PhotonServer\deploy\bin_Win64\PhotonServer.config
11784: 19:45:46.314 - Will produce at most: 10 crash dumps
11784: 19:45:46.314 - Service shutting down
11784: 19:45:46.315 - Service shut down complete
22648: 19:47:53.903 - ---
22648: 19:47:53.903 - Service: "Photon Socket Server" starting
22648: 19:47:53.903 - Config File: E:\Dev\MMORPGDemo\Server\PhotonServer\deploy\bin_Win64\PhotonServer.config
22648: 19:47:53.906 - Will produce at most: 10 crash dumps
22648: 19:47:53.906 - Service shutting down
22648: 19:47:53.907 - Service shut down complete
22028: 19:51:11.191 - ---
22028: 19:51:11.191 - Service: "Photon Socket Server" starting
22028: 19:51:11.191 - Config File: E:\Dev\MMORPGDemo\Server\PhotonServer\deploy\bin_Win64\PhotonServer.config
22028: 19:51:11.194 - Will produce at most: 10 crash dumps
22028: 19:51:11.194 - Service shutting down
22028: 19:51:11.195 - Service shut down complete
8980: 19:58:16.375 - ---
8980: 19:58:16.375 - Service: "Photon Socket Server" starting
8980: 19:58:16.376 - Config File: E:\Dev\MMORPGDemo\Server\PhotonServer\deploy\bin_Win64\PhotonServer.config
8980: 19:58:16.378 - Will produce at most: 10 crash dumps
8980: 19:58:16.379 - Service shutting down
8980: 19:58:16.380 - Service shut down complete
23056: 19:59:02.616 - ---
23056: 19:59:02.616 - Service: "Photon Socket Server" starting
23056: 19:59:02.616 - Config File: E:\Dev\MMORPGDemo\Server\PhotonServer\deploy\bin_Win64\PhotonServer.config
23056: 19:59:02.619 - Will produce at most: 10 crash dumps
23056: 19:59:02.619 - Service shutting down
23056: 19:59:02.623 - Service shut down complete
22732: 20:10:22.846 - ---
22732: 20:10:22.846 - Service: "Photon Socket Server" starting
22732: 20:10:22.846 - Config File: E:\Dev\MMORPGDemo\Server\PhotonServer\deploy\bin_Win64\PhotonServer.config
22732: 20:10:22.848 - Will produce at most: 10 crash dumps
22732: 20:10:22.849 - Service shutting down
22732: 20:10:22.850 - Service shut down complete
