15332: 13:30:40.157 - ---
15332: 13:30:40.157 - Service: "Photon Socket Server" starting
15332: 13:30:40.158 - Config File: E:\Dev\MMORPGDemo\Server\PhotonServer\deploy\bin_Win64\PhotonServer.config
15332: 13:30:40.160 - Will produce at most: 10 crash dumps
15332: 13:30:40.160 - Service shutting down
15332: 13:30:40.162 - Service shut down complete
10660: 14:09:28.866 - ---
10660: 14:09:28.866 - Service: "Photon Socket Server" starting
10660: 14:09:28.867 - Config File: E:\Dev\MMORPGDemo\Server\PhotonServer\deploy\bin_Win64\PhotonServer.config
10660: 14:09:28.869 - Will produce at most: 10 crash dumps
10660: 14:09:28.869 - Service shutting down
10660: 14:09:28.870 - Service shut down complete
17680: 14:12:59.186 - ---
17680: 14:12:59.186 - Service: "Photon Socket Server" starting
17680: 14:12:59.186 - Config File: E:\Dev\MMORPGDemo\Server\PhotonServer\deploy\bin_Win64\PhotonServer.config
17680: 14:12:59.188 - Will produce at most: 10 crash dumps
17680: 14:12:59.188 - Service shutting down
17680: 14:12:59.189 - Service shut down complete
11336: 14:13:13.877 - ---
11336: 14:13:13.877 - Service: "Photon Socket Server" starting
11336: 14:13:13.877 - Config File: E:\Dev\MMORPGDemo\Server\PhotonServer\deploy\bin_Win64\PhotonServer.config
11336: 14:13:13.879 - Will produce at most: 10 crash dumps
11336: 14:13:13.880 - Service shutting down
11336: 14:13:13.881 - Service shut down complete
3836: 14:15:14.936 - ---
3836: 14:15:14.936 - Service: "Photon Socket Server" starting
3836: 14:15:14.936 - Config File: E:\Dev\MMORPGDemo\Server\PhotonServer\deploy\bin_Win64\PhotonServer.config
3836: 14:15:14.938 - Will produce at most: 10 crash dumps
3836: 14:15:14.939 - Service shutting down
3836: 14:15:14.939 - Service shut down complete
15912: 14:27:35.784 - ---
15912: 14:27:35.784 - Service: "Photon Socket Server" starting
15912: 14:27:35.785 - Config File: E:\Dev\MMORPGDemo\Server\PhotonServer\deploy\bin_Win64\PhotonServer.config
15912: 14:27:35.787 - Will produce at most: 10 crash dumps
15912: 14:27:35.787 - Service shutting down
15912: 14:27:35.788 - Service shut down complete
13176: 14:35:42.122 - ---
13176: 14:35:42.122 - Service: "Photon Socket Server" starting
13176: 14:35:42.122 - Config File: E:\Dev\MMORPGDemo\Server\PhotonServer\deploy\bin_Win64\PhotonServer.config
13176: 14:35:42.125 - Will produce at most: 10 crash dumps
13176: 14:35:42.125 - Service shutting down
13176: 14:35:42.126 - Service shut down complete
7920: 14:39:58.432 - ---
7920: 14:39:58.432 - Service: "Photon Socket Server" starting
7920: 14:39:58.432 - Config File: E:\Dev\MMORPGDemo\Server\PhotonServer\deploy\bin_Win64\PhotonServer.config
7920: 14:39:58.434 - Will produce at most: 10 crash dumps
7920: 14:39:58.435 - Service shutting down
7920: 14:39:58.436 - Service shut down complete
18420: 14:40:11.262 - ---
18420: 14:40:11.262 - Service: "Photon Socket Server" starting
18420: 14:40:11.262 - Config File: E:\Dev\MMORPGDemo\Server\PhotonServer\deploy\bin_Win64\PhotonServer.config
18420: 14:40:11.264 - Will produce at most: 10 crash dumps
18420: 14:40:11.264 - Service shutting down
18420: 14:40:11.265 - Service shut down complete
17832: 14:42:11.500 - ---
17832: 14:42:11.500 - Service: "Photon Socket Server" starting
17832: 14:42:11.500 - Config File: E:\Dev\MMORPGDemo\Server\PhotonServer\deploy\bin_Win64\PhotonServer.config
17832: 14:42:11.503 - Will produce at most: 10 crash dumps
17832: 14:42:11.503 - Service shutting down
17832: 14:42:11.504 - Service shut down complete
14968: 16:48:53.871 - ---
14968: 16:48:53.871 - Service: "Photon Socket Server" starting
14968: 16:48:53.872 - Config File: E:\Dev\MMORPGDemo\Server\PhotonServer\deploy\bin_Win64\PhotonServer.config
14968: 16:48:53.874 - Will produce at most: 10 crash dumps
14968: 16:48:53.874 - Service shutting down
14968: 16:48:53.876 - Service shut down complete
6196: 16:54:33.453 - ---
6196: 16:54:33.453 - Service: "Photon Socket Server" starting
6196: 16:54:33.453 - Config File: E:\Dev\MMORPGDemo\Server\PhotonServer\deploy\bin_Win64\PhotonServer.config
6196: 16:54:33.455 - Will produce at most: 10 crash dumps
6196: 16:54:33.455 - Service shutting down
6196: 16:54:33.458 - Service shut down complete
18732: 16:56:48.686 - ---
18732: 16:56:48.686 - Service: "Photon Socket Server" starting
18732: 16:56:48.686 - Config File: E:\Dev\MMORPGDemo\Server\PhotonServer\deploy\bin_Win64\PhotonServer.config
18732: 16:56:48.689 - Will produce at most: 10 crash dumps
18732: 16:56:48.689 - Service shutting down
18732: 16:56:48.692 - Service shut down complete
9264: 17:00:23.695 - ---
9264: 17:00:23.695 - Service: "Photon Socket Server" starting
9264: 17:00:23.695 - Config File: E:\Dev\MMORPGDemo\Server\PhotonServer\deploy\bin_Win64\PhotonServer.config
9264: 17:00:23.698 - Will produce at most: 10 crash dumps
9264: 17:00:23.698 - Service shutting down
9264: 17:00:23.700 - Service shut down complete
6844: 17:03:11.902 - ---
6844: 17:03:11.902 - Service: "Photon Socket Server" starting
6844: 17:03:11.902 - Config File: E:\Dev\MMORPGDemo\Server\PhotonServer\deploy\bin_Win64\PhotonServer.config
6844: 17:03:11.905 - Will produce at most: 10 crash dumps
6844: 17:03:11.905 - Service shutting down
6844: 17:03:11.906 - Service shut down complete
14448: 17:08:39.332 - ---
14448: 17:08:39.332 - Service: "Photon Socket Server" starting
14448: 17:08:39.333 - Config File: E:\Dev\MMORPGDemo\Server\PhotonServer\deploy\bin_Win64\PhotonServer.config
14448: 17:08:39.335 - Will produce at most: 10 crash dumps
14448: 17:08:39.335 - Service shutting down
14448: 17:08:39.336 - Service shut down complete
17844: 19:14:20.388 - ---
17844: 19:14:20.388 - Service: "Photon Socket Server" starting
17844: 19:14:20.389 - Config File: E:\Dev\MMORPGDemo\Server\PhotonServer\deploy\bin_Win64\PhotonServer.config
17844: 19:14:20.391 - Will produce at most: 10 crash dumps
17844: 19:14:20.391 - Service shutting down
17844: 19:14:20.392 - Service shut down complete
16780: 19:21:34.461 - ---
16780: 19:21:34.461 - Service: "Photon Socket Server" starting
16780: 19:21:34.461 - Config File: E:\Dev\MMORPGDemo\Server\PhotonServer\deploy\bin_Win64\PhotonServer.config
16780: 19:21:34.464 - Will produce at most: 10 crash dumps
16780: 19:21:34.464 - Service shutting down
16780: 19:21:34.466 - Service shut down complete
1236: 19:28:31.315 - ---
1236: 19:28:31.315 - Service: "Photon Socket Server" starting
1236: 19:28:31.315 - Config File: E:\Dev\MMORPGDemo\Server\PhotonServer\deploy\bin_Win64\PhotonServer.config
1236: 19:28:31.317 - Will produce at most: 10 crash dumps
1236: 19:28:31.317 - Service shutting down
1236: 19:28:31.318 - Service shut down complete
